#
# There is insufficient memory for the Java Runtime Environment to continue.
# Native memory allocation (malloc) failed to allocate 1078656 bytes. Error detail: Chunk::new
# Possible reasons:
#   The system is out of physical RAM or swap space
#   This process is running with CompressedOops enabled, and the Java Heap may be blocking the growth of the native heap
# Possible solutions:
#   Reduce memory load on the system
#   Increase physical memory or swap space
#   Check if swap backing store is full
#   Decrease Java heap size (-Xmx/-Xms)
#   Decrease number of Java threads
#   Decrease Java thread stack sizes (-Xss)
#   Set larger code cache with -XX:ReservedCodeCacheSize=
#   JVM is running with Unscaled Compressed Oops mode in which the Java heap is
#     placed in the first 4GB address space. The Java Heap base address is the
#     maximum limit for the native heap growth. Please use -XX:HeapBaseMinAddress
#     to set the Java Heap base and to place the Java Heap above 4GB virtual address.
# This output file may be truncated or incomplete.
#
#  Out of Memory Error (arena.cpp:191), pid=1772, tid=19560
#
# JRE version: OpenJDK Runtime Environment Temurin-17.0.17+10 (17.0.17+10) (build 17.0.17+10)
# Java VM: OpenJDK 64-Bit Server VM Temurin-17.0.17+10 (17.0.17+10, mixed mode, sharing, tiered, compressed oops, compressed class ptrs, g1 gc, windows-amd64)
# No core dump will be written. Minidumps are not enabled by default on client versions of Windows
#

---------------  S U M M A R Y ------------

Command Line: C:\Users\patri\AppData\Local\Temp\surefire13744766019541239132\surefirebooter-20260710180123065_3.jar C:\Users\patri\AppData\Local\Temp\surefire13744766019541239132 2026-07-10T18-01-22_724-jvmRun1 surefire-20260710180123065_1tmp surefire_0-20260710180123065_2tmp

Host: Intel(R) Core(TM) i5-8300H CPU @ 2.30GHz, 8 cores, 7G,  Windows 11 , 64 bit Build 26100 (10.0.26100.8521)
Time: Fri Jul 10 18:01:26 2026 Hora est. Sudamérica Pacífico elapsed time: 3.239129 seconds (0d 0h 0m 3s)

---------------  T H R E A D  ---------------

Current thread (0x0000018a6a1b7670):  JavaThread "C2 CompilerThread1" daemon [_thread_in_native, id=19560, stack(0x0000000ea1c00000,0x0000000ea1d00000)]


Current CompileTask:
C2:3239 2421       4       jdk.internal.org.objectweb.asm.SymbolTable::addConstantMemberReference (147 bytes)

Stack: [0x0000000ea1c00000,0x0000000ea1d00000]
Native frames: (J=compiled Java code, j=interpreted, Vv=VM code, C=native code)
V  [jvm.dll+0x683fb9]
V  [jvm.dll+0x83a1b5]
V  [jvm.dll+0x83bc2e]
V  [jvm.dll+0x83c2b3]
V  [jvm.dll+0x248eff]
V  [jvm.dll+0xad496]
V  [jvm.dll+0xadb3c]
V  [jvm.dll+0x2b05df]
V  [jvm.dll+0x58a5b5]
V  [jvm.dll+0x222e84]
V  [jvm.dll+0x21b98f]
V  [jvm.dll+0x2190fe]
V  [jvm.dll+0x1a4920]
V  [jvm.dll+0x22989a]
V  [jvm.dll+0x227a4b]
V  [jvm.dll+0x7effb8]
V  [jvm.dll+0x7ea44c]
V  [jvm.dll+0x682e87]
C  [ucrtbase.dll+0x2cd30]
C  [KERNEL32.DLL+0x2e957]
C  [ntdll.dll+0x87c1c]


---------------  P R O C E S S  ---------------

Threads class SMR info:
_java_thread_list=0x0000018a6b2b7020, length=18, elements={
0x0000018a479bb400, 0x0000018a65d4bef0, 0x0000018a65d4c9c0, 0x0000018a65d66ed0,
0x0000018a65d677a0, 0x0000018a65d68070, 0x0000018a65d6a950, 0x0000018a65d75570,
0x0000018a65d79430, 0x0000018a65d79d40, 0x0000018a6a10e080, 0x0000018a6a1131d0,
0x0000018a6a1b7670, 0x0000018a6a497750, 0x0000018a6a570120, 0x0000018a6a4b6b20,
0x0000018a6b1efa80, 0x0000018a6b1f0ec0
}

Java Threads: ( => current thread )
  0x0000018a479bb400 JavaThread "main" [_thread_in_vm, id=24872, stack(0x0000000ea0900000,0x0000000ea0a00000)]
  0x0000018a65d4bef0 JavaThread "Reference Handler" daemon [_thread_blocked, id=22596, stack(0x0000000ea1000000,0x0000000ea1100000)]
  0x0000018a65d4c9c0 JavaThread "Finalizer" daemon [_thread_blocked, id=20056, stack(0x0000000ea1100000,0x0000000ea1200000)]
  0x0000018a65d66ed0 JavaThread "Signal Dispatcher" daemon [_thread_blocked, id=19924, stack(0x0000000ea1200000,0x0000000ea1300000)]
  0x0000018a65d677a0 JavaThread "Attach Listener" daemon [_thread_blocked, id=28624, stack(0x0000000ea1300000,0x0000000ea1400000)]
  0x0000018a65d68070 JavaThread "Service Thread" daemon [_thread_blocked, id=24040, stack(0x0000000ea1400000,0x0000000ea1500000)]
  0x0000018a65d6a950 JavaThread "Monitor Deflation Thread" daemon [_thread_blocked, id=27012, stack(0x0000000ea1500000,0x0000000ea1600000)]
  0x0000018a65d75570 JavaThread "C2 CompilerThread0" daemon [_thread_in_native, id=20208, stack(0x0000000ea1600000,0x0000000ea1700000)]
  0x0000018a65d79430 JavaThread "C1 CompilerThread0" daemon [_thread_in_native, id=6176, stack(0x0000000ea1700000,0x0000000ea1800000)]
  0x0000018a65d79d40 JavaThread "Sweeper thread" daemon [_thread_blocked, id=9496, stack(0x0000000ea1800000,0x0000000ea1900000)]
  0x0000018a6a10e080 JavaThread "Notification Thread" daemon [_thread_blocked, id=15492, stack(0x0000000ea1900000,0x0000000ea1a00000)]
  0x0000018a6a1131d0 JavaThread "Common-Cleaner" daemon [_thread_blocked, id=19504, stack(0x0000000ea1b00000,0x0000000ea1c00000)]
=>0x0000018a6a1b7670 JavaThread "C2 CompilerThread1" daemon [_thread_in_native, id=19560, stack(0x0000000ea1c00000,0x0000000ea1d00000)]
  0x0000018a6a497750 JavaThread "surefire-forkedjvm-stream-flusher" daemon [_thread_blocked, id=24244, stack(0x0000000ea1d00000,0x0000000ea1e00000)]
  0x0000018a6a570120 JavaThread "surefire-forkedjvm-command-thread" daemon [_thread_in_native, id=28604, stack(0x0000000ea1e00000,0x0000000ea1f00000)]
  0x0000018a6a4b6b20 JavaThread "C2 CompilerThread2" daemon [_thread_in_native, id=17500, stack(0x0000000ea1f00000,0x0000000ea2000000)]
  0x0000018a6b1efa80 JavaThread "background-preinit" [_thread_in_vm, id=25292, stack(0x0000000ea2800000,0x0000000ea2900000)]
  0x0000018a6b1f0ec0 JavaThread "Thread-1" [_thread_in_Java, id=28240, stack(0x0000000ea2900000,0x0000000ea2a00000)]

Other Threads:
  0x0000018a65d47670 VMThread "VM Thread" [stack: 0x0000000ea0f00000,0x0000000ea1000000] [id=13416]
  0x0000018a6a10e560 WatcherThread [stack: 0x0000000ea1a00000,0x0000000ea1b00000] [id=11976]
  0x0000018a47a1a210 GCTaskThread "GC Thread#0" [stack: 0x0000000ea0a00000,0x0000000ea0b00000] [id=18932]
  0x0000018a6bd65120 GCTaskThread "GC Thread#1" [stack: 0x0000000ea2000000,0x0000000ea2100000] [id=22668]
  0x0000018a6bd653e0 GCTaskThread "GC Thread#2" [stack: 0x0000000ea2100000,0x0000000ea2200000] [id=28476]
  0x0000018a6b309320 GCTaskThread "GC Thread#3" [stack: 0x0000000ea2200000,0x0000000ea2300000] [id=12628]
  0x0000018a6ae03710 GCTaskThread "GC Thread#4" [stack: 0x0000000ea2300000,0x0000000ea2400000] [id=24308]
  0x0000018a6af13960 GCTaskThread "GC Thread#5" [stack: 0x0000000ea2400000,0x0000000ea2500000] [id=3312]
  0x0000018a6ae93930 GCTaskThread "GC Thread#6" [stack: 0x0000000ea2500000,0x0000000ea2600000] [id=6108]
  0x0000018a6bae13a0 GCTaskThread "GC Thread#7" [stack: 0x0000000ea2600000,0x0000000ea2700000] [id=28236]
  0x0000018a47a2b900 ConcurrentGCThread "G1 Main Marker" [stack: 0x0000000ea0b00000,0x0000000ea0c00000] [id=3440]
  0x0000018a47a2c9d0 ConcurrentGCThread "G1 Conc#0" [stack: 0x0000000ea0c00000,0x0000000ea0d00000] [id=11204]
  0x0000018a47a6e800 ConcurrentGCThread "G1 Refine#0" [stack: 0x0000000ea0d00000,0x0000000ea0e00000] [id=21748]
  0x0000018a6baac0f0 ConcurrentGCThread "G1 Refine#1" [stack: 0x0000000ea2700000,0x0000000ea2800000] [id=15372]
  0x0000018a65bfa210 ConcurrentGCThread "G1 Service" [stack: 0x0000000ea0e00000,0x0000000ea0f00000] [id=26968]

Threads with active compile tasks:
C2 CompilerThread0  3287 2322   !   4       jdk.internal.loader.BuiltinClassLoader::loadClassOrNull (143 bytes)
C1 CompilerThread0  3288 2549       3       java.lang.Package$VersionInfo::<init> (44 bytes)
C2 CompilerThread1  3288 2421       4       jdk.internal.org.objectweb.asm.SymbolTable::addConstantMemberReference (147 bytes)
C2 CompilerThread2  3288 2525 %     4       java.util.Properties$LineReader::readLine @ 53 (584 bytes)

VM state: not at safepoint (normal execution)

VM Mutex/Monitor currently owned by a thread: None

Heap address: 0x0000000082200000, size: 2014 MB, Compressed Oops mode: 32-bit

CDS archive(s) mapped at: [0x0000018a00000000-0x0000018a00bb0000-0x0000018a00bb0000), size 12255232, SharedBaseAddress: 0x0000018a00000000, ArchiveRelocationMode: 1.
Compressed class space mapped at: 0x0000018a01000000-0x0000018a41000000, reserved size: 1073741824
Narrow klass base: 0x0000018a00000000, Narrow klass shift: 0, Narrow klass range: 0x100000000

GC Precious Log:
 CPUs: 8 total, 8 available
 Memory: 8048M
 Large Page Support: Disabled
 NUMA Support: Disabled
 Compressed Oops: Enabled (32-bit)
 Heap Region Size: 1M
 Heap Min Capacity: 8M
 Heap Initial Capacity: 126M
 Heap Max Capacity: 2014M
 Pre-touch: Disabled
 Parallel Workers: 8
 Concurrent Workers: 2
 Concurrent Refinement Workers: 8
 Periodic GC: Disabled

Heap:
 garbage-first heap   total 129024K, used 24365K [0x0000000082200000, 0x0000000100000000)
  region size 1024K, 17 young (17408K), 5 survivors (5120K)
 Metaspace       used 21077K, committed 21312K, reserved 1114112K
  class space    used 2842K, committed 2944K, reserved 1048576K

Heap Regions: E=young(eden), S=young(survivor), O=old, HS=humongous(starts), HC=humongous(continues), CS=collection set, F=free, OA=open archive, CA=closed archive, TAMS=top-at-mark-start (previous, next)
|   0|0x0000000082200000, 0x0000000082300000, 0x0000000082300000|100%|HS|  |TAMS 0x0000000082200000, 0x0000000082200000| Complete 
|   1|0x0000000082300000, 0x0000000082400000, 0x0000000082400000|100%|HS|  |TAMS 0x0000000082300000, 0x0000000082300000| Complete 
|   2|0x0000000082400000, 0x0000000082500000, 0x0000000082500000|100%| O|  |TAMS 0x0000000082400000, 0x0000000082400000| Untracked 
|   3|0x0000000082500000, 0x0000000082600000, 0x0000000082600000|100%| O|  |TAMS 0x0000000082500000, 0x0000000082500000| Untracked 
|   4|0x0000000082600000, 0x0000000082700000, 0x0000000082700000|100%| O|  |TAMS 0x0000000082600000, 0x0000000082600000| Untracked 
|   5|0x0000000082700000, 0x0000000082800000, 0x0000000082800000|100%| O|  |TAMS 0x0000000082700000, 0x0000000082700000| Untracked 
|   6|0x0000000082800000, 0x0000000082900000, 0x0000000082900000|100%| O|  |TAMS 0x0000000082800000, 0x0000000082800000| Untracked 
|   7|0x0000000082900000, 0x0000000082a00000, 0x0000000082a00000|100%| O|  |TAMS 0x0000000082900000, 0x0000000082900000| Untracked 
|   8|0x0000000082a00000, 0x0000000082b00000, 0x0000000082b00000|100%| O|  |TAMS 0x0000000082a00000, 0x0000000082a00000| Untracked 
|   9|0x0000000082b00000, 0x0000000082b25000, 0x0000000082c00000| 14%| O|  |TAMS 0x0000000082b00000, 0x0000000082b00000| Untracked 
|  10|0x0000000082c00000, 0x0000000082c00000, 0x0000000082d00000|  0%| F|  |TAMS 0x0000000082c00000, 0x0000000082c00000| Untracked 
|  11|0x0000000082d00000, 0x0000000082d00000, 0x0000000082e00000|  0%| F|  |TAMS 0x0000000082d00000, 0x0000000082d00000| Untracked 
|  12|0x0000000082e00000, 0x0000000082e00000, 0x0000000082f00000|  0%| F|  |TAMS 0x0000000082e00000, 0x0000000082e00000| Untracked 
|  13|0x0000000082f00000, 0x0000000082f00000, 0x0000000083000000|  0%| F|  |TAMS 0x0000000082f00000, 0x0000000082f00000| Untracked 
|  14|0x0000000083000000, 0x0000000083000000, 0x0000000083100000|  0%| F|  |TAMS 0x0000000083000000, 0x0000000083000000| Untracked 
|  15|0x0000000083100000, 0x0000000083100000, 0x0000000083200000|  0%| F|  |TAMS 0x0000000083100000, 0x0000000083100000| Untracked 
|  16|0x0000000083200000, 0x0000000083200000, 0x0000000083300000|  0%| F|  |TAMS 0x0000000083200000, 0x0000000083200000| Untracked 
|  17|0x0000000083300000, 0x0000000083300000, 0x0000000083400000|  0%| F|  |TAMS 0x0000000083300000, 0x0000000083300000| Untracked 
|  18|0x0000000083400000, 0x0000000083400000, 0x0000000083500000|  0%| F|  |TAMS 0x0000000083400000, 0x0000000083400000| Untracked 
|  19|0x0000000083500000, 0x0000000083500000, 0x0000000083600000|  0%| F|  |TAMS 0x0000000083500000, 0x0000000083500000| Untracked 
|  20|0x0000000083600000, 0x0000000083600000, 0x0000000083700000|  0%| F|  |TAMS 0x0000000083600000, 0x0000000083600000| Untracked 
|  21|0x0000000083700000, 0x0000000083700000, 0x0000000083800000|  0%| F|  |TAMS 0x0000000083700000, 0x0000000083700000| Untracked 
|  22|0x0000000083800000, 0x0000000083800000, 0x0000000083900000|  0%| F|  |TAMS 0x0000000083800000, 0x0000000083800000| Untracked 
|  23|0x0000000083900000, 0x0000000083900000, 0x0000000083a00000|  0%| F|  |TAMS 0x0000000083900000, 0x0000000083900000| Untracked 
|  24|0x0000000083a00000, 0x0000000083a00000, 0x0000000083b00000|  0%| F|  |TAMS 0x0000000083a00000, 0x0000000083a00000| Untracked 
|  25|0x0000000083b00000, 0x0000000083b00000, 0x0000000083c00000|  0%| F|  |TAMS 0x0000000083b00000, 0x0000000083b00000| Untracked 
|  26|0x0000000083c00000, 0x0000000083c00000, 0x0000000083d00000|  0%| F|  |TAMS 0x0000000083c00000, 0x0000000083c00000| Untracked 
|  27|0x0000000083d00000, 0x0000000083d00000, 0x0000000083e00000|  0%| F|  |TAMS 0x0000000083d00000, 0x0000000083d00000| Untracked 
|  28|0x0000000083e00000, 0x0000000083e00000, 0x0000000083f00000|  0%| F|  |TAMS 0x0000000083e00000, 0x0000000083e00000| Untracked 
|  29|0x0000000083f00000, 0x0000000083f00000, 0x0000000084000000|  0%| F|  |TAMS 0x0000000083f00000, 0x0000000083f00000| Untracked 
|  30|0x0000000084000000, 0x0000000084000000, 0x0000000084100000|  0%| F|  |TAMS 0x0000000084000000, 0x0000000084000000| Untracked 
|  31|0x0000000084100000, 0x0000000084100000, 0x0000000084200000|  0%| F|  |TAMS 0x0000000084100000, 0x0000000084100000| Untracked 
|  32|0x0000000084200000, 0x0000000084200000, 0x0000000084300000|  0%| F|  |TAMS 0x0000000084200000, 0x0000000084200000| Untracked 
|  33|0x0000000084300000, 0x0000000084300000, 0x0000000084400000|  0%| F|  |TAMS 0x0000000084300000, 0x0000000084300000| Untracked 
|  34|0x0000000084400000, 0x0000000084400000, 0x0000000084500000|  0%| F|  |TAMS 0x0000000084400000, 0x0000000084400000| Untracked 
|  35|0x0000000084500000, 0x0000000084500000, 0x0000000084600000|  0%| F|  |TAMS 0x0000000084500000, 0x0000000084500000| Untracked 
|  36|0x0000000084600000, 0x0000000084600000, 0x0000000084700000|  0%| F|  |TAMS 0x0000000084600000, 0x0000000084600000| Untracked 
|  37|0x0000000084700000, 0x0000000084700000, 0x0000000084800000|  0%| F|  |TAMS 0x0000000084700000, 0x0000000084700000| Untracked 
|  38|0x0000000084800000, 0x0000000084800000, 0x0000000084900000|  0%| F|  |TAMS 0x0000000084800000, 0x0000000084800000| Untracked 
|  39|0x0000000084900000, 0x0000000084900000, 0x0000000084a00000|  0%| F|  |TAMS 0x0000000084900000, 0x0000000084900000| Untracked 
|  40|0x0000000084a00000, 0x0000000084a00000, 0x0000000084b00000|  0%| F|  |TAMS 0x0000000084a00000, 0x0000000084a00000| Untracked 
|  41|0x0000000084b00000, 0x0000000084b00000, 0x0000000084c00000|  0%| F|  |TAMS 0x0000000084b00000, 0x0000000084b00000| Untracked 
|  42|0x0000000084c00000, 0x0000000084c00000, 0x0000000084d00000|  0%| F|  |TAMS 0x0000000084c00000, 0x0000000084c00000| Untracked 
|  43|0x0000000084d00000, 0x0000000084d00000, 0x0000000084e00000|  0%| F|  |TAMS 0x0000000084d00000, 0x0000000084d00000| Untracked 
|  44|0x0000000084e00000, 0x0000000084e00000, 0x0000000084f00000|  0%| F|  |TAMS 0x0000000084e00000, 0x0000000084e00000| Untracked 
|  45|0x0000000084f00000, 0x0000000084f00000, 0x0000000085000000|  0%| F|  |TAMS 0x0000000084f00000, 0x0000000084f00000| Untracked 
|  46|0x0000000085000000, 0x0000000085000000, 0x0000000085100000|  0%| F|  |TAMS 0x0000000085000000, 0x0000000085000000| Untracked 
|  47|0x0000000085100000, 0x0000000085100000, 0x0000000085200000|  0%| F|  |TAMS 0x0000000085100000, 0x0000000085100000| Untracked 
|  48|0x0000000085200000, 0x0000000085200000, 0x0000000085300000|  0%| F|  |TAMS 0x0000000085200000, 0x0000000085200000| Untracked 
|  49|0x0000000085300000, 0x0000000085300000, 0x0000000085400000|  0%| F|  |TAMS 0x0000000085300000, 0x0000000085300000| Untracked 
|  50|0x0000000085400000, 0x0000000085400000, 0x0000000085500000|  0%| F|  |TAMS 0x0000000085400000, 0x0000000085400000| Untracked 
|  51|0x0000000085500000, 0x0000000085500000, 0x0000000085600000|  0%| F|  |TAMS 0x0000000085500000, 0x0000000085500000| Untracked 
|  52|0x0000000085600000, 0x0000000085600000, 0x0000000085700000|  0%| F|  |TAMS 0x0000000085600000, 0x0000000085600000| Untracked 
|  53|0x0000000085700000, 0x0000000085700000, 0x0000000085800000|  0%| F|  |TAMS 0x0000000085700000, 0x0000000085700000| Untracked 
|  54|0x0000000085800000, 0x0000000085800000, 0x0000000085900000|  0%| F|  |TAMS 0x0000000085800000, 0x0000000085800000| Untracked 
|  55|0x0000000085900000, 0x0000000085900000, 0x0000000085a00000|  0%| F|  |TAMS 0x0000000085900000, 0x0000000085900000| Untracked 
|  56|0x0000000085a00000, 0x0000000085a00000, 0x0000000085b00000|  0%| F|  |TAMS 0x0000000085a00000, 0x0000000085a00000| Untracked 
|  57|0x0000000085b00000, 0x0000000085b00000, 0x0000000085c00000|  0%| F|  |TAMS 0x0000000085b00000, 0x0000000085b00000| Untracked 
|  58|0x0000000085c00000, 0x0000000085c00000, 0x0000000085d00000|  0%| F|  |TAMS 0x0000000085c00000, 0x0000000085c00000| Untracked 
|  59|0x0000000085d00000, 0x0000000085d00000, 0x0000000085e00000|  0%| F|  |TAMS 0x0000000085d00000, 0x0000000085d00000| Untracked 
|  60|0x0000000085e00000, 0x0000000085e00000, 0x0000000085f00000|  0%| F|  |TAMS 0x0000000085e00000, 0x0000000085e00000| Untracked 
|  61|0x0000000085f00000, 0x0000000085f00000, 0x0000000086000000|  0%| F|  |TAMS 0x0000000085f00000, 0x0000000085f00000| Untracked 
|  62|0x0000000086000000, 0x0000000086000000, 0x0000000086100000|  0%| F|  |TAMS 0x0000000086000000, 0x0000000086000000| Untracked 
|  63|0x0000000086100000, 0x0000000086100000, 0x0000000086200000|  0%| F|  |TAMS 0x0000000086100000, 0x0000000086100000| Untracked 
|  64|0x0000000086200000, 0x0000000086200000, 0x0000000086300000|  0%| F|  |TAMS 0x0000000086200000, 0x0000000086200000| Untracked 
|  65|0x0000000086300000, 0x0000000086300000, 0x0000000086400000|  0%| F|  |TAMS 0x0000000086300000, 0x0000000086300000| Untracked 
|  66|0x0000000086400000, 0x0000000086400000, 0x0000000086500000|  0%| F|  |TAMS 0x0000000086400000, 0x0000000086400000| Untracked 
|  67|0x0000000086500000, 0x0000000086500000, 0x0000000086600000|  0%| F|  |TAMS 0x0000000086500000, 0x0000000086500000| Untracked 
|  68|0x0000000086600000, 0x0000000086600000, 0x0000000086700000|  0%| F|  |TAMS 0x0000000086600000, 0x0000000086600000| Untracked 
|  69|0x0000000086700000, 0x0000000086700000, 0x0000000086800000|  0%| F|  |TAMS 0x0000000086700000, 0x0000000086700000| Untracked 
|  70|0x0000000086800000, 0x0000000086800000, 0x0000000086900000|  0%| F|  |TAMS 0x0000000086800000, 0x0000000086800000| Untracked 
|  71|0x0000000086900000, 0x0000000086900000, 0x0000000086a00000|  0%| F|  |TAMS 0x0000000086900000, 0x0000000086900000| Untracked 
|  72|0x0000000086a00000, 0x0000000086aa66e0, 0x0000000086b00000| 65%| S|CS|TAMS 0x0000000086a00000, 0x0000000086a00000| Complete 
|  73|0x0000000086b00000, 0x0000000086c00000, 0x0000000086c00000|100%| S|CS|TAMS 0x0000000086b00000, 0x0000000086b00000| Complete 
|  74|0x0000000086c00000, 0x0000000086d00000, 0x0000000086d00000|100%| S|CS|TAMS 0x0000000086c00000, 0x0000000086c00000| Complete 
|  75|0x0000000086d00000, 0x0000000086e00000, 0x0000000086e00000|100%| S|CS|TAMS 0x0000000086d00000, 0x0000000086d00000| Complete 
|  76|0x0000000086e00000, 0x0000000086f00000, 0x0000000086f00000|100%| S|CS|TAMS 0x0000000086e00000, 0x0000000086e00000| Complete 
|  77|0x0000000086f00000, 0x0000000086f00000, 0x0000000087000000|  0%| F|  |TAMS 0x0000000086f00000, 0x0000000086f00000| Untracked 
|  78|0x0000000087000000, 0x0000000087000000, 0x0000000087100000|  0%| F|  |TAMS 0x0000000087000000, 0x0000000087000000| Untracked 
|  79|0x0000000087100000, 0x0000000087100000, 0x0000000087200000|  0%| F|  |TAMS 0x0000000087100000, 0x0000000087100000| Untracked 
|  80|0x0000000087200000, 0x0000000087200000, 0x0000000087300000|  0%| F|  |TAMS 0x0000000087200000, 0x0000000087200000| Untracked 
|  81|0x0000000087300000, 0x0000000087300000, 0x0000000087400000|  0%| F|  |TAMS 0x0000000087300000, 0x0000000087300000| Untracked 
|  82|0x0000000087400000, 0x0000000087400000, 0x0000000087500000|  0%| F|  |TAMS 0x0000000087400000, 0x0000000087400000| Untracked 
|  83|0x0000000087500000, 0x0000000087500000, 0x0000000087600000|  0%| F|  |TAMS 0x0000000087500000, 0x0000000087500000| Untracked 
|  84|0x0000000087600000, 0x0000000087600000, 0x0000000087700000|  0%| F|  |TAMS 0x0000000087600000, 0x0000000087600000| Untracked 
|  85|0x0000000087700000, 0x0000000087700000, 0x0000000087800000|  0%| F|  |TAMS 0x0000000087700000, 0x0000000087700000| Untracked 
|  86|0x0000000087800000, 0x0000000087800000, 0x0000000087900000|  0%| F|  |TAMS 0x0000000087800000, 0x0000000087800000| Untracked 
|  87|0x0000000087900000, 0x0000000087900000, 0x0000000087a00000|  0%| F|  |TAMS 0x0000000087900000, 0x0000000087900000| Untracked 
|  88|0x0000000087a00000, 0x0000000087a00000, 0x0000000087b00000|  0%| F|  |TAMS 0x0000000087a00000, 0x0000000087a00000| Untracked 
|  89|0x0000000087b00000, 0x0000000087b00000, 0x0000000087c00000|  0%| F|  |TAMS 0x0000000087b00000, 0x0000000087b00000| Untracked 
|  90|0x0000000087c00000, 0x0000000087c00000, 0x0000000087d00000|  0%| F|  |TAMS 0x0000000087c00000, 0x0000000087c00000| Untracked 
|  91|0x0000000087d00000, 0x0000000087d00000, 0x0000000087e00000|  0%| F|  |TAMS 0x0000000087d00000, 0x0000000087d00000| Untracked 
|  92|0x0000000087e00000, 0x0000000087e00000, 0x0000000087f00000|  0%| F|  |TAMS 0x0000000087e00000, 0x0000000087e00000| Untracked 
|  93|0x0000000087f00000, 0x0000000087f00000, 0x0000000088000000|  0%| F|  |TAMS 0x0000000087f00000, 0x0000000087f00000| Untracked 
|  94|0x0000000088000000, 0x0000000088000000, 0x0000000088100000|  0%| F|  |TAMS 0x0000000088000000, 0x0000000088000000| Untracked 
|  95|0x0000000088100000, 0x0000000088100000, 0x0000000088200000|  0%| F|  |TAMS 0x0000000088100000, 0x0000000088100000| Untracked 
|  96|0x0000000088200000, 0x0000000088200000, 0x0000000088300000|  0%| F|  |TAMS 0x0000000088200000, 0x0000000088200000| Untracked 
|  97|0x0000000088300000, 0x0000000088300000, 0x0000000088400000|  0%| F|  |TAMS 0x0000000088300000, 0x0000000088300000| Untracked 
|  98|0x0000000088400000, 0x0000000088400000, 0x0000000088500000|  0%| F|  |TAMS 0x0000000088400000, 0x0000000088400000| Untracked 
|  99|0x0000000088500000, 0x0000000088500000, 0x0000000088600000|  0%| F|  |TAMS 0x0000000088500000, 0x0000000088500000| Untracked 
| 100|0x0000000088600000, 0x0000000088600000, 0x0000000088700000|  0%| F|  |TAMS 0x0000000088600000, 0x0000000088600000| Untracked 
| 101|0x0000000088700000, 0x0000000088700000, 0x0000000088800000|  0%| F|  |TAMS 0x0000000088700000, 0x0000000088700000| Untracked 
| 102|0x0000000088800000, 0x0000000088800000, 0x0000000088900000|  0%| F|  |TAMS 0x0000000088800000, 0x0000000088800000| Untracked 
| 103|0x0000000088900000, 0x0000000088900000, 0x0000000088a00000|  0%| F|  |TAMS 0x0000000088900000, 0x0000000088900000| Untracked 
| 104|0x0000000088a00000, 0x0000000088a00000, 0x0000000088b00000|  0%| F|  |TAMS 0x0000000088a00000, 0x0000000088a00000| Untracked 
| 105|0x0000000088b00000, 0x0000000088b00000, 0x0000000088c00000|  0%| F|  |TAMS 0x0000000088b00000, 0x0000000088b00000| Untracked 
| 106|0x0000000088c00000, 0x0000000088c00000, 0x0000000088d00000|  0%| F|  |TAMS 0x0000000088c00000, 0x0000000088c00000| Untracked 
| 107|0x0000000088d00000, 0x0000000088d00000, 0x0000000088e00000|  0%| F|  |TAMS 0x0000000088d00000, 0x0000000088d00000| Untracked 
| 108|0x0000000088e00000, 0x0000000088e00000, 0x0000000088f00000|  0%| F|  |TAMS 0x0000000088e00000, 0x0000000088e00000| Untracked 
| 109|0x0000000088f00000, 0x0000000088f00000, 0x0000000089000000|  0%| F|  |TAMS 0x0000000088f00000, 0x0000000088f00000| Untracked 
| 110|0x0000000089000000, 0x0000000089000000, 0x0000000089100000|  0%| F|  |TAMS 0x0000000089000000, 0x0000000089000000| Untracked 
| 111|0x0000000089100000, 0x0000000089100000, 0x0000000089200000|  0%| F|  |TAMS 0x0000000089100000, 0x0000000089100000| Untracked 
| 112|0x0000000089200000, 0x0000000089200000, 0x0000000089300000|  0%| F|  |TAMS 0x0000000089200000, 0x0000000089200000| Untracked 
| 113|0x0000000089300000, 0x0000000089380000, 0x0000000089400000| 50%| E|  |TAMS 0x0000000089300000, 0x0000000089300000| Complete 
| 114|0x0000000089400000, 0x0000000089500000, 0x0000000089500000|100%| E|CS|TAMS 0x0000000089400000, 0x0000000089400000| Complete 
| 115|0x0000000089500000, 0x0000000089600000, 0x0000000089600000|100%| E|  |TAMS 0x0000000089500000, 0x0000000089500000| Complete 
| 116|0x0000000089600000, 0x0000000089700000, 0x0000000089700000|100%| E|CS|TAMS 0x0000000089600000, 0x0000000089600000| Complete 
| 117|0x0000000089700000, 0x0000000089800000, 0x0000000089800000|100%| E|CS|TAMS 0x0000000089700000, 0x0000000089700000| Complete 
| 118|0x0000000089800000, 0x0000000089900000, 0x0000000089900000|100%| E|CS|TAMS 0x0000000089800000, 0x0000000089800000| Complete 
| 119|0x0000000089900000, 0x0000000089a00000, 0x0000000089a00000|100%| E|CS|TAMS 0x0000000089900000, 0x0000000089900000| Complete 
| 120|0x0000000089a00000, 0x0000000089b00000, 0x0000000089b00000|100%| E|CS|TAMS 0x0000000089a00000, 0x0000000089a00000| Complete 
| 121|0x0000000089b00000, 0x0000000089c00000, 0x0000000089c00000|100%| E|CS|TAMS 0x0000000089b00000, 0x0000000089b00000| Complete 
| 122|0x0000000089c00000, 0x0000000089d00000, 0x0000000089d00000|100%| E|CS|TAMS 0x0000000089c00000, 0x0000000089c00000| Complete 
| 123|0x0000000089d00000, 0x0000000089e00000, 0x0000000089e00000|100%| E|CS|TAMS 0x0000000089d00000, 0x0000000089d00000| Complete 
| 124|0x0000000089e00000, 0x0000000089f00000, 0x0000000089f00000|100%| E|CS|TAMS 0x0000000089e00000, 0x0000000089e00000| Complete 
| 125|0x0000000089f00000, 0x000000008a000000, 0x000000008a000000|100%| E|CS|TAMS 0x0000000089f00000, 0x0000000089f00000| Complete 

Card table byte_map: [0x0000018a5ec50000,0x0000018a5f040000] _byte_map_base: 0x0000018a5e83f000

Marking Bits (Prev, Next): (CMBitMap*) 0x0000018a47a1a740, (CMBitMap*) 0x0000018a47a1a780
 Prev Bits: [0x0000018a5f430000, 0x0000018a613a8000)
 Next Bits: [0x0000018a613b0000, 0x0000018a63328000)

Polling page: 0x0000018a458f0000

Metaspace:

Usage:
  Non-class:     17.93 MB used.
      Class:      2.79 MB used.
       Both:     20.72 MB used.

Virtual space:
  Non-class space:       64.00 MB reserved,      18.06 MB ( 28%) committed,  1 nodes.
      Class space:        1.00 GB reserved,       2.94 MB ( <1%) committed,  1 nodes.
             Both:        1.06 GB reserved,      21.00 MB (  2%) committed. 

Chunk freelists:
   Non-Class:  13.57 MB
       Class:  12.98 MB
        Both:  26.55 MB

MaxMetaspaceSize: unlimited
CompressedClassSpaceSize: 1.00 GB
Initial GC threshold: 21.00 MB
Current GC threshold: 21.00 MB
CDS: on
MetaspaceReclaimPolicy: balanced
 - commit_granule_bytes: 65536.
 - commit_granule_words: 8192.
 - virtual_space_node_default_size: 8388608.
 - enlarge_chunks_in_place: 1.
 - new_chunks_are_fully_committed: 0.
 - uncommit_free_chunks: 1.
 - use_allocation_guard: 0.
 - handle_deallocations: 1.


Internal statistics:

num_allocs_failed_limit: 0.
num_arena_births: 300.
num_arena_deaths: 0.
num_vsnodes_births: 2.
num_vsnodes_deaths: 0.
num_space_committed: 336.
num_space_uncommitted: 0.
num_chunks_returned_to_freelist: 0.
num_chunks_taken_from_freelist: 1068.
num_chunk_merges: 0.
num_chunk_splits: 719.
num_chunks_enlarged: 540.
num_inconsistent_stats: 0.

CodeHeap 'non-profiled nmethods': size=120000Kb used=1345Kb max_used=1345Kb free=118654Kb
 bounds [0x0000018a57000000, 0x0000018a57270000, 0x0000018a5e530000]
CodeHeap 'profiled nmethods': size=120000Kb used=5063Kb max_used=5063Kb free=114936Kb
 bounds [0x0000018a4f530000, 0x0000018a4fa30000, 0x0000018a56a60000]
CodeHeap 'non-nmethods': size=5760Kb used=1207Kb max_used=1263Kb free=4552Kb
 bounds [0x0000018a56a60000, 0x0000018a56cd0000, 0x0000018a57000000]
 total_blobs=3048 nmethods=2541 adapters=418
 compilation: enabled
              stopped_count=0, restarted_count=0
 full_count=0

Compilation events (20 events):
Event: 3.190 Thread 0x0000018a6a4b6b20 nmethod 2420 0x0000018a5714d810 code [0x0000018a5714d9a0, 0x0000018a5714dbd8]
Event: 3.190 Thread 0x0000018a6a4b6b20 2524 %     4       java.util.Properties::loadConvert @ 8 (540 bytes)
Event: 3.193 Thread 0x0000018a65d79430 2526 %     3       java.util.Properties::load0 @ 29 (249 bytes)
Event: 3.194 Thread 0x0000018a65d79430 nmethod 2526% 0x0000018a4fa0bd90 code [0x0000018a4fa0bfe0, 0x0000018a4fa0cae8]
Event: 3.194 Thread 0x0000018a65d79430 2527       3       java.util.Properties::load0 (249 bytes)
Event: 3.195 Thread 0x0000018a65d79430 nmethod 2527 0x0000018a4fa0ce90 code [0x0000018a4fa0d0e0, 0x0000018a4fa0daa8]
Event: 3.197 Thread 0x0000018a65d79430 2529       3       java.util.concurrent.ConcurrentHashMap$EntryIterator::next (5 bytes)
Event: 3.198 Thread 0x0000018a65d79430 nmethod 2529 0x0000018a4fa0de10 code [0x0000018a4fa0dfc0, 0x0000018a4fa0e108]
Event: 3.198 Thread 0x0000018a65d79430 2530       3       java.util.concurrent.ConcurrentHashMap$EntryIterator::next (51 bytes)
Event: 3.198 Thread 0x0000018a65d79430 nmethod 2530 0x0000018a4fa0e190 code [0x0000018a4fa0e380, 0x0000018a4fa0e898]
Event: 3.198 Thread 0x0000018a65d79430 2531       3       java.util.concurrent.ConcurrentHashMap$MapEntry::<init> (20 bytes)
Event: 3.198 Thread 0x0000018a65d79430 nmethod 2531 0x0000018a4fa0ea10 code [0x0000018a4fa0ebc0, 0x0000018a4fa0ee38]
Event: 3.198 Thread 0x0000018a65d79430 2532       1       java.net.URLConnection::getUseCaches (5 bytes)
Event: 3.199 Thread 0x0000018a65d79430 nmethod 2532 0x0000018a5714dd90 code [0x0000018a5714df20, 0x0000018a5714dff8]
Event: 3.219 Thread 0x0000018a65d79430 2534       3       java.lang.invoke.Invokers::maybeCustomize (5 bytes)
Event: 3.219 Thread 0x0000018a65d79430 nmethod 2534 0x0000018a4fa0ef10 code [0x0000018a4fa0f0c0, 0x0000018a4fa0f268]
Event: 3.220 Thread 0x0000018a65d79430 2535       3       java.lang.invoke.MethodHandle::maybeCustomize (38 bytes)
Event: 3.221 Thread 0x0000018a65d79430 nmethod 2535 0x0000018a4fa0f310 code [0x0000018a4fa0f4e0, 0x0000018a4fa0f9a8]
Event: 3.221 Thread 0x0000018a65d79430 2536       3       java.lang.invoke.ClassSpecializer$SpeciesData::transformHelper (56 bytes)
Event: 3.223 Thread 0x0000018a65d79430 nmethod 2536 0x0000018a4fa0fb10 code [0x0000018a4fa0fda0, 0x0000018a4fa10de8]

GC Heap History (6 events):
Event: 0.963 GC heap before
{Heap before GC invocations=0 (full 0):
 garbage-first heap   total 129024K, used 24576K [0x0000000082200000, 0x0000000100000000)
  region size 1024K, 23 young (23552K), 0 survivors (0K)
 Metaspace       used 4590K, committed 4736K, reserved 1114112K
  class space    used 531K, committed 640K, reserved 1048576K
}
Event: 0.974 GC heap after
{Heap after GC invocations=1 (full 0):
 garbage-first heap   total 129024K, used 9412K [0x0000000082200000, 0x0000000100000000)
  region size 1024K, 3 young (3072K), 3 survivors (3072K)
 Metaspace       used 4590K, committed 4736K, reserved 1114112K
  class space    used 531K, committed 640K, reserved 1048576K
}
Event: 1.617 GC heap before
{Heap before GC invocations=1 (full 0):
 garbage-first heap   total 129024K, used 31940K [0x0000000082200000, 0x0000000100000000)
  region size 1024K, 25 young (25600K), 3 survivors (3072K)
 Metaspace       used 9858K, committed 10048K, reserved 1114112K
  class space    used 1222K, committed 1344K, reserved 1048576K
}
Event: 1.624 GC heap after
{Heap after GC invocations=2 (full 0):
 garbage-first heap   total 129024K, used 10997K [0x0000000082200000, 0x0000000100000000)
  region size 1024K, 2 young (2048K), 2 survivors (2048K)
 Metaspace       used 9858K, committed 10048K, reserved 1114112K
  class space    used 1222K, committed 1344K, reserved 1048576K
}
Event: 3.106 GC heap before
{Heap before GC invocations=2 (full 0):
 garbage-first heap   total 129024K, used 58101K [0x0000000082200000, 0x0000000100000000)
  region size 1024K, 49 young (50176K), 2 survivors (2048K)
 Metaspace       used 18986K, committed 19328K, reserved 1114112K
  class space    used 2637K, committed 2816K, reserved 1048576K
}
Event: 3.115 GC heap after
{Heap after GC invocations=3 (full 0):
 garbage-first heap   total 129024K, used 14125K [0x0000000082200000, 0x0000000100000000)
  region size 1024K, 5 young (5120K), 5 survivors (5120K)
 Metaspace       used 18986K, committed 19328K, reserved 1114112K
  class space    used 2637K, committed 2816K, reserved 1048576K
}

Dll operation events (8 events):
Event: 0.011 Loaded shared library C:\Program Files\Eclipse Adoptium\jdk-17.0.17.10-hotspot\bin\java.dll
Event: 0.033 Loaded shared library C:\Program Files\Eclipse Adoptium\jdk-17.0.17.10-hotspot\bin\jsvml.dll
Event: 0.076 Loaded shared library C:\Program Files\Eclipse Adoptium\jdk-17.0.17.10-hotspot\bin\net.dll
Event: 0.078 Loaded shared library C:\Program Files\Eclipse Adoptium\jdk-17.0.17.10-hotspot\bin\nio.dll
Event: 0.083 Loaded shared library C:\Program Files\Eclipse Adoptium\jdk-17.0.17.10-hotspot\bin\zip.dll
Event: 0.150 Loaded shared library C:\Program Files\Eclipse Adoptium\jdk-17.0.17.10-hotspot\bin\management.dll
Event: 0.156 Loaded shared library C:\Program Files\Eclipse Adoptium\jdk-17.0.17.10-hotspot\bin\management_ext.dll
Event: 0.175 Loaded shared library C:\Program Files\Eclipse Adoptium\jdk-17.0.17.10-hotspot\bin\jimage.dll

Deoptimization events (20 events):
Event: 3.155 Thread 0x0000018a479bb400 Uncommon trap: trap_request=0xffffff45 fr.pc=0x0000018a570a1b74 relative=0x0000000000001494
Event: 3.155 Thread 0x0000018a479bb400 Uncommon trap: reason=unstable_if action=reinterpret pc=0x0000018a570a1b74 method=java.util.concurrent.ConcurrentHashMap.transfer([Ljava/util/concurrent/ConcurrentHashMap$Node;[Ljava/util/concurrent/ConcurrentHashMap$Node;)V @ 34 c2
Event: 3.155 Thread 0x0000018a479bb400 DEOPT PACKING pc=0x0000018a570a1b74 sp=0x0000000ea09fb600
Event: 3.155 Thread 0x0000018a479bb400 DEOPT UNPACKING pc=0x0000018a56ab69a3 sp=0x0000000ea09fb5b0 mode 2
Event: 3.156 Thread 0x0000018a6b1efa80 Uncommon trap: trap_request=0xffffff45 fr.pc=0x0000018a570a1c78 relative=0x0000000000001598
Event: 3.156 Thread 0x0000018a6b1efa80 Uncommon trap: reason=unstable_if action=reinterpret pc=0x0000018a570a1c78 method=java.util.concurrent.ConcurrentHashMap.transfer([Ljava/util/concurrent/ConcurrentHashMap$Node;[Ljava/util/concurrent/ConcurrentHashMap$Node;)V @ 273 c2
Event: 3.156 Thread 0x0000018a6b1efa80 DEOPT PACKING pc=0x0000018a570a1c78 sp=0x0000000ea28fe5c0
Event: 3.156 Thread 0x0000018a6b1efa80 DEOPT UNPACKING pc=0x0000018a56ab69a3 sp=0x0000000ea28fe550 mode 2
Event: 3.156 Thread 0x0000018a6b1efa80 Uncommon trap: trap_request=0xffffff45 fr.pc=0x0000018a5713457c relative=0x00000000000001bc
Event: 3.156 Thread 0x0000018a6b1efa80 Uncommon trap: reason=unstable_if action=reinterpret pc=0x0000018a5713457c method=java.util.concurrent.ConcurrentHashMap.addCount(JI)V @ 171 c2
Event: 3.156 Thread 0x0000018a6b1efa80 DEOPT PACKING pc=0x0000018a5713457c sp=0x0000000ea28fe6c0
Event: 3.156 Thread 0x0000018a6b1efa80 DEOPT UNPACKING pc=0x0000018a56ab69a3 sp=0x0000000ea28fe600 mode 2
Event: 3.180 Thread 0x0000018a479bb400 Uncommon trap: trap_request=0xffffff45 fr.pc=0x0000018a57012a18 relative=0x0000000000000718
Event: 3.180 Thread 0x0000018a479bb400 Uncommon trap: reason=unstable_if action=reinterpret pc=0x0000018a57012a18 method=java.util.Properties$LineReader.readLine()I @ 372 c2
Event: 3.181 Thread 0x0000018a479bb400 DEOPT PACKING pc=0x0000018a57012a18 sp=0x0000000ea09fbef0
Event: 3.181 Thread 0x0000018a479bb400 DEOPT UNPACKING pc=0x0000018a56ab69a3 sp=0x0000000ea09fbe88 mode 2
Event: 3.210 Thread 0x0000018a479bb400 Uncommon trap: trap_request=0xffffff54 fr.pc=0x0000018a570d0dd0 relative=0x0000000000000e90
Event: 3.210 Thread 0x0000018a479bb400 Uncommon trap: reason=speculate_null_assert action=make_not_entrant pc=0x0000018a570d0dd0 method=java.lang.invoke.MethodType$ConcurrentWeakInternSet.add(Ljava/lang/Object;)Ljava/lang/Object; @ 47 c2
Event: 3.210 Thread 0x0000018a479bb400 DEOPT PACKING pc=0x0000018a570d0dd0 sp=0x0000000ea09fac80
Event: 3.210 Thread 0x0000018a479bb400 DEOPT UNPACKING pc=0x0000018a56ab69a3 sp=0x0000000ea09fac28 mode 2

Classes loaded (20 events):
Event: 3.153 Loading class jdk/xml/internal/JdkProperty$State
Event: 3.153 Loading class jdk/xml/internal/JdkProperty$State done
Event: 3.153 Loading class com/sun/org/apache/xalan/internal/utils/XMLSecurityPropertyManager
Event: 3.153 Loading class com/sun/org/apache/xalan/internal/utils/FeaturePropertyBase
Event: 3.153 Loading class com/sun/org/apache/xalan/internal/utils/FeaturePropertyBase done
Event: 3.153 Loading class com/sun/org/apache/xalan/internal/utils/XMLSecurityPropertyManager done
Event: 3.153 Loading class com/sun/org/apache/xalan/internal/utils/FeaturePropertyBase$State
Event: 3.153 Loading class com/sun/org/apache/xalan/internal/utils/FeaturePropertyBase$State done
Event: 3.153 Loading class com/sun/org/apache/xalan/internal/utils/XMLSecurityPropertyManager$Property
Event: 3.153 Loading class com/sun/org/apache/xalan/internal/utils/XMLSecurityPropertyManager$Property done
Event: 3.153 Loading class jdk/xml/internal/XMLSecurityManager
Event: 3.153 Loading class jdk/xml/internal/XMLSecurityManager done
Event: 3.153 Loading class jdk/xml/internal/XMLSecurityManager$Limit
Event: 3.153 Loading class jdk/xml/internal/XMLSecurityManager$Limit done
Event: 3.153 Loading class jdk/xml/internal/XMLSecurityManager$Processor
Event: 3.153 Loading class jdk/xml/internal/XMLSecurityManager$Processor done
Event: 3.154 Loading class jdk/xml/internal/XMLSecurityManager$NameMap
Event: 3.154 Loading class jdk/xml/internal/XMLSecurityManager$NameMap done
Event: 3.154 Loading class jdk/xml/internal/JdkProperty
Event: 3.154 Loading class jdk/xml/internal/JdkProperty done

Classes unloaded (0 events):
No events

Classes redefined (0 events):
No events

Internal exceptions (20 events):
Event: 2.042 Thread 0x0000018a479bb400 Exception <a 'java/lang/IncompatibleClassChangeError'{0x00000000895fa620}: Found class java.lang.Object, but interface was expected> (0x00000000895fa620) 
thrown [s\src\hotspot\share\interpreter\linkResolver.cpp, line 826]
Event: 2.063 Thread 0x0000018a479bb400 Exception <a 'sun/nio/fs/WindowsException'{0x0000000089450918}> (0x0000000089450918) 
thrown [s\src\hotspot\share\prims\jni.cpp, line 516]
Event: 2.071 Thread 0x0000018a479bb400 Exception <a 'java/lang/NoSuchMethodError'{0x000000008946ec58}: 'java.lang.Object java.lang.invoke.DirectMethodHandle$Holder.invokeStatic(java.lang.Object, java.lang.Object, long, java.lang.Object)'> (0x000000008946ec58) 
thrown [s\src\hotspot\share\interpreter\linkResolver.cpp, line 759]
Event: 2.072 Thread 0x0000018a479bb400 Exception <a 'java/lang/NoSuchMethodError'{0x0000000089472c40}: 'java.lang.Object java.lang.invoke.DirectMethodHandle$Holder.invokeStaticInit(java.lang.Object, java.lang.Object, long, java.lang.Object)'> (0x0000000089472c40) 
thrown [s\src\hotspot\share\interpreter\linkResolver.cpp, line 759]
Event: 2.073 Thread 0x0000018a479bb400 Exception <a 'java/lang/NoSuchMethodError'{0x00000000894798d0}: 'java.lang.Object java.lang.invoke.DirectMethodHandle$Holder.newInvokeSpecial(java.lang.Object, java.lang.Object, long)'> (0x00000000894798d0) 
thrown [s\src\hotspot\share\interpreter\linkResolver.cpp, line 759]
Event: 2.073 Thread 0x0000018a479bb400 Exception <a 'java/lang/NoSuchMethodError'{0x000000008947d990}: 'java.lang.Object java.lang.invoke.Invokers$Holder.linkToTargetMethod(java.lang.Object, long, java.lang.Object)'> (0x000000008947d990) 
thrown [s\src\hotspot\share\interpreter\linkResolver.cpp, line 759]
Event: 2.118 Thread 0x0000018a479bb400 Implicit null exception at 0x0000018a57065d0f to 0x0000018a570660fc
Event: 2.135 Thread 0x0000018a479bb400 Exception <a 'java/lang/NoSuchMethodError'{0x0000000089245720}: 'java.lang.Object java.lang.invoke.DirectMethodHandle$Holder.invokeSpecial(java.lang.Object, java.lang.Object, java.lang.Object, java.lang.Object, java.lang.Object, java.lang.Object, int)'> (0x0000000089245720) 
thrown [s\src\hotspot\share\interpreter\linkResolver.cpp, line 759]
Event: 2.136 Thread 0x0000018a479bb400 Exception <a 'java/lang/NoSuchMethodError'{0x00000000892501d8}: 'java.lang.Object java.lang.invoke.DirectMethodHandle$Holder.newInvokeSpecial(java.lang.Object, java.lang.Object, java.lang.Object, java.lang.Object, java.lang.Object, java.lang.Object, int)'> (0x00000000892501d8) 
thrown [s\src\hotspot\share\interpreter\linkResolver.cpp, line 759]
Event: 2.136 Thread 0x0000018a479bb400 Exception <a 'java/lang/NoSuchMethodError'{0x0000000089255768}: 'java.lang.Object java.lang.invoke.DirectMethodHandle$Holder.invokeSpecial(java.lang.Object, java.lang.Object, java.lang.Object, java.lang.Object, java.lang.Object, java.lang.Object, java.lang.Object, int)'> (0x0000000089255768) 
thrown [s\src\hotspot\share\interpreter\linkResolver.cpp, line 759]
Event: 2.190 Thread 0x0000018a479bb400 Exception <a 'java/lang/NoSuchMethodError'{0x00000000891be5c8}: 'void java.lang.invoke.DirectMethodHandle$Holder.invokeStatic(java.lang.Object, java.lang.Object, java.lang.Object, java.lang.Object, java.lang.Object, java.lang.Object)'> (0x00000000891be5c8) 
thrown [s\src\hotspot\share\interpreter\linkResolver.cpp, line 759]
Event: 2.236 Thread 0x0000018a479bb400 Exception <a 'java/lang/NoSuchMethodError'{0x00000000890be5b0}: 'java.lang.Object java.lang.invoke.DirectMethodHandle$Holder.invokeSpecial(java.lang.Object, java.lang.Object, java.lang.Object, int, java.lang.Object)'> (0x00000000890be5b0) 
thrown [s\src\hotspot\share\interpreter\linkResolver.cpp, line 759]
Event: 2.237 Thread 0x0000018a479bb400 Exception <a 'java/lang/NoSuchMethodError'{0x00000000890c6c30}: 'java.lang.Object java.lang.invoke.DirectMethodHandle$Holder.newInvokeSpecial(java.lang.Object, java.lang.Object, java.lang.Object, int, java.lang.Object)'> (0x00000000890c6c30) 
thrown [s\src\hotspot\share\interpreter\linkResolver.cpp, line 759]
Event: 2.238 Thread 0x0000018a479bb400 Exception <a 'java/lang/NoSuchMethodError'{0x00000000890ce780}: 'java.lang.Object java.lang.invoke.Invokers$Holder.linkToTargetMethod(java.lang.Object, java.lang.Object, int, java.lang.Object, java.lang.Object)'> (0x00000000890ce780) 
thrown [s\src\hotspot\share\interpreter\linkResolver.cpp, line 759]
Event: 2.240 Thread 0x0000018a479bb400 Exception <a 'java/lang/NoSuchMethodError'{0x00000000890de200}: 'java.lang.Object java.lang.invoke.DirectMethodHandle$Holder.newInvokeSpecial(java.lang.Object, int, java.lang.Object)'> (0x00000000890de200) 
thrown [s\src\hotspot\share\interpreter\linkResolver.cpp, line 759]
Event: 2.368 Thread 0x0000018a479bb400 Exception <a 'java/lang/NoSuchMethodError'{0x0000000088c06f68}: 'java.lang.Object java.lang.invoke.DirectMethodHandle$Holder.invokeSpecial(java.lang.Object, java.lang.Object, long, java.lang.Object, java.lang.Object, java.lang.Object, java.lang.Object, java.lang.Object, java.lang.Object)'> (0x0000000088c06f68) 
thrown [s\src\hotspot\share\interpreter\linkResolver.cpp, line 759]
Event: 2.369 Thread 0x0000018a479bb400 Exception <a 'java/lang/NoSuchMethodError'{0x0000000088c0bfe0}: 'java.lang.Object java.lang.invoke.DelegatingMethodHandle$Holder.reinvoke_L(java.lang.Object, long, java.lang.Object, java.lang.Object, java.lang.Object, java.lang.Object, java.lang.Object, java.lang.Object)'> (0x0000000088c0bfe0) 
thrown [s\src\hotspot\share\interpreter\linkResolver.cpp, line 759]
Event: 2.457 Thread 0x0000018a479bb400 Exception <a 'java/lang/NoSuchMethodError'{0x0000000088a49160}: 'void java.lang.invoke.DelegatingMethodHandle$Holder.delegate(java.lang.Object, java.lang.Object, int, java.lang.Object)'> (0x0000000088a49160) 
thrown [s\src\hotspot\share\interpreter\linkResolver.cpp, line 759]
Event: 2.479 Thread 0x0000018a479bb400 Exception <a 'java/lang/IncompatibleClassChangeError'{0x00000000888e13c0}: Found class java.lang.Object, but interface was expected> (0x00000000888e13c0) 
thrown [s\src\hotspot\share\interpreter\linkResolver.cpp, line 826]
Event: 2.552 Thread 0x0000018a6b1efa80 Exception <a 'java/lang/NoSuchMethodError'{0x000000008868f888}: 'java.lang.Object java.lang.invoke.Invokers$Holder.invoke_MT(java.lang.Object, java.lang.Object, java.lang.Object)'> (0x000000008868f888) 
thrown [s\src\hotspot\share\interpreter\linkResolver.cpp, line 759]

VM Operations (20 events):
Event: 1.471 Executing VM operation: HandshakeAllThreads
Event: 1.471 Executing VM operation: HandshakeAllThreads done
Event: 1.580 Executing VM operation: ICBufferFull
Event: 1.580 Executing VM operation: ICBufferFull done
Event: 1.595 Executing VM operation: HandshakeAllThreads
Event: 1.595 Executing VM operation: HandshakeAllThreads done
Event: 1.617 Executing VM operation: G1CollectForAllocation
Event: 1.624 Executing VM operation: G1CollectForAllocation done
Event: 1.927 Executing VM operation: HandshakeAllThreads
Event: 1.927 Executing VM operation: HandshakeAllThreads done
Event: 2.204 Executing VM operation: HandshakeAllThreads
Event: 2.204 Executing VM operation: HandshakeAllThreads done
Event: 2.427 Executing VM operation: ICBufferFull
Event: 2.427 Executing VM operation: ICBufferFull done
Event: 2.837 Executing VM operation: HandshakeAllThreads
Event: 2.837 Executing VM operation: HandshakeAllThreads done
Event: 2.948 Executing VM operation: HandshakeAllThreads
Event: 2.948 Executing VM operation: HandshakeAllThreads done
Event: 3.106 Executing VM operation: G1CollectForAllocation
Event: 3.115 Executing VM operation: G1CollectForAllocation done

Memory protections (0 events):
No events

Nmethod flushes (0 events):
No events

Events (18 events):
Event: 0.034 Thread 0x0000018a479bb400 Thread added: 0x0000018a479bb400
Event: 0.036 Thread 0x0000018a479bb400 Thread added: 0x0000018a65d4bef0
Event: 0.036 Thread 0x0000018a479bb400 Thread added: 0x0000018a65d4c9c0
Event: 0.049 Thread 0x0000018a479bb400 Thread added: 0x0000018a65d66ed0
Event: 0.049 Thread 0x0000018a479bb400 Thread added: 0x0000018a65d677a0
Event: 0.049 Thread 0x0000018a479bb400 Thread added: 0x0000018a65d68070
Event: 0.049 Thread 0x0000018a479bb400 Thread added: 0x0000018a65d6a950
Event: 0.049 Thread 0x0000018a479bb400 Thread added: 0x0000018a65d75570
Event: 0.049 Thread 0x0000018a479bb400 Thread added: 0x0000018a65d79430
Event: 0.049 Thread 0x0000018a479bb400 Thread added: 0x0000018a65d79d40
Event: 0.071 Thread 0x0000018a479bb400 Thread added: 0x0000018a6a10e080
Event: 0.072 Thread 0x0000018a479bb400 Thread added: 0x0000018a6a1131d0
Event: 0.198 Thread 0x0000018a65d79430 Thread added: 0x0000018a6a1b7670
Event: 0.318 Thread 0x0000018a479bb400 Thread added: 0x0000018a6a497750
Event: 0.327 Thread 0x0000018a479bb400 Thread added: 0x0000018a6a570120
Event: 0.527 Thread 0x0000018a65d79430 Thread added: 0x0000018a6a4b6b20
Event: 2.449 Thread 0x0000018a479bb400 Thread added: 0x0000018a6b1efa80
Event: 3.209 Thread 0x0000018a479bb400 Thread added: 0x0000018a6b1f0ec0


Dynamic libraries:
0x00007ff768960000 - 0x00007ff76896e000 	C:\Program Files\Eclipse Adoptium\jdk-17.0.17.10-hotspot\bin\java.exe
0x00007ffa35620000 - 0x00007ffa35886000 	C:\WINDOWS\SYSTEM32\ntdll.dll
0x00007ffa343d0000 - 0x00007ffa34499000 	C:\WINDOWS\System32\KERNEL32.DLL
0x00007ffa32c30000 - 0x00007ffa3302a000 	C:\WINDOWS\System32\KERNELBASE.dll
0x00007ffa331b0000 - 0x00007ffa332fc000 	C:\WINDOWS\System32\ucrtbase.dll
0x00007ffa03540000 - 0x00007ffa03558000 	C:\Program Files\Eclipse Adoptium\jdk-17.0.17.10-hotspot\bin\jli.dll
0x00007ffa03520000 - 0x00007ffa0353e000 	C:\Program Files\Eclipse Adoptium\jdk-17.0.17.10-hotspot\bin\VCRUNTIME140.dll
0x00007ffa34200000 - 0x00007ffa343c7000 	C:\WINDOWS\System32\USER32.dll
0x00007ffa32c00000 - 0x00007ffa32c27000 	C:\WINDOWS\System32\win32u.dll
0x00007ffa186c0000 - 0x00007ffa18952000 	C:\WINDOWS\WinSxS\amd64_microsoft.windows.common-controls_6595b64144ccf1df_6.0.26100.8521_none_3e08b75ce33403b3\COMCTL32.dll
0x00007ffa33530000 - 0x00007ffa3355b000 	C:\WINDOWS\System32\GDI32.dll
0x00007ffa33470000 - 0x00007ffa33519000 	C:\WINDOWS\System32\msvcrt.dll
0x00007ffa32a20000 - 0x00007ffa32b4b000 	C:\WINDOWS\System32\gdi32full.dll
0x00007ffa328b0000 - 0x00007ffa32953000 	C:\WINDOWS\System32\msvcp_win.dll
0x00007ffa33d90000 - 0x00007ffa33dc2000 	C:\WINDOWS\System32\IMM32.DLL
0x00007ffa2acc0000 - 0x00007ffa2accc000 	C:\Program Files\Eclipse Adoptium\jdk-17.0.17.10-hotspot\bin\vcruntime140_1.dll
0x00007ff9faae0000 - 0x00007ff9fab6d000 	C:\Program Files\Eclipse Adoptium\jdk-17.0.17.10-hotspot\bin\msvcp140.dll
0x00007ff939f50000 - 0x00007ff93abbb000 	C:\Program Files\Eclipse Adoptium\jdk-17.0.17.10-hotspot\bin\server\jvm.dll
0x00007ffa33f60000 - 0x00007ffa34016000 	C:\WINDOWS\System32\ADVAPI32.dll
0x00007ffa344e0000 - 0x00007ffa3458a000 	C:\WINDOWS\System32\sechost.dll
0x00007ffa34590000 - 0x00007ffa346a8000 	C:\WINDOWS\System32\RPCRT4.dll
0x00007ffa34a40000 - 0x00007ffa34ac0000 	C:\WINDOWS\System32\WS2_32.dll
0x00007ffa32710000 - 0x00007ffa3276e000 	C:\WINDOWS\SYSTEM32\POWRPROF.dll
0x00007ffa1ece0000 - 0x00007ffa1ed16000 	C:\WINDOWS\SYSTEM32\WINMM.dll
0x00007ffa28120000 - 0x00007ffa2812b000 	C:\WINDOWS\SYSTEM32\VERSION.dll
0x00007ffa326f0000 - 0x00007ffa32704000 	C:\WINDOWS\SYSTEM32\UMPDC.dll
0x00007ffa31600000 - 0x00007ffa3161b000 	C:\WINDOWS\SYSTEM32\kernel.appcore.dll
0x00007ffa2a550000 - 0x00007ffa2a55a000 	C:\Program Files\Eclipse Adoptium\jdk-17.0.17.10-hotspot\bin\jimage.dll
0x00007ffa30120000 - 0x00007ffa30362000 	C:\WINDOWS\SYSTEM32\DBGHELP.DLL
0x00007ffa346b0000 - 0x00007ffa34a33000 	C:\WINDOWS\System32\combase.dll
0x00007ffa33390000 - 0x00007ffa33469000 	C:\WINDOWS\System32\OLEAUT32.dll
0x00007ffa176e0000 - 0x00007ffa1771b000 	C:\WINDOWS\SYSTEM32\dbgcore.DLL
0x00007ffa32b50000 - 0x00007ffa32bf8000 	C:\WINDOWS\System32\bcryptPrimitives.dll
0x00007ffa03220000 - 0x00007ffa03245000 	C:\Program Files\Eclipse Adoptium\jdk-17.0.17.10-hotspot\bin\java.dll
0x00007ff9ae6c0000 - 0x00007ff9ae797000 	C:\Program Files\Eclipse Adoptium\jdk-17.0.17.10-hotspot\bin\jsvml.dll
0x00007ffa33600000 - 0x00007ffa33d84000 	C:\WINDOWS\System32\SHELL32.dll
0x00007ffa30450000 - 0x00007ffa30cd0000 	C:\WINDOWS\SYSTEM32\windows.storage.dll
0x00007ffa33e60000 - 0x00007ffa33f56000 	C:\WINDOWS\System32\SHCORE.dll
0x00007ffa34fc0000 - 0x00007ffa35027000 	C:\WINDOWS\System32\shlwapi.dll
0x00007ffa327d0000 - 0x00007ffa327f9000 	C:\WINDOWS\SYSTEM32\profapi.dll
0x00007ffa03500000 - 0x00007ffa0351a000 	C:\Program Files\Eclipse Adoptium\jdk-17.0.17.10-hotspot\bin\net.dll
0x00007ffa2a250000 - 0x00007ffa2a379000 	C:\WINDOWS\SYSTEM32\WINHTTP.dll
0x00007ffa31b50000 - 0x00007ffa31bbc000 	C:\WINDOWS\system32\mswsock.dll
0x00007ffa023e0000 - 0x00007ffa023f6000 	C:\Program Files\Eclipse Adoptium\jdk-17.0.17.10-hotspot\bin\nio.dll
0x00007ff9fedb0000 - 0x00007ff9fedc8000 	C:\Program Files\Eclipse Adoptium\jdk-17.0.17.10-hotspot\bin\zip.dll
0x00007ffa15c70000 - 0x00007ffa15c7a000 	C:\Program Files\Eclipse Adoptium\jdk-17.0.17.10-hotspot\bin\management.dll
0x00007ffa15c20000 - 0x00007ffa15c2c000 	C:\Program Files\Eclipse Adoptium\jdk-17.0.17.10-hotspot\bin\management_ext.dll
0x00007ffa344d0000 - 0x00007ffa344d8000 	C:\WINDOWS\System32\PSAPI.DLL

dbghelp: loaded successfully - version: 4.0.5 - missing functions: none
symbol engine: initialized successfully - sym options: 0x614 - pdb path: .;C:\Program Files\Eclipse Adoptium\jdk-17.0.17.10-hotspot\bin;C:\WINDOWS\SYSTEM32;C:\WINDOWS\WinSxS\amd64_microsoft.windows.common-controls_6595b64144ccf1df_6.0.26100.8521_none_3e08b75ce33403b3;C:\Program Files\Eclipse Adoptium\jdk-17.0.17.10-hotspot\bin\server

VM Arguments:
java_command: C:\Users\patri\AppData\Local\Temp\surefire13744766019541239132\surefirebooter-20260710180123065_3.jar C:\Users\patri\AppData\Local\Temp\surefire13744766019541239132 2026-07-10T18-01-22_724-jvmRun1 surefire-20260710180123065_1tmp surefire_0-20260710180123065_2tmp
java_class_path (initial): C:\Users\patri\AppData\Local\Temp\surefire13744766019541239132\surefirebooter-20260710180123065_3.jar
Launcher Type: SUN_STANDARD

[Global flags]
     intx CICompilerCount                          = 4                                         {product} {ergonomic}
     uint ConcGCThreads                            = 2                                         {product} {ergonomic}
     uint G1ConcRefinementThreads                  = 8                                         {product} {ergonomic}
   size_t G1HeapRegionSize                         = 1048576                                   {product} {ergonomic}
    uintx GCDrainStackTargetSize                   = 64                                        {product} {ergonomic}
   size_t InitialHeapSize                          = 132120576                                 {product} {ergonomic}
   size_t MarkStackSize                            = 4194304                                   {product} {ergonomic}
   size_t MaxHeapSize                              = 2111832064                                {product} {ergonomic}
   size_t MaxNewSize                               = 1266679808                                {product} {ergonomic}
   size_t MinHeapDeltaBytes                        = 1048576                                   {product} {ergonomic}
   size_t MinHeapSize                              = 8388608                                   {product} {ergonomic}
    uintx NonNMethodCodeHeapSize                   = 5839372                                {pd product} {ergonomic}
    uintx NonProfiledCodeHeapSize                  = 122909434                              {pd product} {ergonomic}
    uintx ProfiledCodeHeapSize                     = 122909434                              {pd product} {ergonomic}
    uintx ReservedCodeCacheSize                    = 251658240                              {pd product} {ergonomic}
     bool SegmentedCodeCache                       = true                                      {product} {ergonomic}
   size_t SoftMaxHeapSize                          = 2111832064                             {manageable} {ergonomic}
     bool UseCompressedClassPointers               = true                           {product lp64_product} {ergonomic}
     bool UseCompressedOops                        = true                           {product lp64_product} {ergonomic}
     bool UseG1GC                                  = true                                      {product} {ergonomic}
     bool UseLargePagesIndividualAllocation        = false                                  {pd product} {ergonomic}

Logging:
Log output configuration:
 #0: stdout all=warning uptime,level,tags
 #1: stderr all=off uptime,level,tags

Environment Variables:
PATH=C:\Program Files\Eclipse Adoptium\jdk-17.0.17.10-hotspot\bin;C:\Program Files\Common Files\Siemens\Automation\Simatic OAM\bin;C:\Program Files\Common Files\Oracle\Java\javapath;C:\WINDOWS\system32;C:\WINDOWS;C:\WINDOWS\System32\Wbem;C:\WINDOWS\System32\WindowsPowerShell\v1.0\;C:\WINDOWS\System32\OpenSSH\;C:\Program Files (x86)\NVIDIA Corporation\PhysX\Common;C:\Program Files\dotnet\;C:\Program Files (x86)\IVI Foundation\VISA\WinNT\Bin\;C:\Program Files\IVI Foundation\VISA\Win64\Bin\;C:\Program Files (x86)\IVI Foundation\IVI\bin;C:\Program Files\IVI Foundation\IVI\bin;C:\Program Files (x86)\IVI Foundation\VISA\WinNT\Bin;C:\Program Files\NVIDIA Corporation\NVIDIA app\NvDLISR;C:\Program Files\MATLAB\R2024b\bin;C:\Program Files\Git\cmd;C:\Program Files\Docker\Docker\resources\bin;C:\Program Files\nodejs\;C:\ProgramData\chocolatey\bin;C:\ProgramData\chocolatey\lib\maven\apache-maven-3.9.16\bin;C:\Program Files\Amazon\AWSCLIV2\;C:\Users\patri\AppData\Local\Programs\Python\Python313\Scripts\;C:\Users\patri\AppData\Local\Programs\Python\Python313\;C:\Users\patri\AppData\Local\Microsoft\WindowsApps;C:\Users\patri\AppData\Local\Programs\Microsoft VS Code\bin;C:\Users\patri\AppData\Roaming\npm;C:\Users\patri\AppData\Local\GitHubDesktop\bin
USERNAME=patri
OS=Windows_NT
PROCESSOR_IDENTIFIER=Intel64 Family 6 Model 158 Stepping 10, GenuineIntel
TMP=C:\Users\patri\AppData\Local\Temp
TEMP=C:\Users\patri\AppData\Local\Temp



Periodic native trim disabled


---------------  S Y S T E M  ---------------

OS:
 Windows 11 , 64 bit Build 26100 (10.0.26100.8521)
OS uptime: 0 days 10:33 hours
Hyper-V role detected

CPU: total 8 (initial active 8) (4 cores per cpu, 2 threads per core) family 6 model 158 stepping 10 microcode 0xde, cx8, cmov, fxsr, ht, mmx, 3dnowpref, sse, sse2, sse3, ssse3, sse4.1, sse4.2, popcnt, lzcnt, tsc, tscinvbit, avx, avx2, aes, erms, clmul, bmi1, bmi2, adx, fma, vzeroupper, clflush, clflushopt, hv
Processor Information for all 8 processors :
  Max Mhz: 2301, Current Mhz: 2300, Mhz Limit: 2277

Memory: 4k page, system-wide physical 8048M (826M free)
TotalPageFile size 17639M (AvailPageFile size 4M)
current process WorkingSet (physical memory assigned to process): 181M, peak: 181M
current process commit charge ("private bytes"): 288M, peak: 289M

vm_info: OpenJDK 64-Bit Server VM (17.0.17+10) for windows-amd64 JRE (17.0.17+10), built on Oct 21 2025 23:25:32 by "admin" with unknown MS VC++:1942

END.
