#
# There is insufficient memory for the Java Runtime Environment to continue.
# Native memory allocation (malloc) failed to allocate 32744 bytes. Error detail: ChunkPool::allocate
# Possible reasons:
#   The system is out of physical RAM or swap space
#   This process is running with CompressedOops enabled, and the Java Heap may be blocking the growth of the native heap
# Possible solutions:
#   Reduce memory load on the system
#   Increase physical memory or swap space
#   Check if swap backing store is full
#   Decrease Java heap size (-Xmx/-Xms)
#   Decrease number of Java threads
#   Decrease Java thread stack sizes (-Xss)
#   Set larger code cache with -XX:ReservedCodeCacheSize=
#   JVM is running with Unscaled Compressed Oops mode in which the Java heap is
#     placed in the first 4GB address space. The Java Heap base address is the
#     maximum limit for the native heap growth. Please use -XX:HeapBaseMinAddress
#     to set the Java Heap base and to place the Java Heap above 4GB virtual address.
# This output file may be truncated or incomplete.
#
#  Out of Memory Error (arena.cpp:79), pid=23388, tid=11468
#
# JRE version: OpenJDK Runtime Environment Temurin-17.0.17+10 (17.0.17+10) (build 17.0.17+10)
# Java VM: OpenJDK 64-Bit Server VM Temurin-17.0.17+10 (17.0.17+10, mixed mode, sharing, tiered, compressed oops, compressed class ptrs, g1 gc, windows-amd64)
# No core dump will be written. Minidumps are not enabled by default on client versions of Windows
#

---------------  S U M M A R Y ------------

Command Line: --enable-native-access=ALL-UNNAMED -Dclassworlds.conf=C:\ProgramData\chocolatey\lib\maven\apache-maven-3.9.16\bin\m2.conf -Dmaven.home=C:\ProgramData\chocolatey\lib\maven\apache-maven-3.9.16 -Dlibrary.jansi.path=C:\ProgramData\chocolatey\lib\maven\apache-maven-3.9.16\lib\jansi-native -Dmaven.multiModuleProjectDirectory=C:\Users\patri\OneDrive\Escritorio\proyecto semestral\back-Ventas_SpringBoot\Springboot-API-REST org.codehaus.plexus.classworlds.launcher.Launcher clean package

Host: Intel(R) Core(TM) i5-8300H CPU @ 2.30GHz, 8 cores, 7G,  Windows 11 , 64 bit Build 26100 (10.0.26100.8521)
Time: Fri Jul 10 18:01:55 2026 Hora est. Sudam廨ica Pac璗ico elapsed time: 18.257508 seconds (0d 0h 0m 18s)

---------------  T H R E A D  ---------------

Current thread (0x000001a7a70435c0):  JavaThread "C1 CompilerThread0" daemon [_thread_in_vm, id=11468, stack(0x00000041c8a00000,0x00000041c8b00000)]


Current CompileTask:
C1:18257 7887       3       org.apache.maven.surefire.stream.EventDecoder::getEncodedMagicNumber (4 bytes)

Stack: [0x00000041c8a00000,0x00000041c8b00000]
Native frames: (J=compiled Java code, j=interpreted, Vv=VM code, C=native code)
V  [jvm.dll+0x683fb9]
V  [jvm.dll+0x83a1b5]
V  [jvm.dll+0x83bc2e]
V  [jvm.dll+0x83c2b3]
V  [jvm.dll+0x248eff]
V  [jvm.dll+0xad69e]
V  [jvm.dll+0xadb3c]
V  [jvm.dll+0x1d4c0b]
V  [jvm.dll+0x1c1eb5]
V  [jvm.dll+0x22972a]
V  [jvm.dll+0x227a4b]
V  [jvm.dll+0x7effb8]
V  [jvm.dll+0x7ea44c]
V  [jvm.dll+0x682e87]
C  [ucrtbase.dll+0x2cd30]
C  [KERNEL32.DLL+0x2e957]
C  [ntdll.dll+0x87c1c]


---------------  P R O C E S S  ---------------

Threads class SMR info:
_java_thread_list=0x000001a7ee5c9680, length=19, elements={
0x000001a786f39fa0, 0x000001a7a700cb20, 0x000001a7a700d6e0, 0x000001a7a7027300,
0x000001a7a7027cc0, 0x000001a7a7028680, 0x000001a7a7029040, 0x000001a7a7037d80,
0x000001a7a70435c0, 0x000001a7a7043fc0, 0x000001a7a72cb520, 0x000001a7a72cbe50,
0x000001a7ed565590, 0x000001a7eeac9310, 0x000001a7eeac9820, 0x000001a7eeac8e00,
0x000001a7eeac6070, 0x000001a7eeac6580, 0x000001a7eeac6a90
}

Java Threads: ( => current thread )
  0x000001a786f39fa0 JavaThread "main" [_thread_in_native, id=19248, stack(0x00000041c7c00000,0x00000041c7d00000)]
  0x000001a7a700cb20 JavaThread "Reference Handler" daemon [_thread_blocked, id=16412, stack(0x00000041c8300000,0x00000041c8400000)]
  0x000001a7a700d6e0 JavaThread "Finalizer" daemon [_thread_blocked, id=20360, stack(0x00000041c8400000,0x00000041c8500000)]
  0x000001a7a7027300 JavaThread "Signal Dispatcher" daemon [_thread_blocked, id=24728, stack(0x00000041c8500000,0x00000041c8600000)]
  0x000001a7a7027cc0 JavaThread "Attach Listener" daemon [_thread_blocked, id=26664, stack(0x00000041c8600000,0x00000041c8700000)]
  0x000001a7a7028680 JavaThread "Service Thread" daemon [_thread_blocked, id=24180, stack(0x00000041c8700000,0x00000041c8800000)]
  0x000001a7a7029040 JavaThread "Monitor Deflation Thread" daemon [_thread_blocked, id=19688, stack(0x00000041c8800000,0x00000041c8900000)]
  0x000001a7a7037d80 JavaThread "C2 CompilerThread0" daemon [_thread_in_native, id=25456, stack(0x00000041c8900000,0x00000041c8a00000)]
=>0x000001a7a70435c0 JavaThread "C1 CompilerThread0" daemon [_thread_in_vm, id=11468, stack(0x00000041c8a00000,0x00000041c8b00000)]
  0x000001a7a7043fc0 JavaThread "Sweeper thread" daemon [_thread_blocked, id=25676, stack(0x00000041c8b00000,0x00000041c8c00000)]
  0x000001a7a72cb520 JavaThread "Notification Thread" daemon [_thread_blocked, id=26944, stack(0x00000041c8c00000,0x00000041c8d00000)]
  0x000001a7a72cbe50 JavaThread "Common-Cleaner" daemon [_thread_blocked, id=26148, stack(0x00000041c8e00000,0x00000041c8f00000)]
  0x000001a7ed565590 JavaThread "Thread-1" daemon [_thread_blocked, id=18452, stack(0x00000041c9700000,0x00000041c9800000)]
  0x000001a7eeac9310 JavaThread "timeout-check-timer" daemon [_thread_blocked, id=27348, stack(0x00000041c9d00000,0x00000041c9e00000)]
  0x000001a7eeac9820 JavaThread "ping-timer-10s" daemon [_thread_blocked, id=26360, stack(0x00000041c9e00000,0x00000041c9f00000)]
  0x000001a7eeac8e00 JavaThread "ThreadedStreamConsumer" daemon [_thread_blocked, id=24132, stack(0x00000041c9f00000,0x00000041ca000000)]
  0x000001a7eeac6070 JavaThread "fork-1-err-thread" daemon [_thread_in_native, id=27176, stack(0x00000041ca000000,0x00000041ca100000)]
  0x000001a7eeac6580 JavaThread "commands-fork-1" daemon [_thread_blocked, id=25188, stack(0x00000041ca100000,0x00000041ca200000)]
  0x000001a7eeac6a90 JavaThread "fork-1-event-thread" daemon [_thread_blocked, id=24288, stack(0x00000041ca200000,0x00000041ca300000)]

Other Threads:
  0x000001a7a70095f0 VMThread "VM Thread" [stack: 0x00000041c8200000,0x00000041c8300000] [id=24440] _threads_hazard_ptr=0x000001a7ee5c9680
  0x000001a7a72cba00 WatcherThread [stack: 0x00000041c8d00000,0x00000041c8e00000] [id=28508]
  0x000001a786f98db0 GCTaskThread "GC Thread#0" [stack: 0x00000041c7d00000,0x00000041c7e00000] [id=14576]
  0x000001a7a7d8c9a0 GCTaskThread "GC Thread#1" [stack: 0x00000041c9000000,0x00000041c9100000] [id=26716]
  0x000001a7a7d8cc60 GCTaskThread "GC Thread#2" [stack: 0x00000041c9100000,0x00000041c9200000] [id=27264]
  0x000001a7a7ab78a0 GCTaskThread "GC Thread#3" [stack: 0x00000041c9200000,0x00000041c9300000] [id=25640]
  0x000001a7a7aa4810 GCTaskThread "GC Thread#4" [stack: 0x00000041c9300000,0x00000041c9400000] [id=19764]
  0x000001a7a7aa4ad0 GCTaskThread "GC Thread#5" [stack: 0x00000041c9400000,0x00000041c9500000] [id=27448]
  0x000001a7a7aa8da0 GCTaskThread "GC Thread#6" [stack: 0x00000041c9500000,0x00000041c9600000] [id=25784]
  0x000001a7ed470570 GCTaskThread "GC Thread#7" [stack: 0x00000041c9600000,0x00000041c9700000] [id=26200]
  0x000001a786fa98c0 ConcurrentGCThread "G1 Main Marker" [stack: 0x00000041c7e00000,0x00000041c7f00000] [id=26864]
  0x000001a786faafb0 ConcurrentGCThread "G1 Conc#0" [stack: 0x00000041c7f00000,0x00000041c8000000] [id=23572]
  0x000001a7ede7aee0 ConcurrentGCThread "G1 Conc#1" [stack: 0x00000041c9900000,0x00000041c9a00000] [id=15660]
  0x000001a786feeb40 ConcurrentGCThread "G1 Refine#0" [stack: 0x00000041c8000000,0x00000041c8100000] [id=10924]
  0x000001a7a7748f60 ConcurrentGCThread "G1 Refine#1" [stack: 0x00000041c9a00000,0x00000041c9b00000] [id=24752]
  0x000001a7eeaa3ec0 ConcurrentGCThread "G1 Refine#2" [stack: 0x00000041c9b00000,0x00000041c9c00000] [id=21792]
  0x000001a7efc99430 ConcurrentGCThread "G1 Refine#3" [stack: 0x00000041c9c00000,0x00000041c9d00000] [id=23560]
  0x000001a7a6ebba10 ConcurrentGCThread "G1 Service" [stack: 0x00000041c8100000,0x00000041c8200000] [id=16328]

Threads with active compile tasks:
C2 CompilerThread0  18303 7885       4       java.nio.CharBuffer::<init> (24 bytes)
C1 CompilerThread0  18303 7887       3       org.apache.maven.surefire.stream.EventDecoder::getEncodedMagicNumber (4 bytes)

VM state: synchronizing (normal execution)

VM Mutex/Monitor currently owned by a thread:  ([mutex/lock_event])
[0x000001a786f35bf0] Threads_lock - owner thread: 0x000001a7a70095f0

Heap address: 0x0000000082200000, size: 2014 MB, Compressed Oops mode: 32-bit

CDS archive(s) mapped at: [0x000001a7a8000000-0x000001a7a8bb0000-0x000001a7a8bb0000), size 12255232, SharedBaseAddress: 0x000001a7a8000000, ArchiveRelocationMode: 1.
Compressed class space mapped at: 0x000001a7a9000000-0x000001a7e9000000, reserved size: 1073741824
Narrow klass base: 0x000001a7a8000000, Narrow klass shift: 0, Narrow klass range: 0x100000000

GC Precious Log:
 CPUs: 8 total, 8 available
 Memory: 8048M
 Large Page Support: Disabled
 NUMA Support: Disabled
 Compressed Oops: Enabled (32-bit)
 Heap Region Size: 1M
 Heap Min Capacity: 8M
 Heap Initial Capacity: 126M
 Heap Max Capacity: 2014M
 Pre-touch: Disabled
 Parallel Workers: 8
 Concurrent Workers: 2
 Concurrent Refinement Workers: 8
 Periodic GC: Disabled

Heap:
 garbage-first heap   total 199680K, used 114329K [0x0000000082200000, 0x0000000100000000)
  region size 1024K, 55 young (56320K), 13 survivors (13312K)
 Metaspace       used 34902K, committed 35328K, reserved 1114112K
  class space    used 4008K, committed 4224K, reserved 1048576K

Heap Regions: E=young(eden), S=young(survivor), O=old, HS=humongous(starts), HC=humongous(continues), CS=collection set, F=free, OA=open archive, CA=closed archive, TAMS=top-at-mark-start (previous, next)
|   0|0x0000000082200000, 0x0000000082300000, 0x0000000082300000|100%| O|  |TAMS 0x0000000082300000, 0x0000000082300000| Untracked 
|   1|0x0000000082300000, 0x0000000082400000, 0x0000000082400000|100%| O|  |TAMS 0x0000000082400000, 0x0000000082400000| Untracked 
|   2|0x0000000082400000, 0x0000000082500000, 0x0000000082500000|100%| O|  |TAMS 0x0000000082500000, 0x0000000082500000| Untracked 
|   3|0x0000000082500000, 0x0000000082600000, 0x0000000082600000|100%| O|  |TAMS 0x0000000082600000, 0x0000000082600000| Untracked 
|   4|0x0000000082600000, 0x0000000082700000, 0x0000000082700000|100%| O|  |TAMS 0x0000000082700000, 0x0000000082700000| Untracked 
|   5|0x0000000082700000, 0x0000000082800000, 0x0000000082800000|100%| O|  |TAMS 0x0000000082800000, 0x0000000082800000| Untracked 
|   6|0x0000000082800000, 0x0000000082900000, 0x0000000082900000|100%| O|  |TAMS 0x0000000082900000, 0x0000000082900000| Untracked 
|   7|0x0000000082900000, 0x0000000082a00000, 0x0000000082a00000|100%| O|  |TAMS 0x0000000082a00000, 0x0000000082a00000| Untracked 
|   8|0x0000000082a00000, 0x0000000082b00000, 0x0000000082b00000|100%| O|  |TAMS 0x0000000082b00000, 0x0000000082b00000| Untracked 
|   9|0x0000000082b00000, 0x0000000082c00000, 0x0000000082c00000|100%| O|  |TAMS 0x0000000082c00000, 0x0000000082c00000| Untracked 
|  10|0x0000000082c00000, 0x0000000082d00000, 0x0000000082d00000|100%| O|  |TAMS 0x0000000082d00000, 0x0000000082d00000| Untracked 
|  11|0x0000000082d00000, 0x0000000082e00000, 0x0000000082e00000|100%| O|  |TAMS 0x0000000082d00000, 0x0000000082e00000| Untracked 
|  12|0x0000000082e00000, 0x0000000082e00000, 0x0000000082f00000|  0%| F|  |TAMS 0x0000000082e00000, 0x0000000082e00000| Untracked 
|  13|0x0000000082f00000, 0x0000000083000000, 0x0000000083000000|100%| O|  |TAMS 0x0000000082f00000, 0x0000000083000000| Untracked 
|  14|0x0000000083000000, 0x0000000083100000, 0x0000000083100000|100%| O|  |TAMS 0x0000000083000000, 0x0000000083100000| Untracked 
|  15|0x0000000083100000, 0x0000000083200000, 0x0000000083200000|100%|HS|  |TAMS 0x0000000083200000, 0x0000000083200000| Complete 
|  16|0x0000000083200000, 0x0000000083300000, 0x0000000083300000|100%|HC|  |TAMS 0x0000000083300000, 0x0000000083300000| Complete 
|  17|0x0000000083300000, 0x0000000083400000, 0x0000000083400000|100%|HS|  |TAMS 0x0000000083300000, 0x0000000083400000| Complete 
|  18|0x0000000083400000, 0x0000000083500000, 0x0000000083500000|100%| O|  |TAMS 0x0000000083400000, 0x0000000083500000| Untracked 
|  19|0x0000000083500000, 0x0000000083600000, 0x0000000083600000|100%| O|  |TAMS 0x0000000083500000, 0x0000000083600000| Untracked 
|  20|0x0000000083600000, 0x0000000083700000, 0x0000000083700000|100%| O|  |TAMS 0x0000000083600000, 0x0000000083700000| Untracked 
|  21|0x0000000083700000, 0x0000000083800000, 0x0000000083800000|100%| O|  |TAMS 0x0000000083700000, 0x0000000083800000| Untracked 
|  22|0x0000000083800000, 0x0000000083900000, 0x0000000083900000|100%| O|  |TAMS 0x0000000083800000, 0x0000000083900000| Untracked 
|  23|0x0000000083900000, 0x0000000083a00000, 0x0000000083a00000|100%| O|  |TAMS 0x0000000083900000, 0x0000000083a00000| Untracked 
|  24|0x0000000083a00000, 0x0000000083b00000, 0x0000000083b00000|100%| O|  |TAMS 0x0000000083a00000, 0x0000000083b00000| Untracked 
|  25|0x0000000083b00000, 0x0000000083c00000, 0x0000000083c00000|100%| O|  |TAMS 0x0000000083b00000, 0x0000000083c00000| Untracked 
|  26|0x0000000083c00000, 0x0000000083d00000, 0x0000000083d00000|100%| O|  |TAMS 0x0000000083c00000, 0x0000000083d00000| Untracked 
|  27|0x0000000083d00000, 0x0000000083e00000, 0x0000000083e00000|100%| O|  |TAMS 0x0000000083d00000, 0x0000000083e00000| Untracked 
|  28|0x0000000083e00000, 0x0000000083f00000, 0x0000000083f00000|100%| O|  |TAMS 0x0000000083e00000, 0x0000000083f00000| Untracked 
|  29|0x0000000083f00000, 0x0000000084000000, 0x0000000084000000|100%| O|  |TAMS 0x0000000083f00000, 0x0000000084000000| Untracked 
|  30|0x0000000084000000, 0x0000000084100000, 0x0000000084100000|100%| O|  |TAMS 0x0000000084000000, 0x00000000840b2c00| Untracked 
|  31|0x0000000084100000, 0x0000000084100000, 0x0000000084200000|  0%| F|  |TAMS 0x0000000084100000, 0x0000000084100000| Untracked 
|  32|0x0000000084200000, 0x0000000084300000, 0x0000000084300000|100%|HS|  |TAMS 0x0000000084200000, 0x0000000084200000| Complete 
|  33|0x0000000084300000, 0x0000000084400000, 0x0000000084400000|100%|HC|  |TAMS 0x0000000084300000, 0x0000000084300000| Complete 
|  34|0x0000000084400000, 0x0000000084500000, 0x0000000084500000|100%|HS|  |TAMS 0x0000000084400000, 0x0000000084400000| Complete 
|  35|0x0000000084500000, 0x0000000084600000, 0x0000000084600000|100%| O|  |TAMS 0x0000000084500000, 0x0000000084600000| Untracked 
|  36|0x0000000084600000, 0x0000000084700000, 0x0000000084700000|100%| O|  |TAMS 0x0000000084600000, 0x0000000084700000| Untracked 
|  37|0x0000000084700000, 0x0000000084800000, 0x0000000084800000|100%| O|  |TAMS 0x0000000084700000, 0x0000000084800000| Untracked 
|  38|0x0000000084800000, 0x0000000084900000, 0x0000000084900000|100%| O|  |TAMS 0x0000000084800000, 0x0000000084900000| Untracked 
|  39|0x0000000084900000, 0x0000000084a00000, 0x0000000084a00000|100%| O|  |TAMS 0x0000000084900000, 0x0000000084a00000| Untracked 
|  40|0x0000000084a00000, 0x0000000084b00000, 0x0000000084b00000|100%| O|  |TAMS 0x0000000084a00000, 0x0000000084b00000| Untracked 
|  41|0x0000000084b00000, 0x0000000084c00000, 0x0000000084c00000|100%|HS|  |TAMS 0x0000000084b00000, 0x0000000084b00000| Complete 
|  42|0x0000000084c00000, 0x0000000084d00000, 0x0000000084d00000|100%|HS|  |TAMS 0x0000000084c00000, 0x0000000084c00000| Complete 
|  43|0x0000000084d00000, 0x0000000084e00000, 0x0000000084e00000|100%|HS|  |TAMS 0x0000000084d00000, 0x0000000084d00000| Complete 
|  44|0x0000000084e00000, 0x0000000084f00000, 0x0000000084f00000|100%| O|  |TAMS 0x0000000084e00000, 0x0000000084e00000| Untracked 
|  45|0x0000000084f00000, 0x0000000085000000, 0x0000000085000000|100%| O|  |TAMS 0x0000000084f00000, 0x0000000084f00000| Untracked 
|  46|0x0000000085000000, 0x0000000085100000, 0x0000000085100000|100%| O|  |TAMS 0x0000000085000000, 0x0000000085000000| Untracked 
|  47|0x0000000085100000, 0x0000000085200000, 0x0000000085200000|100%| O|  |TAMS 0x0000000085100000, 0x0000000085100000| Untracked 
|  48|0x0000000085200000, 0x0000000085300000, 0x0000000085300000|100%| O|  |TAMS 0x0000000085200000, 0x0000000085200000| Untracked 
|  49|0x0000000085300000, 0x0000000085400000, 0x0000000085400000|100%| O|  |TAMS 0x0000000085300000, 0x0000000085300000| Untracked 
|  50|0x0000000085400000, 0x0000000085500000, 0x0000000085500000|100%| O|  |TAMS 0x0000000085400000, 0x0000000085400000| Untracked 
|  51|0x0000000085500000, 0x0000000085600000, 0x0000000085600000|100%| O|  |TAMS 0x0000000085500000, 0x0000000085500000| Untracked 
|  52|0x0000000085600000, 0x0000000085700000, 0x0000000085700000|100%| O|  |TAMS 0x0000000085600000, 0x0000000085600000| Untracked 
|  53|0x0000000085700000, 0x0000000085800000, 0x0000000085800000|100%| O|  |TAMS 0x0000000085700000, 0x0000000085700000| Untracked 
|  54|0x0000000085800000, 0x00000000858a6408, 0x0000000085900000| 64%| O|  |TAMS 0x0000000085800000, 0x0000000085800000| Untracked 
|  55|0x0000000085900000, 0x0000000085900000, 0x0000000085a00000|  0%| F|  |TAMS 0x0000000085900000, 0x0000000085900000| Untracked 
|  56|0x0000000085a00000, 0x0000000085a00000, 0x0000000085b00000|  0%| F|  |TAMS 0x0000000085a00000, 0x0000000085a00000| Untracked 
|  57|0x0000000085b00000, 0x0000000085b00000, 0x0000000085c00000|  0%| F|  |TAMS 0x0000000085b00000, 0x0000000085b00000| Untracked 
|  58|0x0000000085c00000, 0x0000000085c00000, 0x0000000085d00000|  0%| F|  |TAMS 0x0000000085c00000, 0x0000000085c00000| Untracked 
|  59|0x0000000085d00000, 0x0000000085d00000, 0x0000000085e00000|  0%| F|  |TAMS 0x0000000085d00000, 0x0000000085d00000| Untracked 
|  60|0x0000000085e00000, 0x0000000085e00000, 0x0000000085f00000|  0%| F|  |TAMS 0x0000000085e00000, 0x0000000085e00000| Untracked 
|  61|0x0000000085f00000, 0x0000000085f00000, 0x0000000086000000|  0%| F|  |TAMS 0x0000000085f00000, 0x0000000085f00000| Untracked 
|  62|0x0000000086000000, 0x0000000086000000, 0x0000000086100000|  0%| F|  |TAMS 0x0000000086000000, 0x0000000086000000| Untracked 
|  63|0x0000000086100000, 0x0000000086100000, 0x0000000086200000|  0%| F|  |TAMS 0x0000000086100000, 0x0000000086100000| Untracked 
|  64|0x0000000086200000, 0x0000000086200000, 0x0000000086300000|  0%| F|  |TAMS 0x0000000086200000, 0x0000000086200000| Untracked 
|  65|0x0000000086300000, 0x0000000086300000, 0x0000000086400000|  0%| F|  |TAMS 0x0000000086300000, 0x0000000086300000| Untracked 
|  66|0x0000000086400000, 0x0000000086400000, 0x0000000086500000|  0%| F|  |TAMS 0x0000000086400000, 0x0000000086400000| Untracked 
|  67|0x0000000086500000, 0x0000000086500000, 0x0000000086600000|  0%| F|  |TAMS 0x0000000086500000, 0x0000000086500000| Untracked 
|  68|0x0000000086600000, 0x0000000086600000, 0x0000000086700000|  0%| F|  |TAMS 0x0000000086600000, 0x0000000086600000| Untracked 
|  69|0x0000000086700000, 0x0000000086700000, 0x0000000086800000|  0%| F|  |TAMS 0x0000000086700000, 0x0000000086700000| Untracked 
|  70|0x0000000086800000, 0x0000000086800000, 0x0000000086900000|  0%| F|  |TAMS 0x0000000086800000, 0x0000000086800000| Untracked 
|  71|0x0000000086900000, 0x0000000086900000, 0x0000000086a00000|  0%| F|  |TAMS 0x0000000086900000, 0x0000000086900000| Untracked 
|  72|0x0000000086a00000, 0x0000000086a00000, 0x0000000086b00000|  0%| F|  |TAMS 0x0000000086a00000, 0x0000000086a00000| Untracked 
|  73|0x0000000086b00000, 0x0000000086b00000, 0x0000000086c00000|  0%| F|  |TAMS 0x0000000086b00000, 0x0000000086b00000| Untracked 
|  74|0x0000000086c00000, 0x0000000086c00000, 0x0000000086d00000|  0%| F|  |TAMS 0x0000000086c00000, 0x0000000086c00000| Untracked 
|  75|0x0000000086d00000, 0x0000000086d00000, 0x0000000086e00000|  0%| F|  |TAMS 0x0000000086d00000, 0x0000000086d00000| Untracked 
|  76|0x0000000086e00000, 0x0000000086e00000, 0x0000000086f00000|  0%| F|  |TAMS 0x0000000086e00000, 0x0000000086e00000| Untracked 
|  77|0x0000000086f00000, 0x0000000086f00000, 0x0000000087000000|  0%| F|  |TAMS 0x0000000086f00000, 0x0000000086f00000| Untracked 
|  78|0x0000000087000000, 0x0000000087000000, 0x0000000087100000|  0%| F|  |TAMS 0x0000000087000000, 0x0000000087000000| Untracked 
|  79|0x0000000087100000, 0x0000000087100000, 0x0000000087200000|  0%| F|  |TAMS 0x0000000087100000, 0x0000000087100000| Untracked 
|  80|0x0000000087200000, 0x0000000087200000, 0x0000000087300000|  0%| F|  |TAMS 0x0000000087200000, 0x0000000087200000| Untracked 
|  81|0x0000000087300000, 0x0000000087300000, 0x0000000087400000|  0%| F|  |TAMS 0x0000000087300000, 0x0000000087300000| Untracked 
|  82|0x0000000087400000, 0x0000000087500000, 0x0000000087500000|100%| S|CS|TAMS 0x0000000087400000, 0x0000000087400000| Complete 
|  83|0x0000000087500000, 0x0000000087600000, 0x0000000087600000|100%| S|CS|TAMS 0x0000000087500000, 0x0000000087500000| Complete 
|  84|0x0000000087600000, 0x0000000087700000, 0x0000000087700000|100%| S|CS|TAMS 0x0000000087600000, 0x0000000087600000| Complete 
|  85|0x0000000087700000, 0x0000000087800000, 0x0000000087800000|100%| S|CS|TAMS 0x0000000087700000, 0x0000000087700000| Complete 
|  86|0x0000000087800000, 0x0000000087900000, 0x0000000087900000|100%| S|CS|TAMS 0x0000000087800000, 0x0000000087800000| Complete 
|  87|0x0000000087900000, 0x0000000087a00000, 0x0000000087a00000|100%| S|CS|TAMS 0x0000000087900000, 0x0000000087900000| Complete 
|  88|0x0000000087a00000, 0x0000000087b00000, 0x0000000087b00000|100%| S|CS|TAMS 0x0000000087a00000, 0x0000000087a00000| Complete 
|  89|0x0000000087b00000, 0x0000000087c00000, 0x0000000087c00000|100%| S|CS|TAMS 0x0000000087b00000, 0x0000000087b00000| Complete 
|  90|0x0000000087c00000, 0x0000000087d00000, 0x0000000087d00000|100%| S|CS|TAMS 0x0000000087c00000, 0x0000000087c00000| Complete 
|  91|0x0000000087d00000, 0x0000000087e00000, 0x0000000087e00000|100%| S|CS|TAMS 0x0000000087d00000, 0x0000000087d00000| Complete 
|  92|0x0000000087e00000, 0x0000000087f00000, 0x0000000087f00000|100%| S|CS|TAMS 0x0000000087e00000, 0x0000000087e00000| Complete 
|  93|0x0000000087f00000, 0x0000000088000000, 0x0000000088000000|100%| S|CS|TAMS 0x0000000087f00000, 0x0000000087f00000| Complete 
|  94|0x0000000088000000, 0x0000000088100000, 0x0000000088100000|100%| S|CS|TAMS 0x0000000088000000, 0x0000000088000000| Complete 
|  95|0x0000000088100000, 0x0000000088100000, 0x0000000088200000|  0%| F|  |TAMS 0x0000000088100000, 0x0000000088100000| Untracked 
|  96|0x0000000088200000, 0x0000000088200000, 0x0000000088300000|  0%| F|  |TAMS 0x0000000088200000, 0x0000000088200000| Untracked 
|  97|0x0000000088300000, 0x0000000088300000, 0x0000000088400000|  0%| F|  |TAMS 0x0000000088300000, 0x0000000088300000| Untracked 
|  98|0x0000000088400000, 0x0000000088400000, 0x0000000088500000|  0%| F|  |TAMS 0x0000000088400000, 0x0000000088400000| Untracked 
|  99|0x0000000088500000, 0x0000000088500000, 0x0000000088600000|  0%| F|  |TAMS 0x0000000088500000, 0x0000000088500000| Untracked 
| 100|0x0000000088600000, 0x0000000088600000, 0x0000000088700000|  0%| F|  |TAMS 0x0000000088600000, 0x0000000088600000| Untracked 
| 101|0x0000000088700000, 0x0000000088700000, 0x0000000088800000|  0%| F|  |TAMS 0x0000000088700000, 0x0000000088700000| Untracked 
| 102|0x0000000088800000, 0x0000000088800000, 0x0000000088900000|  0%| F|  |TAMS 0x0000000088800000, 0x0000000088800000| Untracked 
| 103|0x0000000088900000, 0x0000000088900000, 0x0000000088a00000|  0%| F|  |TAMS 0x0000000088900000, 0x0000000088900000| Untracked 
| 104|0x0000000088a00000, 0x0000000088a00000, 0x0000000088b00000|  0%| F|  |TAMS 0x0000000088a00000, 0x0000000088a00000| Untracked 
| 105|0x0000000088b00000, 0x0000000088b00000, 0x0000000088c00000|  0%| F|  |TAMS 0x0000000088b00000, 0x0000000088b00000| Untracked 
| 106|0x0000000088c00000, 0x0000000088c00000, 0x0000000088d00000|  0%| F|  |TAMS 0x0000000088c00000, 0x0000000088c00000| Untracked 
| 107|0x0000000088d00000, 0x0000000088d00000, 0x0000000088e00000|  0%| F|  |TAMS 0x0000000088d00000, 0x0000000088d00000| Untracked 
| 108|0x0000000088e00000, 0x0000000088e00000, 0x0000000088f00000|  0%| F|  |TAMS 0x0000000088e00000, 0x0000000088e00000| Untracked 
| 109|0x0000000088f00000, 0x0000000088f00000, 0x0000000089000000|  0%| F|  |TAMS 0x0000000088f00000, 0x0000000088f00000| Untracked 
| 110|0x0000000089000000, 0x0000000089000000, 0x0000000089100000|  0%| F|  |TAMS 0x0000000089000000, 0x0000000089000000| Untracked 
| 111|0x0000000089100000, 0x0000000089100000, 0x0000000089200000|  0%| F|  |TAMS 0x0000000089100000, 0x0000000089100000| Untracked 
| 112|0x0000000089200000, 0x0000000089200000, 0x0000000089300000|  0%| F|  |TAMS 0x0000000089200000, 0x0000000089200000| Untracked 
| 113|0x0000000089300000, 0x0000000089300000, 0x0000000089400000|  0%| F|  |TAMS 0x0000000089300000, 0x0000000089300000| Untracked 
| 114|0x0000000089400000, 0x0000000089400000, 0x0000000089500000|  0%| F|  |TAMS 0x0000000089400000, 0x0000000089400000| Untracked 
| 115|0x0000000089500000, 0x0000000089500000, 0x0000000089600000|  0%| F|  |TAMS 0x0000000089500000, 0x0000000089500000| Untracked 
| 116|0x0000000089600000, 0x0000000089600000, 0x0000000089700000|  0%| F|  |TAMS 0x0000000089600000, 0x0000000089600000| Untracked 
| 117|0x0000000089700000, 0x0000000089700000, 0x0000000089800000|  0%| F|  |TAMS 0x0000000089700000, 0x0000000089700000| Untracked 
| 118|0x0000000089800000, 0x0000000089800000, 0x0000000089900000|  0%| F|  |TAMS 0x0000000089800000, 0x0000000089800000| Untracked 
| 119|0x0000000089900000, 0x0000000089900000, 0x0000000089a00000|  0%| F|  |TAMS 0x0000000089900000, 0x0000000089900000| Untracked 
| 120|0x0000000089a00000, 0x0000000089a00000, 0x0000000089b00000|  0%| F|  |TAMS 0x0000000089a00000, 0x0000000089a00000| Untracked 
| 121|0x0000000089b00000, 0x0000000089b00000, 0x0000000089c00000|  0%| F|  |TAMS 0x0000000089b00000, 0x0000000089b00000| Untracked 
| 122|0x0000000089c00000, 0x0000000089c00000, 0x0000000089d00000|  0%| F|  |TAMS 0x0000000089c00000, 0x0000000089c00000| Untracked 
| 123|0x0000000089d00000, 0x0000000089d00000, 0x0000000089e00000|  0%| F|  |TAMS 0x0000000089d00000, 0x0000000089d00000| Untracked 
| 124|0x0000000089e00000, 0x0000000089e00000, 0x0000000089f00000|  0%| F|  |TAMS 0x0000000089e00000, 0x0000000089e00000| Untracked 
| 125|0x0000000089f00000, 0x0000000089f00000, 0x000000008a000000|  0%| F|  |TAMS 0x0000000089f00000, 0x0000000089f00000| Untracked 
| 126|0x000000008a000000, 0x000000008a000000, 0x000000008a100000|  0%| F|  |TAMS 0x000000008a000000, 0x000000008a000000| Untracked 
| 127|0x000000008a100000, 0x000000008a100000, 0x000000008a200000|  0%| F|  |TAMS 0x000000008a100000, 0x000000008a100000| Untracked 
| 128|0x000000008a200000, 0x000000008a200000, 0x000000008a300000|  0%| F|  |TAMS 0x000000008a200000, 0x000000008a200000| Untracked 
| 129|0x000000008a300000, 0x000000008a300000, 0x000000008a400000|  0%| F|  |TAMS 0x000000008a300000, 0x000000008a300000| Untracked 
| 130|0x000000008a400000, 0x000000008a400000, 0x000000008a500000|  0%| F|  |TAMS 0x000000008a400000, 0x000000008a400000| Untracked 
| 131|0x000000008a500000, 0x000000008a500000, 0x000000008a600000|  0%| F|  |TAMS 0x000000008a500000, 0x000000008a500000| Untracked 
| 132|0x000000008a600000, 0x000000008a600000, 0x000000008a700000|  0%| F|  |TAMS 0x000000008a600000, 0x000000008a600000| Untracked 
| 133|0x000000008a700000, 0x000000008a700000, 0x000000008a800000|  0%| F|  |TAMS 0x000000008a700000, 0x000000008a700000| Untracked 
| 134|0x000000008a800000, 0x000000008a800000, 0x000000008a900000|  0%| F|  |TAMS 0x000000008a800000, 0x000000008a800000| Untracked 
| 135|0x000000008a900000, 0x000000008a900000, 0x000000008aa00000|  0%| F|  |TAMS 0x000000008a900000, 0x000000008a900000| Untracked 
| 136|0x000000008aa00000, 0x000000008aa00000, 0x000000008ab00000|  0%| F|  |TAMS 0x000000008aa00000, 0x000000008aa00000| Untracked 
| 137|0x000000008ab00000, 0x000000008ab00000, 0x000000008ac00000|  0%| F|  |TAMS 0x000000008ab00000, 0x000000008ab00000| Untracked 
| 138|0x000000008ac00000, 0x000000008ac00000, 0x000000008ad00000|  0%| F|  |TAMS 0x000000008ac00000, 0x000000008ac00000| Untracked 
| 139|0x000000008ad00000, 0x000000008ad00000, 0x000000008ae00000|  0%| F|  |TAMS 0x000000008ad00000, 0x000000008ad00000| Untracked 
| 140|0x000000008ae00000, 0x000000008ae00000, 0x000000008af00000|  0%| F|  |TAMS 0x000000008ae00000, 0x000000008ae00000| Untracked 
| 141|0x000000008af00000, 0x000000008af00000, 0x000000008b000000|  0%| F|  |TAMS 0x000000008af00000, 0x000000008af00000| Untracked 
| 142|0x000000008b000000, 0x000000008b000000, 0x000000008b100000|  0%| F|  |TAMS 0x000000008b000000, 0x000000008b000000| Untracked 
| 143|0x000000008b100000, 0x000000008b100000, 0x000000008b200000|  0%| F|  |TAMS 0x000000008b100000, 0x000000008b100000| Untracked 
| 144|0x000000008b200000, 0x000000008b200000, 0x000000008b300000|  0%| F|  |TAMS 0x000000008b200000, 0x000000008b200000| Untracked 
| 145|0x000000008b300000, 0x000000008b300000, 0x000000008b400000|  0%| F|  |TAMS 0x000000008b300000, 0x000000008b300000| Untracked 
| 146|0x000000008b400000, 0x000000008b400000, 0x000000008b500000|  0%| F|  |TAMS 0x000000008b400000, 0x000000008b400000| Untracked 
| 147|0x000000008b500000, 0x000000008b500000, 0x000000008b600000|  0%| F|  |TAMS 0x000000008b500000, 0x000000008b500000| Untracked 
| 148|0x000000008b600000, 0x000000008b700000, 0x000000008b700000|100%| E|  |TAMS 0x000000008b600000, 0x000000008b600000| Complete 
| 149|0x000000008b700000, 0x000000008b800000, 0x000000008b800000|100%| E|CS|TAMS 0x000000008b700000, 0x000000008b700000| Complete 
| 150|0x000000008b800000, 0x000000008b900000, 0x000000008b900000|100%| E|CS|TAMS 0x000000008b800000, 0x000000008b800000| Complete 
| 151|0x000000008b900000, 0x000000008ba00000, 0x000000008ba00000|100%| E|CS|TAMS 0x000000008b900000, 0x000000008b900000| Complete 
| 152|0x000000008ba00000, 0x000000008bb00000, 0x000000008bb00000|100%| E|CS|TAMS 0x000000008ba00000, 0x000000008ba00000| Complete 
| 153|0x000000008bb00000, 0x000000008bc00000, 0x000000008bc00000|100%| E|CS|TAMS 0x000000008bb00000, 0x000000008bb00000| Complete 
| 154|0x000000008bc00000, 0x000000008bd00000, 0x000000008bd00000|100%| E|CS|TAMS 0x000000008bc00000, 0x000000008bc00000| Complete 
| 155|0x000000008bd00000, 0x000000008be00000, 0x000000008be00000|100%| E|CS|TAMS 0x000000008bd00000, 0x000000008bd00000| Complete 
| 156|0x000000008be00000, 0x000000008bf00000, 0x000000008bf00000|100%| E|CS|TAMS 0x000000008be00000, 0x000000008be00000| Complete 
| 157|0x000000008bf00000, 0x000000008c000000, 0x000000008c000000|100%| E|CS|TAMS 0x000000008bf00000, 0x000000008bf00000| Complete 
| 158|0x000000008c000000, 0x000000008c100000, 0x000000008c100000|100%| E|CS|TAMS 0x000000008c000000, 0x000000008c000000| Complete 
| 159|0x000000008c100000, 0x000000008c200000, 0x000000008c200000|100%| E|CS|TAMS 0x000000008c100000, 0x000000008c100000| Complete 
| 160|0x000000008c200000, 0x000000008c300000, 0x000000008c300000|100%| E|CS|TAMS 0x000000008c200000, 0x000000008c200000| Complete 
| 161|0x000000008c300000, 0x000000008c400000, 0x000000008c400000|100%| E|CS|TAMS 0x000000008c300000, 0x000000008c300000| Complete 
| 162|0x000000008c400000, 0x000000008c500000, 0x000000008c500000|100%| E|CS|TAMS 0x000000008c400000, 0x000000008c400000| Complete 
| 163|0x000000008c500000, 0x000000008c600000, 0x000000008c600000|100%| E|CS|TAMS 0x000000008c500000, 0x000000008c500000| Complete 
| 164|0x000000008c600000, 0x000000008c700000, 0x000000008c700000|100%| E|CS|TAMS 0x000000008c600000, 0x000000008c600000| Complete 
| 165|0x000000008c700000, 0x000000008c800000, 0x000000008c800000|100%| E|CS|TAMS 0x000000008c700000, 0x000000008c700000| Complete 
| 166|0x000000008c800000, 0x000000008c900000, 0x000000008c900000|100%| E|CS|TAMS 0x000000008c800000, 0x000000008c800000| Complete 
| 167|0x000000008c900000, 0x000000008ca00000, 0x000000008ca00000|100%| E|CS|TAMS 0x000000008c900000, 0x000000008c900000| Complete 
| 168|0x000000008ca00000, 0x000000008cb00000, 0x000000008cb00000|100%| E|CS|TAMS 0x000000008ca00000, 0x000000008ca00000| Complete 
| 169|0x000000008cb00000, 0x000000008cc00000, 0x000000008cc00000|100%| E|CS|TAMS 0x000000008cb00000, 0x000000008cb00000| Complete 
| 170|0x000000008cc00000, 0x000000008cd00000, 0x000000008cd00000|100%| E|CS|TAMS 0x000000008cc00000, 0x000000008cc00000| Complete 
| 171|0x000000008cd00000, 0x000000008ce00000, 0x000000008ce00000|100%| E|CS|TAMS 0x000000008cd00000, 0x000000008cd00000| Complete 
| 172|0x000000008ce00000, 0x000000008cf00000, 0x000000008cf00000|100%| E|CS|TAMS 0x000000008ce00000, 0x000000008ce00000| Complete 
| 173|0x000000008cf00000, 0x000000008d000000, 0x000000008d000000|100%| E|CS|TAMS 0x000000008cf00000, 0x000000008cf00000| Complete 
| 174|0x000000008d000000, 0x000000008d100000, 0x000000008d100000|100%| E|CS|TAMS 0x000000008d000000, 0x000000008d000000| Complete 
| 175|0x000000008d100000, 0x000000008d200000, 0x000000008d200000|100%| E|CS|TAMS 0x000000008d100000, 0x000000008d100000| Complete 
| 176|0x000000008d200000, 0x000000008d300000, 0x000000008d300000|100%| E|CS|TAMS 0x000000008d200000, 0x000000008d200000| Complete 
| 177|0x000000008d300000, 0x000000008d400000, 0x000000008d400000|100%| E|CS|TAMS 0x000000008d300000, 0x000000008d300000| Complete 
| 178|0x000000008d400000, 0x000000008d500000, 0x000000008d500000|100%| E|CS|TAMS 0x000000008d400000, 0x000000008d400000| Complete 
| 179|0x000000008d500000, 0x000000008d600000, 0x000000008d600000|100%| E|CS|TAMS 0x000000008d500000, 0x000000008d500000| Complete 
| 180|0x000000008d600000, 0x000000008d700000, 0x000000008d700000|100%| E|CS|TAMS 0x000000008d600000, 0x000000008d600000| Complete 
| 181|0x000000008d700000, 0x000000008d800000, 0x000000008d800000|100%| E|CS|TAMS 0x000000008d700000, 0x000000008d700000| Complete 
| 182|0x000000008d800000, 0x000000008d900000, 0x000000008d900000|100%| E|CS|TAMS 0x000000008d800000, 0x000000008d800000| Complete 
| 183|0x000000008d900000, 0x000000008da00000, 0x000000008da00000|100%| E|CS|TAMS 0x000000008d900000, 0x000000008d900000| Complete 
| 184|0x000000008da00000, 0x000000008db00000, 0x000000008db00000|100%| E|CS|TAMS 0x000000008da00000, 0x000000008da00000| Complete 
| 185|0x000000008db00000, 0x000000008dc00000, 0x000000008dc00000|100%| E|CS|TAMS 0x000000008db00000, 0x000000008db00000| Complete 
| 186|0x000000008dc00000, 0x000000008dd00000, 0x000000008dd00000|100%| E|CS|TAMS 0x000000008dc00000, 0x000000008dc00000| Complete 
| 187|0x000000008dd00000, 0x000000008de00000, 0x000000008de00000|100%| E|CS|TAMS 0x000000008dd00000, 0x000000008dd00000| Complete 
| 188|0x000000008de00000, 0x000000008df00000, 0x000000008df00000|100%| E|CS|TAMS 0x000000008de00000, 0x000000008de00000| Complete 
| 189|0x000000008df00000, 0x000000008e000000, 0x000000008e000000|100%| E|CS|TAMS 0x000000008df00000, 0x000000008df00000| Complete 
|2009|0x00000000ffb00000, 0x00000000ffc00000, 0x00000000ffc00000|100%| O|  |TAMS 0x00000000ffb00000, 0x00000000ffc00000| Untracked 
|2010|0x00000000ffc00000, 0x00000000ffd00000, 0x00000000ffd00000|100%| O|  |TAMS 0x00000000ffc00000, 0x00000000ffd00000| Untracked 
|2011|0x00000000ffd00000, 0x00000000ffe00000, 0x00000000ffe00000|100%| O|  |TAMS 0x00000000ffd00000, 0x00000000ffe00000| Untracked 
|2012|0x00000000ffe00000, 0x00000000fff00000, 0x00000000fff00000|100%| O|  |TAMS 0x00000000ffe00000, 0x00000000fff00000| Untracked 
|2013|0x00000000fff00000, 0x0000000100000000, 0x0000000100000000|100%| O|  |TAMS 0x00000000fff00000, 0x0000000100000000| Untracked 

Card table byte_map: [0x000001a79ff10000,0x000001a7a0300000] _byte_map_base: 0x000001a79faff000

Marking Bits (Prev, Next): (CMBitMap*) 0x000001a786f99410, (CMBitMap*) 0x000001a786f993d0
 Prev Bits: [0x000001a7a2670000, 0x000001a7a45e8000)
 Next Bits: [0x000001a7a06f0000, 0x000001a7a2668000)

Polling page: 0x000001a786c20000

Metaspace:

Usage:
  Non-class:     30.17 MB used.
      Class:      3.91 MB used.
       Both:     34.08 MB used.

Virtual space:
  Non-class space:       64.00 MB reserved,      30.38 MB ( 47%) committed,  1 nodes.
      Class space:        1.00 GB reserved,       4.12 MB ( <1%) committed,  1 nodes.
             Both:        1.06 GB reserved,      34.50 MB (  3%) committed. 

Chunk freelists:
   Non-Class:  1.56 MB
       Class:  11.86 MB
        Both:  13.42 MB

MaxMetaspaceSize: unlimited
CompressedClassSpaceSize: 1.00 GB
Initial GC threshold: 21.00 MB
Current GC threshold: 35.56 MB
CDS: on
MetaspaceReclaimPolicy: balanced
 - commit_granule_bytes: 65536.
 - commit_granule_words: 8192.
 - virtual_space_node_default_size: 8388608.
 - enlarge_chunks_in_place: 1.
 - new_chunks_are_fully_committed: 0.
 - uncommit_free_chunks: 1.
 - use_allocation_guard: 0.
 - handle_deallocations: 1.


Internal statistics:

num_allocs_failed_limit: 3.
num_arena_births: 290.
num_arena_deaths: 0.
num_vsnodes_births: 2.
num_vsnodes_deaths: 0.
num_space_committed: 552.
num_space_uncommitted: 0.
num_chunks_returned_to_freelist: 3.
num_chunks_taken_from_freelist: 1632.
num_chunk_merges: 3.
num_chunk_splits: 1104.
num_chunks_enlarged: 823.
num_inconsistent_stats: 0.

CodeHeap 'non-profiled nmethods': size=120000Kb used=4943Kb max_used=4943Kb free=115056Kb
 bounds [0x000001a797b90000, 0x000001a798070000, 0x000001a79f0c0000]
CodeHeap 'profiled nmethods': size=120000Kb used=15561Kb max_used=15561Kb free=104438Kb
 bounds [0x000001a7900c0000, 0x000001a791000000, 0x000001a7975f0000]
CodeHeap 'non-nmethods': size=5760Kb used=1250Kb max_used=1324Kb free=4509Kb
 bounds [0x000001a7975f0000, 0x000001a797860000, 0x000001a797b90000]
 total_blobs=7635 nmethods=7071 adapters=476
 compilation: enabled
              stopped_count=0, restarted_count=0
 full_count=0

Compilation events (20 events):
Event: 18.238 Thread 0x000001a7a70435c0 7876       1       org.apache.maven.surefire.api.stream.AbstractStreamDecoder$Memento::getLine (5 bytes)
Event: 18.238 Thread 0x000001a7a70435c0 nmethod 7876 0x000001a798062910 code [0x000001a798062aa0, 0x000001a798062b78]
Event: 18.238 Thread 0x000001a7a70435c0 7877       1       org.apache.maven.surefire.api.stream.AbstractStreamDecoder$MalformedFrameException::readFrom (5 bytes)
Event: 18.238 Thread 0x000001a7a70435c0 nmethod 7877 0x000001a798062c10 code [0x000001a798062da0, 0x000001a798062e78]
Event: 18.240 Thread 0x000001a7a7037d80 7878       4       java.nio.CharBuffer::hasArray (20 bytes)
Event: 18.241 Thread 0x000001a7a7037d80 nmethod 7878 0x000001a798062f10 code [0x000001a7980630a0, 0x000001a798063138]
Event: 18.241 Thread 0x000001a7a70435c0 7882       3       java.io.FileInputStream::available (5 bytes)
Event: 18.241 Thread 0x000001a7a70435c0 nmethod 7882 0x000001a790ff2510 code [0x000001a790ff26c0, 0x000001a790ff2808]
Event: 18.241 Thread 0x000001a7a70435c0 7879       3       org.apache.maven.surefire.api.stream.AbstractStreamDecoder::read (102 bytes)
Event: 18.242 Thread 0x000001a7a70435c0 nmethod 7879 0x000001a790ff2890 code [0x000001a790ff2ac0, 0x000001a790ff32a8]
Event: 18.242 Thread 0x000001a7a70435c0 7880       1       org.apache.maven.surefire.api.stream.AbstractStreamDecoder$BufferedStream::getPositionByteBuffer (5 bytes)
Event: 18.242 Thread 0x000001a7a70435c0 nmethod 7880 0x000001a798063210 code [0x000001a7980633a0, 0x000001a798063478]
Event: 18.242 Thread 0x000001a7a70435c0 7881       1       org.apache.maven.surefire.api.stream.AbstractStreamDecoder$MalformedFrameException::readTo (5 bytes)
Event: 18.242 Thread 0x000001a7a7037d80 7885       4       java.nio.CharBuffer::<init> (24 bytes)
Event: 18.242 Thread 0x000001a7a70435c0 nmethod 7881 0x000001a798063510 code [0x000001a7980636a0, 0x000001a798063778]
Event: 18.242 Thread 0x000001a7a70435c0 7884  s    1       java.lang.StringBuffer::length (5 bytes)
Event: 18.242 Thread 0x000001a7a70435c0 nmethod 7884 0x000001a798063810 code [0x000001a7980639a0, 0x000001a798063b18]
Event: 18.242 Thread 0x000001a7a70435c0 7883       1       org.apache.maven.surefire.api.util.internal.AbstractNoninterruptibleReadableChannel::isOpen (5 bytes)
Event: 18.243 Thread 0x000001a7a70435c0 nmethod 7883 0x000001a798063b90 code [0x000001a798063d20, 0x000001a798063df8]
Event: 18.243 Thread 0x000001a7a70435c0 7887       3       org.apache.maven.surefire.stream.EventDecoder::getEncodedMagicNumber (4 bytes)

GC Heap History (20 events):
Event: 1.853 GC heap before
{Heap before GC invocations=1 (full 0):
 garbage-first heap   total 129024K, used 35326K [0x0000000082200000, 0x0000000100000000)
  region size 1024K, 34 young (34816K), 3 survivors (3072K)
 Metaspace       used 7932K, committed 8064K, reserved 1114112K
  class space    used 957K, committed 1024K, reserved 1048576K
}
Event: 1.859 GC heap after
{Heap after GC invocations=2 (full 0):
 garbage-first heap   total 129024K, used 4703K [0x0000000082200000, 0x0000000100000000)
  region size 1024K, 2 young (2048K), 2 survivors (2048K)
 Metaspace       used 7932K, committed 8064K, reserved 1114112K
  class space    used 957K, committed 1024K, reserved 1048576K
}
Event: 4.014 GC heap before
{Heap before GC invocations=2 (full 0):
 garbage-first heap   total 129024K, used 79455K [0x0000000082200000, 0x0000000100000000)
  region size 1024K, 75 young (76800K), 2 survivors (2048K)
 Metaspace       used 15281K, committed 15424K, reserved 1114112K
  class space    used 1849K, committed 1920K, reserved 1048576K
}
Event: 4.033 GC heap after
{Heap after GC invocations=3 (full 0):
 garbage-first heap   total 129024K, used 12429K [0x0000000082200000, 0x0000000100000000)
  region size 1024K, 9 young (9216K), 9 survivors (9216K)
 Metaspace       used 15281K, committed 15424K, reserved 1114112K
  class space    used 1849K, committed 1920K, reserved 1048576K
}
Event: 5.538 GC heap before
{Heap before GC invocations=3 (full 0):
 garbage-first heap   total 129024K, used 80013K [0x0000000082200000, 0x0000000100000000)
  region size 1024K, 75 young (76800K), 9 survivors (9216K)
 Metaspace       used 16309K, committed 16512K, reserved 1114112K
  class space    used 1905K, committed 1984K, reserved 1048576K
}
Event: 5.549 GC heap after
{Heap after GC invocations=4 (full 0):
 garbage-first heap   total 129024K, used 15607K [0x0000000082200000, 0x0000000100000000)
  region size 1024K, 4 young (4096K), 4 survivors (4096K)
 Metaspace       used 16309K, committed 16512K, reserved 1114112K
  class space    used 1905K, committed 1984K, reserved 1048576K
}
Event: 6.882 GC heap before
{Heap before GC invocations=4 (full 0):
 garbage-first heap   total 129024K, used 62711K [0x0000000082200000, 0x0000000100000000)
  region size 1024K, 46 young (47104K), 4 survivors (4096K)
 Metaspace       used 21236K, committed 21504K, reserved 1114112K
  class space    used 2503K, committed 2624K, reserved 1048576K
}
Event: 6.898 GC heap after
{Heap after GC invocations=5 (full 0):
 garbage-first heap   total 129024K, used 24099K [0x0000000082200000, 0x0000000100000000)
  region size 1024K, 9 young (9216K), 9 survivors (9216K)
 Metaspace       used 21236K, committed 21504K, reserved 1114112K
  class space    used 2503K, committed 2624K, reserved 1048576K
}
Event: 8.349 GC heap before
{Heap before GC invocations=6 (full 0):
 garbage-first heap   total 89088K, used 69155K [0x0000000082200000, 0x0000000100000000)
  region size 1024K, 52 young (53248K), 9 survivors (9216K)
 Metaspace       used 25769K, committed 26112K, reserved 1114112K
  class space    used 3014K, committed 3136K, reserved 1048576K
}
Event: 8.385 GC heap after
{Heap after GC invocations=7 (full 0):
 garbage-first heap   total 94208K, used 38243K [0x0000000082200000, 0x0000000100000000)
  region size 1024K, 7 young (7168K), 7 survivors (7168K)
 Metaspace       used 25769K, committed 26112K, reserved 1114112K
  class space    used 3014K, committed 3136K, reserved 1048576K
}
Event: 8.391 GC heap before
{Heap before GC invocations=7 (full 0):
 garbage-first heap   total 94208K, used 39267K [0x0000000082200000, 0x0000000100000000)
  region size 1024K, 8 young (8192K), 7 survivors (7168K)
 Metaspace       used 25814K, committed 26112K, reserved 1114112K
  class space    used 3018K, committed 3136K, reserved 1048576K
}
Event: 8.399 GC heap after
{Heap after GC invocations=8 (full 0):
 garbage-first heap   total 94208K, used 39936K [0x0000000082200000, 0x0000000100000000)
  region size 1024K, 1 young (1024K), 1 survivors (1024K)
 Metaspace       used 25814K, committed 26112K, reserved 1114112K
  class space    used 3018K, committed 3136K, reserved 1048576K
}
Event: 8.931 GC heap before
{Heap before GC invocations=8 (full 0):
 garbage-first heap   total 94208K, used 67584K [0x0000000082200000, 0x0000000100000000)
  region size 1024K, 29 young (29696K), 1 survivors (1024K)
 Metaspace       used 26962K, committed 27264K, reserved 1114112K
  class space    used 3129K, committed 3264K, reserved 1048576K
}
Event: 8.938 GC heap after
{Heap after GC invocations=9 (full 0):
 garbage-first heap   total 94208K, used 42669K [0x0000000082200000, 0x0000000100000000)
  region size 1024K, 4 young (4096K), 4 survivors (4096K)
 Metaspace       used 26962K, committed 27264K, reserved 1114112K
  class space    used 3129K, committed 3264K, reserved 1048576K
}
Event: 9.461 GC heap before
{Heap before GC invocations=9 (full 0):
 garbage-first heap   total 94208K, used 70317K [0x0000000082200000, 0x0000000100000000)
  region size 1024K, 31 young (31744K), 4 survivors (4096K)
 Metaspace       used 28448K, committed 28864K, reserved 1114112K
  class space    used 3301K, committed 3456K, reserved 1048576K
}
Event: 9.469 GC heap after
{Heap after GC invocations=10 (full 0):
 garbage-first heap   total 94208K, used 43635K [0x0000000082200000, 0x0000000100000000)
  region size 1024K, 1 young (1024K), 1 survivors (1024K)
 Metaspace       used 28448K, committed 28864K, reserved 1114112K
  class space    used 3301K, committed 3456K, reserved 1048576K
}
Event: 10.375 GC heap before
{Heap before GC invocations=10 (full 0):
 garbage-first heap   total 94208K, used 70259K [0x0000000082200000, 0x0000000100000000)
  region size 1024K, 28 young (28672K), 1 survivors (1024K)
 Metaspace       used 29980K, committed 30400K, reserved 1114112K
  class space    used 3482K, committed 3712K, reserved 1048576K
}
Event: 10.390 GC heap after
{Heap after GC invocations=11 (full 0):
 garbage-first heap   total 199680K, used 43980K [0x0000000082200000, 0x0000000100000000)
  region size 1024K, 3 young (3072K), 3 survivors (3072K)
 Metaspace       used 29980K, committed 30400K, reserved 1114112K
  class space    used 3482K, committed 3712K, reserved 1048576K
}
Event: 12.172 GC heap before
{Heap before GC invocations=11 (full 0):
 garbage-first heap   total 199680K, used 148428K [0x0000000082200000, 0x0000000100000000)
  region size 1024K, 98 young (100352K), 3 survivors (3072K)
 Metaspace       used 31528K, committed 31936K, reserved 1114112K
  class space    used 3652K, committed 3840K, reserved 1048576K
}
Event: 12.191 GC heap after
{Heap after GC invocations=12 (full 0):
 garbage-first heap   total 199680K, used 72345K [0x0000000082200000, 0x0000000100000000)
  region size 1024K, 13 young (13312K), 13 survivors (13312K)
 Metaspace       used 31528K, committed 31936K, reserved 1114112K
  class space    used 3652K, committed 3840K, reserved 1048576K
}

Dll operation events (8 events):
Event: 0.009 Loaded shared library C:\Program Files\Eclipse Adoptium\jdk-17.0.17.10-hotspot\bin\java.dll
Event: 0.023 Loaded shared library C:\Program Files\Eclipse Adoptium\jdk-17.0.17.10-hotspot\bin\jsvml.dll
Event: 0.052 Loaded shared library C:\Program Files\Eclipse Adoptium\jdk-17.0.17.10-hotspot\bin\net.dll
Event: 0.054 Loaded shared library C:\Program Files\Eclipse Adoptium\jdk-17.0.17.10-hotspot\bin\nio.dll
Event: 0.058 Loaded shared library C:\Program Files\Eclipse Adoptium\jdk-17.0.17.10-hotspot\bin\zip.dll
Event: 0.289 Loaded shared library C:\Program Files\Eclipse Adoptium\jdk-17.0.17.10-hotspot\bin\jimage.dll
Event: 0.290 Loaded shared library C:\ProgramData\chocolatey\lib\maven\apache-maven-3.9.16\lib\jansi-native\Windows\x86_64\jansi.dll
Event: 0.325 Loaded shared library C:\Program Files\Eclipse Adoptium\jdk-17.0.17.10-hotspot\bin\verify.dll

Deoptimization events (20 events):
Event: 13.235 Thread 0x000001a7eeac6070 Uncommon trap: trap_request=0xffffff45 fr.pc=0x000001a797d18224 relative=0x0000000000000084
Event: 13.235 Thread 0x000001a7eeac6070 Uncommon trap: reason=unstable_if action=reinterpret pc=0x000001a797d18224 method=java.lang.String.codePointAt(I)I @ 4 c2
Event: 13.235 Thread 0x000001a7eeac6070 DEOPT PACKING pc=0x000001a797d18224 sp=0x00000041ca0ff4d0
Event: 13.235 Thread 0x000001a7eeac6070 DEOPT UNPACKING pc=0x000001a7976469a3 sp=0x00000041ca0ff468 mode 2
Event: 14.567 Thread 0x000001a7eeac8e00 Uncommon trap: trap_request=0xffffffde fr.pc=0x000001a797fd0c48 relative=0x0000000000000128
Event: 14.567 Thread 0x000001a7eeac8e00 Uncommon trap: reason=class_check action=maybe_recompile pc=0x000001a797fd0c48 method=java.util.regex.Pattern$BmpCharPredicate.lambda$union$2(Ljava/util/regex/Pattern$CharPredicate;I)Z @ 12 c2
Event: 14.567 Thread 0x000001a7eeac8e00 DEOPT PACKING pc=0x000001a797fd0c48 sp=0x00000041c9ffe330
Event: 14.567 Thread 0x000001a7eeac8e00 DEOPT UNPACKING pc=0x000001a7976469a3 sp=0x00000041c9ffe248 mode 2
Event: 14.567 Thread 0x000001a7eeac8e00 Uncommon trap: trap_request=0xffffffde fr.pc=0x000001a797fd0c48 relative=0x0000000000000128
Event: 14.567 Thread 0x000001a7eeac8e00 Uncommon trap: reason=class_check action=maybe_recompile pc=0x000001a797fd0c48 method=java.util.regex.Pattern$BmpCharPredicate.lambda$union$2(Ljava/util/regex/Pattern$CharPredicate;I)Z @ 12 c2
Event: 14.567 Thread 0x000001a7eeac8e00 DEOPT PACKING pc=0x000001a797fd0c48 sp=0x00000041c9ffe330
Event: 14.567 Thread 0x000001a7eeac8e00 DEOPT UNPACKING pc=0x000001a7976469a3 sp=0x00000041c9ffe248 mode 2
Event: 14.567 Thread 0x000001a7eeac8e00 Uncommon trap: trap_request=0xffffffde fr.pc=0x000001a797fd0c48 relative=0x0000000000000128
Event: 14.567 Thread 0x000001a7eeac8e00 Uncommon trap: reason=class_check action=maybe_recompile pc=0x000001a797fd0c48 method=java.util.regex.Pattern$BmpCharPredicate.lambda$union$2(Ljava/util/regex/Pattern$CharPredicate;I)Z @ 12 c2
Event: 14.567 Thread 0x000001a7eeac8e00 DEOPT PACKING pc=0x000001a797fd0c48 sp=0x00000041c9ffe330
Event: 14.567 Thread 0x000001a7eeac8e00 DEOPT UNPACKING pc=0x000001a7976469a3 sp=0x00000041c9ffe248 mode 2
Event: 14.567 Thread 0x000001a7eeac8e00 Uncommon trap: trap_request=0xffffffde fr.pc=0x000001a797fd0c48 relative=0x0000000000000128
Event: 14.567 Thread 0x000001a7eeac8e00 Uncommon trap: reason=class_check action=maybe_recompile pc=0x000001a797fd0c48 method=java.util.regex.Pattern$BmpCharPredicate.lambda$union$2(Ljava/util/regex/Pattern$CharPredicate;I)Z @ 12 c2
Event: 14.567 Thread 0x000001a7eeac8e00 DEOPT PACKING pc=0x000001a797fd0c48 sp=0x00000041c9ffe330
Event: 14.567 Thread 0x000001a7eeac8e00 DEOPT UNPACKING pc=0x000001a7976469a3 sp=0x00000041c9ffe248 mode 2

Classes loaded (20 events):
Event: 13.176 Loading class java/lang/Process done
Event: 13.176 Loading class java/lang/ProcessImpl done
Event: 13.194 Loading class java/lang/ProcessImpl$2
Event: 13.194 Loading class java/lang/ProcessImpl$2 done
Event: 13.194 Loading class java/lang/Process$PipeInputStream
Event: 13.194 Loading class java/lang/Process$PipeInputStream done
Event: 13.195 Loading class jdk/internal/event/ProcessStartEvent
Event: 13.196 Loading class jdk/internal/event/ProcessStartEvent done
Event: 13.196 Loading class java/nio/channels/ClosedChannelException
Event: 13.196 Loading class java/nio/channels/ClosedChannelException done
Event: 13.201 Loading class java/nio/channels/NonReadableChannelException
Event: 13.201 Loading class java/nio/channels/NonReadableChannelException done
Event: 13.202 Loading class java/nio/channels/NonWritableChannelException
Event: 13.202 Loading class java/nio/channels/NonWritableChannelException done
Event: 13.228 Loading class java/util/Scanner
Event: 13.229 Loading class java/util/Scanner done
Event: 13.233 Loading class java/util/Scanner$PatternLRUCache
Event: 13.234 Loading class java/util/Scanner$PatternLRUCache done
Event: 18.237 Loading class java/util/concurrent/atomic/Striped64$1
Event: 18.237 Loading class java/util/concurrent/atomic/Striped64$1 done

Classes unloaded (0 events):
No events

Classes redefined (0 events):
No events

Internal exceptions (20 events):
Event: 12.237 Thread 0x000001a786f39fa0 Exception <a 'java/lang/NoSuchMethodError'{0x000000008dd27dc0}: 'java.lang.Object java.lang.invoke.DirectMethodHandle$Holder.newInvokeSpecial(java.lang.Object, java.lang.Object, java.lang.Object, java.lang.Object, java.lang.Object, java.lang.Object, java.lang.Object, int)'> (0x000000008dd27dc0) 
thrown [s\src\hotspot\share\interpreter\linkResolver.cpp, line 759]
Event: 12.238 Thread 0x000001a786f39fa0 Exception <a 'java/lang/NoSuchMethodError'{0x000000008dd2d908}: 'java.lang.Object java.lang.invoke.DirectMethodHandle$Holder.invokeSpecial(java.lang.Object, java.lang.Object, java.lang.Object, java.lang.Object, java.lang.Object, java.lang.Object, java.lang.Object, java.lang.Object, int)'> (0x000000008dd2d908) 
thrown [s\src\hotspot\share\interpreter\linkResolver.cpp, line 759]
Event: 12.245 Thread 0x000001a786f39fa0 Exception <a 'sun/nio/fs/WindowsException'{0x000000008dd53570}> (0x000000008dd53570) 
thrown [s\src\hotspot\share\prims\jni.cpp, line 516]
Event: 12.245 Thread 0x000001a786f39fa0 Exception <a 'sun/nio/fs/WindowsException'{0x000000008dd54550}> (0x000000008dd54550) 
thrown [s\src\hotspot\share\prims\jni.cpp, line 516]
Event: 12.245 Thread 0x000001a786f39fa0 Exception <a 'sun/nio/fs/WindowsException'{0x000000008dd57038}> (0x000000008dd57038) 
thrown [s\src\hotspot\share\prims\jni.cpp, line 516]
Event: 12.245 Thread 0x000001a786f39fa0 Exception <a 'sun/nio/fs/WindowsException'{0x000000008dd5ba58}> (0x000000008dd5ba58) 
thrown [s\src\hotspot\share\prims\jni.cpp, line 516]
Event: 12.245 Thread 0x000001a786f39fa0 Exception <a 'sun/nio/fs/WindowsException'{0x000000008dd5caf8}> (0x000000008dd5caf8) 
thrown [s\src\hotspot\share\prims\jni.cpp, line 516]
Event: 12.285 Thread 0x000001a786f39fa0 Exception <a 'sun/nio/fs/WindowsException'{0x000000008db960c0}> (0x000000008db960c0) 
thrown [s\src\hotspot\share\prims\jni.cpp, line 516]
Event: 12.286 Thread 0x000001a786f39fa0 Exception <a 'sun/nio/fs/WindowsException'{0x000000008db967e0}> (0x000000008db967e0) 
thrown [s\src\hotspot\share\prims\jni.cpp, line 516]
Event: 12.286 Thread 0x000001a786f39fa0 Exception <a 'sun/nio/fs/WindowsException'{0x000000008db97990}> (0x000000008db97990) 
thrown [s\src\hotspot\share\prims\jni.cpp, line 516]
Event: 12.286 Thread 0x000001a786f39fa0 Exception <a 'sun/nio/fs/WindowsException'{0x000000008db98170}> (0x000000008db98170) 
thrown [s\src\hotspot\share\prims\jni.cpp, line 516]
Event: 12.286 Thread 0x000001a786f39fa0 Exception <a 'sun/nio/fs/WindowsException'{0x000000008db98730}> (0x000000008db98730) 
thrown [s\src\hotspot\share\prims\jni.cpp, line 516]
Event: 12.286 Thread 0x000001a786f39fa0 Exception <a 'sun/nio/fs/WindowsException'{0x000000008db98ed0}> (0x000000008db98ed0) 
thrown [s\src\hotspot\share\prims\jni.cpp, line 516]
Event: 12.726 Thread 0x000001a7eeac6070 Exception <a 'java/lang/NoSuchMethodError'{0x000000008c88cd58}: 'java.lang.Object java.lang.invoke.DirectMethodHandle$Holder.invokeStatic(java.lang.Object, java.lang.Object, long, java.lang.Object)'> (0x000000008c88cd58) 
thrown [s\src\hotspot\share\interpreter\linkResolver.cpp, line 759]
Event: 12.726 Thread 0x000001a7eeac6070 Exception <a 'java/lang/NoSuchMethodError'{0x000000008c890530}: 'java.lang.Object java.lang.invoke.DirectMethodHandle$Holder.invokeStaticInit(java.lang.Object, java.lang.Object, long, java.lang.Object)'> (0x000000008c890530) 
thrown [s\src\hotspot\share\interpreter\linkResolver.cpp, line 759]
Event: 12.727 Thread 0x000001a7eeac6070 Exception <a 'java/lang/NoSuchMethodError'{0x000000008c896b40}: 'java.lang.Object java.lang.invoke.DirectMethodHandle$Holder.newInvokeSpecial(java.lang.Object, java.lang.Object, long)'> (0x000000008c896b40) 
thrown [s\src\hotspot\share\interpreter\linkResolver.cpp, line 759]
Event: 12.727 Thread 0x000001a7eeac6070 Exception <a 'java/lang/NoSuchMethodError'{0x000000008c89a6b0}: 'java.lang.Object java.lang.invoke.Invokers$Holder.linkToTargetMethod(java.lang.Object, long, java.lang.Object)'> (0x000000008c89a6b0) 
thrown [s\src\hotspot\share\interpreter\linkResolver.cpp, line 759]
Event: 12.854 Thread 0x000001a786f39fa0 Exception <a 'java/lang/NoSuchMethodError'{0x000000008c68fd20}: 'java.lang.Object java.lang.invoke.DirectMethodHandle$Holder.invokeStaticInit(java.lang.Object, java.lang.Object, int, int, int, int)'> (0x000000008c68fd20) 
thrown [s\src\hotspot\share\interpreter\linkResolver.cpp, line 759]
Event: 13.193 Thread 0x000001a786f39fa0 Exception <a 'java/lang/NoSuchMethodError'{0x000000008ba84600}: 'void java.lang.invoke.DirectMethodHandle$Holder.invokeStatic(java.lang.Object, long)'> (0x000000008ba84600) 
thrown [s\src\hotspot\share\interpreter\linkResolver.cpp, line 759]
Event: 13.194 Thread 0x000001a786f39fa0 Exception <a 'java/lang/NoSuchMethodError'{0x000000008ba89b58}: 'java.lang.Object java.lang.invoke.DirectMethodHandle$Holder.newInvokeSpecial(java.lang.Object, long)'> (0x000000008ba89b58) 
thrown [s\src\hotspot\share\interpreter\linkResolver.cpp, line 759]

VM Operations (20 events):
Event: 12.785 Executing VM operation: HandshakeAllThreads
Event: 12.785 Executing VM operation: HandshakeAllThreads done
Event: 13.073 Executing VM operation: HandshakeAllThreads
Event: 13.073 Executing VM operation: HandshakeAllThreads done
Event: 13.082 Executing VM operation: HandshakeAllThreads
Event: 13.082 Executing VM operation: HandshakeAllThreads done
Event: 13.113 Executing VM operation: HandshakeAllThreads
Event: 13.113 Executing VM operation: HandshakeAllThreads done
Event: 13.114 Executing VM operation: HandshakeAllThreads
Event: 13.121 Executing VM operation: HandshakeAllThreads done
Event: 13.168 Executing VM operation: HandshakeAllThreads
Event: 13.168 Executing VM operation: HandshakeAllThreads done
Event: 13.195 Executing VM operation: HandshakeAllThreads
Event: 13.195 Executing VM operation: HandshakeAllThreads done
Event: 13.201 Executing VM operation: HandshakeAllThreads
Event: 13.201 Executing VM operation: HandshakeAllThreads done
Event: 14.208 Executing VM operation: Cleanup
Event: 14.208 Executing VM operation: Cleanup done
Event: 15.218 Executing VM operation: Cleanup
Event: 15.218 Executing VM operation: Cleanup done

Memory protections (0 events):
No events

Nmethod flushes (20 events):
Event: 7.401 Thread 0x000001a7a7043fc0 flushing  nmethod 0x000001a790afd710
Event: 7.401 Thread 0x000001a7a7043fc0 flushing  nmethod 0x000001a790afdc90
Event: 7.401 Thread 0x000001a7a7043fc0 flushing  nmethod 0x000001a790afe710
Event: 7.401 Thread 0x000001a7a7043fc0 flushing  nmethod 0x000001a790afec90
Event: 7.401 Thread 0x000001a7a7043fc0 flushing  nmethod 0x000001a790aff210
Event: 7.401 Thread 0x000001a7a7043fc0 flushing  nmethod 0x000001a790afff90
Event: 7.401 Thread 0x000001a7a7043fc0 flushing  nmethod 0x000001a790b01c10
Event: 7.401 Thread 0x000001a7a7043fc0 flushing  nmethod 0x000001a790b02910
Event: 7.401 Thread 0x000001a7a7043fc0 flushing  nmethod 0x000001a790b02e90
Event: 7.401 Thread 0x000001a7a7043fc0 flushing  nmethod 0x000001a790b03690
Event: 7.401 Thread 0x000001a7a7043fc0 flushing  nmethod 0x000001a790b05990
Event: 7.401 Thread 0x000001a7a7043fc0 flushing  nmethod 0x000001a790b06010
Event: 7.401 Thread 0x000001a7a7043fc0 flushing  nmethod 0x000001a790b06510
Event: 7.402 Thread 0x000001a7a7043fc0 flushing  nmethod 0x000001a790b4ea90
Event: 7.402 Thread 0x000001a7a7043fc0 flushing  nmethod 0x000001a790b60c10
Event: 7.402 Thread 0x000001a7a7043fc0 flushing  nmethod 0x000001a790b61610
Event: 7.402 Thread 0x000001a7a7043fc0 flushing  nmethod 0x000001a790b61f10
Event: 7.402 Thread 0x000001a7a7043fc0 flushing  nmethod 0x000001a790b62610
Event: 7.402 Thread 0x000001a7a7043fc0 flushing  nmethod 0x000001a790b63f10
Event: 10.711 Thread 0x000001a7a7043fc0 flushing  nmethod 0x000001a7905f1b10

Events (20 events):
Event: 7.083 Thread 0x000001a7ed76b910 Thread exited: 0x000001a7ed76b910
Event: 7.375 Thread 0x000001a7a70435c0 Thread added: 0x000001a7a7c37f60
Event: 9.189 Thread 0x000001a7a7c37f60 Thread exited: 0x000001a7a7c37f60
Event: 9.512 Thread 0x000001a7ed3b0030 Thread added: 0x000001a7efd93800
Event: 11.172 Thread 0x000001a7efd93800 Thread exited: 0x000001a7efd93800
Event: 11.250 Thread 0x000001a7a70435c0 Thread added: 0x000001a7efa8ec60
Event: 11.883 Thread 0x000001a7efa8ec60 Thread exited: 0x000001a7efa8ec60
Event: 11.886 Thread 0x000001a7ed3b0030 Thread exited: 0x000001a7ed3b0030
Event: 12.096 Thread 0x000001a7a70435c0 Thread added: 0x000001a7ed3b0030
Event: 12.111 Thread 0x000001a7ed3b0030 Thread added: 0x000001a7ee62d600
Event: 12.696 Thread 0x000001a786f39fa0 Thread added: 0x000001a7eeac6070
Event: 12.729 Thread 0x000001a7eeac6070 Thread exited: 0x000001a7eeac6070
Event: 12.997 Thread 0x000001a786f39fa0 Thread added: 0x000001a7eeac9310
Event: 13.008 Thread 0x000001a786f39fa0 Thread added: 0x000001a7eeac9820
Event: 13.167 Thread 0x000001a786f39fa0 Thread added: 0x000001a7eeac8e00
Event: 13.228 Thread 0x000001a786f39fa0 Thread added: 0x000001a7eeac6070
Event: 13.228 Thread 0x000001a786f39fa0 Thread added: 0x000001a7eeac6580
Event: 13.245 Thread 0x000001a786f39fa0 Thread added: 0x000001a7eeac6a90
Event: 13.759 Thread 0x000001a7ee62d600 Thread exited: 0x000001a7ee62d600
Event: 13.759 Thread 0x000001a7ed3b0030 Thread exited: 0x000001a7ed3b0030


Dynamic libraries:
0x00007ff768960000 - 0x00007ff76896e000 	C:\Program Files\Eclipse Adoptium\jdk-17.0.17.10-hotspot\bin\java.exe
0x00007ffa35620000 - 0x00007ffa35886000 	C:\WINDOWS\SYSTEM32\ntdll.dll
0x00007ffa343d0000 - 0x00007ffa34499000 	C:\WINDOWS\System32\KERNEL32.DLL
0x00007ffa32c30000 - 0x00007ffa3302a000 	C:\WINDOWS\System32\KERNELBASE.dll
0x00007ffa331b0000 - 0x00007ffa332fc000 	C:\WINDOWS\System32\ucrtbase.dll
0x00007ffa03540000 - 0x00007ffa03558000 	C:\Program Files\Eclipse Adoptium\jdk-17.0.17.10-hotspot\bin\jli.dll
0x00007ffa03520000 - 0x00007ffa0353e000 	C:\Program Files\Eclipse Adoptium\jdk-17.0.17.10-hotspot\bin\VCRUNTIME140.dll
0x00007ffa34200000 - 0x00007ffa343c7000 	C:\WINDOWS\System32\USER32.dll
0x00007ffa186c0000 - 0x00007ffa18952000 	C:\WINDOWS\WinSxS\amd64_microsoft.windows.common-controls_6595b64144ccf1df_6.0.26100.8521_none_3e08b75ce33403b3\COMCTL32.dll
0x00007ffa32c00000 - 0x00007ffa32c27000 	C:\WINDOWS\System32\win32u.dll
0x00007ffa33470000 - 0x00007ffa33519000 	C:\WINDOWS\System32\msvcrt.dll
0x00007ffa33530000 - 0x00007ffa3355b000 	C:\WINDOWS\System32\GDI32.dll
0x00007ffa32a20000 - 0x00007ffa32b4b000 	C:\WINDOWS\System32\gdi32full.dll
0x00007ffa328b0000 - 0x00007ffa32953000 	C:\WINDOWS\System32\msvcp_win.dll
0x00007ffa33d90000 - 0x00007ffa33dc2000 	C:\WINDOWS\System32\IMM32.DLL
0x00007ffa2acc0000 - 0x00007ffa2accc000 	C:\Program Files\Eclipse Adoptium\jdk-17.0.17.10-hotspot\bin\vcruntime140_1.dll
0x00007ff9faae0000 - 0x00007ff9fab6d000 	C:\Program Files\Eclipse Adoptium\jdk-17.0.17.10-hotspot\bin\msvcp140.dll
0x00007ff939f50000 - 0x00007ff93abbb000 	C:\Program Files\Eclipse Adoptium\jdk-17.0.17.10-hotspot\bin\server\jvm.dll
0x00007ffa33f60000 - 0x00007ffa34016000 	C:\WINDOWS\System32\ADVAPI32.dll
0x00007ffa344e0000 - 0x00007ffa3458a000 	C:\WINDOWS\System32\sechost.dll
0x00007ffa34590000 - 0x00007ffa346a8000 	C:\WINDOWS\System32\RPCRT4.dll
0x00007ffa34a40000 - 0x00007ffa34ac0000 	C:\WINDOWS\System32\WS2_32.dll
0x00007ffa32710000 - 0x00007ffa3276e000 	C:\WINDOWS\SYSTEM32\POWRPROF.dll
0x00007ffa1ece0000 - 0x00007ffa1ed16000 	C:\WINDOWS\SYSTEM32\WINMM.dll
0x00007ffa28120000 - 0x00007ffa2812b000 	C:\WINDOWS\SYSTEM32\VERSION.dll
0x00007ffa326f0000 - 0x00007ffa32704000 	C:\WINDOWS\SYSTEM32\UMPDC.dll
0x00007ffa31600000 - 0x00007ffa3161b000 	C:\WINDOWS\SYSTEM32\kernel.appcore.dll
0x00007ffa2a550000 - 0x00007ffa2a55a000 	C:\Program Files\Eclipse Adoptium\jdk-17.0.17.10-hotspot\bin\jimage.dll
0x00007ffa30120000 - 0x00007ffa30362000 	C:\WINDOWS\SYSTEM32\DBGHELP.DLL
0x00007ffa346b0000 - 0x00007ffa34a33000 	C:\WINDOWS\System32\combase.dll
0x00007ffa33390000 - 0x00007ffa33469000 	C:\WINDOWS\System32\OLEAUT32.dll
0x00007ffa176e0000 - 0x00007ffa1771b000 	C:\WINDOWS\SYSTEM32\dbgcore.DLL
0x00007ffa32b50000 - 0x00007ffa32bf8000 	C:\WINDOWS\System32\bcryptPrimitives.dll
0x00007ffa03220000 - 0x00007ffa03245000 	C:\Program Files\Eclipse Adoptium\jdk-17.0.17.10-hotspot\bin\java.dll
0x00007ff9ae6c0000 - 0x00007ff9ae797000 	C:\Program Files\Eclipse Adoptium\jdk-17.0.17.10-hotspot\bin\jsvml.dll
0x00007ffa33600000 - 0x00007ffa33d84000 	C:\WINDOWS\System32\SHELL32.dll
0x00007ffa30450000 - 0x00007ffa30cd0000 	C:\WINDOWS\SYSTEM32\windows.storage.dll
0x00007ffa33e60000 - 0x00007ffa33f56000 	C:\WINDOWS\System32\SHCORE.dll
0x00007ffa34fc0000 - 0x00007ffa35027000 	C:\WINDOWS\System32\shlwapi.dll
0x00007ffa327d0000 - 0x00007ffa327f9000 	C:\WINDOWS\SYSTEM32\profapi.dll
0x00007ffa03500000 - 0x00007ffa0351a000 	C:\Program Files\Eclipse Adoptium\jdk-17.0.17.10-hotspot\bin\net.dll
0x00007ffa2a250000 - 0x00007ffa2a379000 	C:\WINDOWS\SYSTEM32\WINHTTP.dll
0x00007ffa31b50000 - 0x00007ffa31bbc000 	C:\WINDOWS\system32\mswsock.dll
0x00007ffa023e0000 - 0x00007ffa023f6000 	C:\Program Files\Eclipse Adoptium\jdk-17.0.17.10-hotspot\bin\nio.dll
0x00007ff9fedb0000 - 0x00007ff9fedc8000 	C:\Program Files\Eclipse Adoptium\jdk-17.0.17.10-hotspot\bin\zip.dll
0x00007ff9fbbd0000 - 0x00007ff9fbbf4000 	C:\ProgramData\chocolatey\lib\maven\apache-maven-3.9.16\lib\jansi-native\Windows\x86_64\jansi.dll
0x00007ffa1c660000 - 0x00007ffa1c670000 	C:\Program Files\Eclipse Adoptium\jdk-17.0.17.10-hotspot\bin\verify.dll
0x00007ffa31720000 - 0x00007ffa31756000 	C:\WINDOWS\SYSTEM32\ntmarta.dll
0x00007ffa31f50000 - 0x00007ffa31f6b000 	C:\WINDOWS\SYSTEM32\CRYPTSP.dll
0x00007ffa31560000 - 0x00007ffa31599000 	C:\WINDOWS\system32\rsaenh.dll
0x00007ffa31c00000 - 0x00007ffa31c33000 	C:\WINDOWS\SYSTEM32\USERENV.dll
0x00007ffa327a0000 - 0x00007ffa327ca000 	C:\WINDOWS\SYSTEM32\bcrypt.dll
0x00007ffa31db0000 - 0x00007ffa31dbc000 	C:\WINDOWS\SYSTEM32\CRYPTBASE.dll
0x00007ffa30fe0000 - 0x00007ffa31013000 	C:\WINDOWS\SYSTEM32\IPHLPAPI.DLL
0x00007ffa33520000 - 0x00007ffa3352a000 	C:\WINDOWS\System32\NSI.dll
0x00007ffa29dd0000 - 0x00007ffa29ded000 	C:\WINDOWS\SYSTEM32\dhcpcsvc6.DLL
0x00007ffa29d60000 - 0x00007ffa29d85000 	C:\WINDOWS\SYSTEM32\dhcpcsvc.DLL
0x00007ffa31070000 - 0x00007ffa311ba000 	C:\WINDOWS\SYSTEM32\DNSAPI.dll
0x00007ffa31920000 - 0x00007ffa3192d000 	C:\WINDOWS\SYSTEM32\DSPARSE.dll

dbghelp: loaded successfully - version: 4.0.5 - missing functions: none
symbol engine: initialized successfully - sym options: 0x614 - pdb path: .;C:\Program Files\Eclipse Adoptium\jdk-17.0.17.10-hotspot\bin;C:\WINDOWS\SYSTEM32;C:\WINDOWS\WinSxS\amd64_microsoft.windows.common-controls_6595b64144ccf1df_6.0.26100.8521_none_3e08b75ce33403b3;C:\Program Files\Eclipse Adoptium\jdk-17.0.17.10-hotspot\bin\server;C:\ProgramData\chocolatey\lib\maven\apache-maven-3.9.16\lib\jansi-native\Windows\x86_64

VM Arguments:
jvm_args: --enable-native-access=ALL-UNNAMED -Dclassworlds.conf=C:\ProgramData\chocolatey\lib\maven\apache-maven-3.9.16\bin\m2.conf -Dmaven.home=C:\ProgramData\chocolatey\lib\maven\apache-maven-3.9.16 -Dlibrary.jansi.path=C:\ProgramData\chocolatey\lib\maven\apache-maven-3.9.16\lib\jansi-native -Dmaven.multiModuleProjectDirectory=C:\Users\patri\OneDrive\Escritorio\proyecto semestral\back-Ventas_SpringBoot\Springboot-API-REST 
java_command: org.codehaus.plexus.classworlds.launcher.Launcher clean package
java_class_path (initial): C:\ProgramData\chocolatey\lib\maven\apache-maven-3.9.16\boot\plexus-classworlds-2.11.0.jar
Launcher Type: SUN_STANDARD

[Global flags]
     intx CICompilerCount                          = 4                                         {product} {ergonomic}
     uint ConcGCThreads                            = 2                                         {product} {ergonomic}
     uint G1ConcRefinementThreads                  = 8                                         {product} {ergonomic}
   size_t G1HeapRegionSize                         = 1048576                                   {product} {ergonomic}
    uintx GCDrainStackTargetSize                   = 64                                        {product} {ergonomic}
   size_t InitialHeapSize                          = 132120576                                 {product} {ergonomic}
   size_t MarkStackSize                            = 4194304                                   {product} {ergonomic}
   size_t MaxHeapSize                              = 2111832064                                {product} {ergonomic}
   size_t MaxNewSize                               = 1266679808                                {product} {ergonomic}
   size_t MinHeapDeltaBytes                        = 1048576                                   {product} {ergonomic}
   size_t MinHeapSize                              = 8388608                                   {product} {ergonomic}
    uintx NonNMethodCodeHeapSize                   = 5839372                                {pd product} {ergonomic}
    uintx NonProfiledCodeHeapSize                  = 122909434                              {pd product} {ergonomic}
    uintx ProfiledCodeHeapSize                     = 122909434                              {pd product} {ergonomic}
    uintx ReservedCodeCacheSize                    = 251658240                              {pd product} {ergonomic}
     bool SegmentedCodeCache                       = true                                      {product} {ergonomic}
   size_t SoftMaxHeapSize                          = 2111832064                             {manageable} {ergonomic}
     bool UseCompressedClassPointers               = true                           {product lp64_product} {ergonomic}
     bool UseCompressedOops                        = true                           {product lp64_product} {ergonomic}
     bool UseG1GC                                  = true                                      {product} {ergonomic}
     bool UseLargePagesIndividualAllocation        = false                                  {pd product} {ergonomic}

Logging:
Log output configuration:
 #0: stdout all=warning uptime,level,tags
 #1: stderr all=off uptime,level,tags

Environment Variables:
PATH=C:\Program Files\Eclipse Adoptium\jdk-17.0.17.10-hotspot\bin;C:\Program Files\Common Files\Siemens\Automation\Simatic OAM\bin;C:\Program Files\Common Files\Oracle\Java\javapath;C:\WINDOWS\system32;C:\WINDOWS;C:\WINDOWS\System32\Wbem;C:\WINDOWS\System32\WindowsPowerShell\v1.0\;C:\WINDOWS\System32\OpenSSH\;C:\Program Files (x86)\NVIDIA Corporation\PhysX\Common;C:\Program Files\dotnet\;C:\Program Files (x86)\IVI Foundation\VISA\WinNT\Bin\;C:\Program Files\IVI Foundation\VISA\Win64\Bin\;C:\Program Files (x86)\IVI Foundation\IVI\bin;C:\Program Files\IVI Foundation\IVI\bin;C:\Program Files (x86)\IVI Foundation\VISA\WinNT\Bin;C:\Program Files\NVIDIA Corporation\NVIDIA app\NvDLISR;C:\Program Files\MATLAB\R2024b\bin;C:\Program Files\Git\cmd;C:\Program Files\Docker\Docker\resources\bin;C:\Program Files\nodejs\;C:\ProgramData\chocolatey\bin;C:\ProgramData\chocolatey\lib\maven\apache-maven-3.9.16\bin;C:\Program Files\Amazon\AWSCLIV2\;C:\Users\patri\AppData\Local\Programs\Python\Python313\Scripts\;C:\Users\patri\AppData\Local\Programs\Python\Python313\;C:\Users\patri\AppData\Local\Microsoft\WindowsApps;C:\Users\patri\AppData\Local\Programs\Microsoft VS Code\bin;C:\Users\patri\AppData\Roaming\npm;C:\Users\patri\AppData\Local\GitHubDesktop\bin
USERNAME=patri
OS=Windows_NT
PROCESSOR_IDENTIFIER=Intel64 Family 6 Model 158 Stepping 10, GenuineIntel
TMP=C:\Users\patri\AppData\Local\Temp
TEMP=C:\Users\patri\AppData\Local\Temp



Periodic native trim disabled


---------------  S Y S T E M  ---------------

OS:
 Windows 11 , 64 bit Build 26100 (10.0.26100.8521)
OS uptime: 0 days 10:33 hours
Hyper-V role detected

CPU: total 8 (initial active 8) (4 cores per cpu, 2 threads per core) family 6 model 158 stepping 10 microcode 0xde, cx8, cmov, fxsr, ht, mmx, 3dnowpref, sse, sse2, sse3, ssse3, sse4.1, sse4.2, popcnt, lzcnt, tsc, tscinvbit, avx, avx2, aes, erms, clmul, bmi1, bmi2, adx, fma, vzeroupper, clflush, clflushopt, hv
Processor Information for all 8 processors :
  Max Mhz: 2301, Current Mhz: 2300, Mhz Limit: 2277

Memory: 4k page, system-wide physical 8048M (1124M free)
TotalPageFile size 17639M (AvailPageFile size 11M)
current process WorkingSet (physical memory assigned to process): 321M, peak: 365M
current process commit charge ("private bytes"): 353M, peak: 400M

vm_info: OpenJDK 64-Bit Server VM (17.0.17+10) for windows-amd64 JRE (17.0.17+10), built on Oct 21 2025 23:25:32 by "admin" with unknown MS VC++:1942

END.
