#
# There is insufficient memory for the Java Runtime Environment to continue.
# Native memory allocation (malloc) failed to allocate 1764496 bytes. Error detail: Chunk::new
# Possible reasons:
#   The system is out of physical RAM or swap space
#   This process is running with CompressedOops enabled, and the Java Heap may be blocking the growth of the native heap
# Possible solutions:
#   Reduce memory load on the system
#   Increase physical memory or swap space
#   Check if swap backing store is full
#   Decrease Java heap size (-Xmx/-Xms)
#   Decrease number of Java threads
#   Decrease Java thread stack sizes (-Xss)
#   Set larger code cache with -XX:ReservedCodeCacheSize=
#   JVM is running with Unscaled Compressed Oops mode in which the Java heap is
#     placed in the first 4GB address space. The Java Heap base address is the
#     maximum limit for the native heap growth. Please use -XX:HeapBaseMinAddress
#     to set the Java Heap base and to place the Java Heap above 4GB virtual address.
# This output file may be truncated or incomplete.
#
#  Out of Memory Error (arena.cpp:191), pid=25684, tid=22608
#
# JRE version: OpenJDK Runtime Environment Temurin-17.0.17+10 (17.0.17+10) (build 17.0.17+10)
# Java VM: OpenJDK 64-Bit Server VM Temurin-17.0.17+10 (17.0.17+10, mixed mode, sharing, tiered, compressed oops, compressed class ptrs, g1 gc, windows-amd64)
# No core dump will be written. Minidumps are not enabled by default on client versions of Windows
#

---------------  S U M M A R Y ------------

Command Line: C:\Users\patri\AppData\Local\Temp\surefire4427957265840763001\surefirebooter-20260710180150711_3.jar C:\Users\patri\AppData\Local\Temp\surefire4427957265840763001 2026-07-10T18-01-50_380-jvmRun1 surefire-20260710180150711_1tmp surefire_0-20260710180150711_2tmp

Host: Intel(R) Core(TM) i5-8300H CPU @ 2.30GHz, 8 cores, 7G,  Windows 11 , 64 bit Build 26100 (10.0.26100.8521)
Time: Fri Jul 10 18:01:55 2026 Hora est. Sudam廨ica Pac璗ico elapsed time: 4.959280 seconds (0d 0h 0m 4s)

---------------  T H R E A D  ---------------

Current thread (0x000001b4a5880d70):  JavaThread "C2 CompilerThread1" daemon [_thread_in_native, id=22608, stack(0x0000005af6700000,0x0000005af6800000)]


Current CompileTask:
C2:4959 3809       4       org.springframework.core.ResolvableType::resolveType (143 bytes)

Stack: [0x0000005af6700000,0x0000005af6800000]
Native frames: (J=compiled Java code, j=interpreted, Vv=VM code, C=native code)
V  [jvm.dll+0x683fb9]
V  [jvm.dll+0x83a1b5]
V  [jvm.dll+0x83bc2e]
V  [jvm.dll+0x83c2b3]
V  [jvm.dll+0x248eff]
V  [jvm.dll+0xad496]
V  [jvm.dll+0xadb3c]
V  [jvm.dll+0x3689ef]
V  [jvm.dll+0x332fa5]
V  [jvm.dll+0x33240a]
V  [jvm.dll+0x219db9]
V  [jvm.dll+0x219200]
V  [jvm.dll+0x1a4920]
V  [jvm.dll+0x22989a]
V  [jvm.dll+0x227a4b]
V  [jvm.dll+0x7effb8]
V  [jvm.dll+0x7ea44c]
V  [jvm.dll+0x682e87]
C  [ucrtbase.dll+0x2cd30]
C  [KERNEL32.DLL+0x2e957]
C  [ntdll.dll+0x87c1c]


---------------  P R O C E S S  ---------------

Threads class SMR info:
_java_thread_list=0x000001b4ee9ccad0, length=16, elements={
0x000001b4870d91a0, 0x000001b4a5484990, 0x000001b4a5487fe0, 0x000001b4a54a3cd0,
0x000001b4a54a45a0, 0x000001b4a54a59e0, 0x000001b4a54a6e20, 0x000001b4a54ab110,
0x000001b4a54b9b60, 0x000001b4a54ba470, 0x000001b4a5739b50, 0x000001b4a57402f0,
0x000001b4a5880d70, 0x000001b4eb05bd70, 0x000001b4eb078670, 0x000001b4eb3cc470
}

Java Threads: ( => current thread )
  0x000001b4870d91a0 JavaThread "main" [_thread_in_Java, id=11176, stack(0x0000005af5400000,0x0000005af5500000)]
  0x000001b4a5484990 JavaThread "Reference Handler" daemon [_thread_blocked, id=22940, stack(0x0000005af5b00000,0x0000005af5c00000)]
  0x000001b4a5487fe0 JavaThread "Finalizer" daemon [_thread_blocked, id=24844, stack(0x0000005af5c00000,0x0000005af5d00000)]
  0x000001b4a54a3cd0 JavaThread "Signal Dispatcher" daemon [_thread_blocked, id=25076, stack(0x0000005af5d00000,0x0000005af5e00000)]
  0x000001b4a54a45a0 JavaThread "Attach Listener" daemon [_thread_blocked, id=23992, stack(0x0000005af5e00000,0x0000005af5f00000)]
  0x000001b4a54a59e0 JavaThread "Service Thread" daemon [_thread_blocked, id=20312, stack(0x0000005af5f00000,0x0000005af6000000)]
  0x000001b4a54a6e20 JavaThread "Monitor Deflation Thread" daemon [_thread_blocked, id=10660, stack(0x0000005af6000000,0x0000005af6100000)]
  0x000001b4a54ab110 JavaThread "C2 CompilerThread0" daemon [_thread_in_native, id=8632, stack(0x0000005af6100000,0x0000005af6200000)]
  0x000001b4a54b9b60 JavaThread "C1 CompilerThread0" daemon [_thread_blocked, id=27488, stack(0x0000005af6200000,0x0000005af6300000)]
  0x000001b4a54ba470 JavaThread "Sweeper thread" daemon [_thread_blocked, id=15268, stack(0x0000005af6300000,0x0000005af6400000)]
  0x000001b4a5739b50 JavaThread "Notification Thread" daemon [_thread_blocked, id=26256, stack(0x0000005af6400000,0x0000005af6500000)]
  0x000001b4a57402f0 JavaThread "Common-Cleaner" daemon [_thread_blocked, id=18960, stack(0x0000005af6600000,0x0000005af6700000)]
=>0x000001b4a5880d70 JavaThread "C2 CompilerThread1" daemon [_thread_in_native, id=22608, stack(0x0000005af6700000,0x0000005af6800000)]
  0x000001b4eb05bd70 JavaThread "surefire-forkedjvm-stream-flusher" daemon [_thread_blocked, id=22748, stack(0x0000005af6800000,0x0000005af6900000)]
  0x000001b4eb078670 JavaThread "surefire-forkedjvm-command-thread" daemon [_thread_in_native, id=26136, stack(0x0000005af6900000,0x0000005af6a00000)]
  0x000001b4eb3cc470 JavaThread "C2 CompilerThread2" daemon [_thread_in_native, id=24300, stack(0x0000005af6a00000,0x0000005af6b00000)]

Other Threads:
  0x000001b4a547f9d0 VMThread "VM Thread" [stack: 0x0000005af5a00000,0x0000005af5b00000] [id=27884]
  0x000001b4a573c040 WatcherThread [stack: 0x0000005af6500000,0x0000005af6600000] [id=9532]
  0x000001b4871390c0 GCTaskThread "GC Thread#0" [stack: 0x0000005af5500000,0x0000005af5600000] [id=5624]
  0x000001b4eba189f0 GCTaskThread "GC Thread#1" [stack: 0x0000005af6b00000,0x0000005af6c00000] [id=25672]
  0x000001b4eb5c8c40 GCTaskThread "GC Thread#2" [stack: 0x0000005af6c00000,0x0000005af6d00000] [id=22368]
  0x000001b4eb913330 GCTaskThread "GC Thread#3" [stack: 0x0000005af6d00000,0x0000005af6e00000] [id=28264]
  0x000001b4ec2b4830 GCTaskThread "GC Thread#4" [stack: 0x0000005af6e00000,0x0000005af6f00000] [id=25492]
  0x000001b4ec02e870 GCTaskThread "GC Thread#5" [stack: 0x0000005af6f00000,0x0000005af7000000] [id=3560]
  0x000001b4eb63ea90 GCTaskThread "GC Thread#6" [stack: 0x0000005af7000000,0x0000005af7100000] [id=26656]
  0x000001b4ebc7aad0 GCTaskThread "GC Thread#7" [stack: 0x0000005af7100000,0x0000005af7200000] [id=21840]
  0x000001b48714a7b0 ConcurrentGCThread "G1 Main Marker" [stack: 0x0000005af5600000,0x0000005af5700000] [id=12016]
  0x000001b48714c730 ConcurrentGCThread "G1 Conc#0" [stack: 0x0000005af5700000,0x0000005af5800000] [id=23064]
  0x000001b4ee15def0 ConcurrentGCThread "G1 Conc#1" [stack: 0x0000005af7400000,0x0000005af7500000] [id=7972]
  0x000001b48718de70 ConcurrentGCThread "G1 Refine#0" [stack: 0x0000005af5800000,0x0000005af5900000] [id=9420]
  0x000001b48718e650 ConcurrentGCThread "G1 Service" [stack: 0x0000005af5900000,0x0000005af5a00000] [id=9688]

Threads with active compile tasks:
C2 CompilerThread0  5003 3794       4       org.springframework.core.annotation.TypeMappedAnnotation::getValue (151 bytes)
C2 CompilerThread1  5003 3809       4       org.springframework.core.ResolvableType::resolveType (143 bytes)
C2 CompilerThread2  5003 3785       4       org.springframework.core.ResolvableType::forType (112 bytes)

VM state: not at safepoint (normal execution)

VM Mutex/Monitor currently owned by a thread: None

Heap address: 0x0000000082200000, size: 2014 MB, Compressed Oops mode: 32-bit

CDS archive(s) mapped at: [0x000001b4a6000000-0x000001b4a6bb0000-0x000001b4a6bb0000), size 12255232, SharedBaseAddress: 0x000001b4a6000000, ArchiveRelocationMode: 1.
Compressed class space mapped at: 0x000001b4a7000000-0x000001b4e7000000, reserved size: 1073741824
Narrow klass base: 0x000001b4a6000000, Narrow klass shift: 0, Narrow klass range: 0x100000000

GC Precious Log:
 CPUs: 8 total, 8 available
 Memory: 8048M
 Large Page Support: Disabled
 NUMA Support: Disabled
 Compressed Oops: Enabled (32-bit)
 Heap Region Size: 1M
 Heap Min Capacity: 8M
 Heap Initial Capacity: 126M
 Heap Max Capacity: 2014M
 Pre-touch: Disabled
 Parallel Workers: 8
 Concurrent Workers: 2
 Concurrent Refinement Workers: 8
 Periodic GC: Disabled

Heap:
 garbage-first heap   total 87040K, used 46223K [0x0000000082200000, 0x0000000100000000)
  region size 1024K, 30 young (30720K), 3 survivors (3072K)
 Metaspace       used 31046K, committed 31360K, reserved 1114112K
  class space    used 4134K, committed 4288K, reserved 1048576K

Heap Regions: E=young(eden), S=young(survivor), O=old, HS=humongous(starts), HC=humongous(continues), CS=collection set, F=free, OA=open archive, CA=closed archive, TAMS=top-at-mark-start (previous, next)
|   0|0x0000000082200000, 0x0000000082300000, 0x0000000082300000|100%|HS|  |TAMS 0x0000000082300000, 0x0000000082200000| Complete 
|   1|0x0000000082300000, 0x0000000082400000, 0x0000000082400000|100%|HS|  |TAMS 0x0000000082400000, 0x0000000082300000| Complete 
|   2|0x0000000082400000, 0x0000000082500000, 0x0000000082500000|100%| O|  |TAMS 0x0000000082500000, 0x0000000082400000| Untracked 
|   3|0x0000000082500000, 0x0000000082600000, 0x0000000082600000|100%| O|  |TAMS 0x0000000082600000, 0x0000000082500000| Untracked 
|   4|0x0000000082600000, 0x0000000082700000, 0x0000000082700000|100%| O|  |TAMS 0x0000000082700000, 0x0000000082600000| Untracked 
|   5|0x0000000082700000, 0x0000000082800000, 0x0000000082800000|100%| O|  |TAMS 0x0000000082800000, 0x0000000082700000| Untracked 
|   6|0x0000000082800000, 0x0000000082900000, 0x0000000082900000|100%| O|  |TAMS 0x0000000082900000, 0x0000000082800000| Untracked 
|   7|0x0000000082900000, 0x0000000082a00000, 0x0000000082a00000|100%| O|  |TAMS 0x0000000082a00000, 0x0000000082900000| Untracked 
|   8|0x0000000082a00000, 0x0000000082b00000, 0x0000000082b00000|100%| O|  |TAMS 0x0000000082b00000, 0x0000000082a00000| Untracked 
|   9|0x0000000082b00000, 0x0000000082b00000, 0x0000000082c00000|  0%| F|  |TAMS 0x0000000082b00000, 0x0000000082b00000| Untracked 
|  10|0x0000000082c00000, 0x0000000082d00000, 0x0000000082d00000|100%| O|  |TAMS 0x0000000082c00000, 0x0000000082c00000| Untracked 
|  11|0x0000000082d00000, 0x0000000082e00000, 0x0000000082e00000|100%| O|  |TAMS 0x0000000082d00000, 0x0000000082d00000| Untracked 
|  12|0x0000000082e00000, 0x0000000082f00000, 0x0000000082f00000|100%| O|  |TAMS 0x0000000082e00000, 0x0000000082e00000| Untracked 
|  13|0x0000000082f00000, 0x0000000083000000, 0x0000000083000000|100%| O|  |TAMS 0x0000000082f00000, 0x0000000082f00000| Untracked 
|  14|0x0000000083000000, 0x0000000083100000, 0x0000000083100000|100%| O|  |TAMS 0x0000000083000000, 0x0000000083000000| Untracked 
|  15|0x0000000083100000, 0x0000000083200000, 0x0000000083200000|100%| O|  |TAMS 0x0000000083100000, 0x0000000083100000| Untracked 
|  16|0x0000000083200000, 0x0000000083300000, 0x0000000083300000|100%| O|  |TAMS 0x0000000083200000, 0x0000000083200000| Untracked 
|  17|0x0000000083300000, 0x00000000833cf200, 0x0000000083400000| 80%| O|  |TAMS 0x0000000083300000, 0x0000000083300000| Untracked 
|  18|0x0000000083400000, 0x0000000083400000, 0x0000000083500000|  0%| F|  |TAMS 0x0000000083400000, 0x0000000083400000| Untracked 
|  19|0x0000000083500000, 0x0000000083500000, 0x0000000083600000|  0%| F|  |TAMS 0x0000000083500000, 0x0000000083500000| Untracked 
|  20|0x0000000083600000, 0x0000000083600000, 0x0000000083700000|  0%| F|  |TAMS 0x0000000083600000, 0x0000000083600000| Untracked 
|  21|0x0000000083700000, 0x0000000083700000, 0x0000000083800000|  0%| F|  |TAMS 0x0000000083700000, 0x0000000083700000| Untracked 
|  22|0x0000000083800000, 0x0000000083800000, 0x0000000083900000|  0%| F|  |TAMS 0x0000000083800000, 0x0000000083800000| Untracked 
|  23|0x0000000083900000, 0x0000000083900000, 0x0000000083a00000|  0%| F|  |TAMS 0x0000000083900000, 0x0000000083900000| Untracked 
|  24|0x0000000083a00000, 0x0000000083a00000, 0x0000000083b00000|  0%| F|  |TAMS 0x0000000083a00000, 0x0000000083a00000| Untracked 
|  25|0x0000000083b00000, 0x0000000083b00000, 0x0000000083c00000|  0%| F|  |TAMS 0x0000000083b00000, 0x0000000083b00000| Untracked 
|  26|0x0000000083c00000, 0x0000000083c00000, 0x0000000083d00000|  0%| F|  |TAMS 0x0000000083c00000, 0x0000000083c00000| Untracked 
|  27|0x0000000083d00000, 0x0000000083d00000, 0x0000000083e00000|  0%| F|  |TAMS 0x0000000083d00000, 0x0000000083d00000| Untracked 
|  28|0x0000000083e00000, 0x0000000083e00000, 0x0000000083f00000|  0%| F|  |TAMS 0x0000000083e00000, 0x0000000083e00000| Untracked 
|  29|0x0000000083f00000, 0x0000000083f00000, 0x0000000084000000|  0%| F|  |TAMS 0x0000000083f00000, 0x0000000083f00000| Untracked 
|  30|0x0000000084000000, 0x0000000084054bf0, 0x0000000084100000| 33%| S|CS|TAMS 0x0000000084000000, 0x0000000084000000| Complete 
|  31|0x0000000084100000, 0x0000000084200000, 0x0000000084200000|100%| S|CS|TAMS 0x0000000084100000, 0x0000000084100000| Complete 
|  32|0x0000000084200000, 0x0000000084300000, 0x0000000084300000|100%| S|CS|TAMS 0x0000000084200000, 0x0000000084200000| Complete 
|  33|0x0000000084300000, 0x0000000084300000, 0x0000000084400000|  0%| F|  |TAMS 0x0000000084300000, 0x0000000084300000| Untracked 
|  34|0x0000000084400000, 0x0000000084400000, 0x0000000084500000|  0%| F|  |TAMS 0x0000000084400000, 0x0000000084400000| Untracked 
|  35|0x0000000084500000, 0x0000000084500000, 0x0000000084600000|  0%| F|  |TAMS 0x0000000084500000, 0x0000000084500000| Untracked 
|  36|0x0000000084600000, 0x0000000084600000, 0x0000000084700000|  0%| F|  |TAMS 0x0000000084600000, 0x0000000084600000| Untracked 
|  37|0x0000000084700000, 0x0000000084700000, 0x0000000084800000|  0%| F|  |TAMS 0x0000000084700000, 0x0000000084700000| Untracked 
|  38|0x0000000084800000, 0x0000000084800000, 0x0000000084900000|  0%| F|  |TAMS 0x0000000084800000, 0x0000000084800000| Untracked 
|  39|0x0000000084900000, 0x0000000084900000, 0x0000000084a00000|  0%| F|  |TAMS 0x0000000084900000, 0x0000000084900000| Untracked 
|  40|0x0000000084a00000, 0x0000000084a00000, 0x0000000084b00000|  0%| F|  |TAMS 0x0000000084a00000, 0x0000000084a00000| Untracked 
|  41|0x0000000084b00000, 0x0000000084b00000, 0x0000000084c00000|  0%| F|  |TAMS 0x0000000084b00000, 0x0000000084b00000| Untracked 
|  42|0x0000000084c00000, 0x0000000084c00000, 0x0000000084d00000|  0%| F|  |TAMS 0x0000000084c00000, 0x0000000084c00000| Untracked 
|  43|0x0000000084d00000, 0x0000000084d00000, 0x0000000084e00000|  0%| F|  |TAMS 0x0000000084d00000, 0x0000000084d00000| Untracked 
|  44|0x0000000084e00000, 0x0000000084e00000, 0x0000000084f00000|  0%| F|  |TAMS 0x0000000084e00000, 0x0000000084e00000| Untracked 
|  45|0x0000000084f00000, 0x0000000084f00000, 0x0000000085000000|  0%| F|  |TAMS 0x0000000084f00000, 0x0000000084f00000| Untracked 
|  46|0x0000000085000000, 0x0000000085000000, 0x0000000085100000|  0%| F|  |TAMS 0x0000000085000000, 0x0000000085000000| Untracked 
|  47|0x0000000085100000, 0x0000000085100000, 0x0000000085200000|  0%| F|  |TAMS 0x0000000085100000, 0x0000000085100000| Untracked 
|  48|0x0000000085200000, 0x0000000085200000, 0x0000000085300000|  0%| F|  |TAMS 0x0000000085200000, 0x0000000085200000| Untracked 
|  49|0x0000000085300000, 0x0000000085300000, 0x0000000085400000|  0%| F|  |TAMS 0x0000000085300000, 0x0000000085300000| Untracked 
|  50|0x0000000085400000, 0x0000000085400000, 0x0000000085500000|  0%| F|  |TAMS 0x0000000085400000, 0x0000000085400000| Untracked 
|  51|0x0000000085500000, 0x0000000085500000, 0x0000000085600000|  0%| F|  |TAMS 0x0000000085500000, 0x0000000085500000| Untracked 
|  52|0x0000000085600000, 0x0000000085600000, 0x0000000085700000|  0%| F|  |TAMS 0x0000000085600000, 0x0000000085600000| Untracked 
|  53|0x0000000085700000, 0x0000000085700000, 0x0000000085800000|  0%| F|  |TAMS 0x0000000085700000, 0x0000000085700000| Untracked 
|  54|0x0000000085800000, 0x0000000085800000, 0x0000000085900000|  0%| F|  |TAMS 0x0000000085800000, 0x0000000085800000| Untracked 
|  55|0x0000000085900000, 0x0000000085900000, 0x0000000085a00000|  0%| F|  |TAMS 0x0000000085900000, 0x0000000085900000| Untracked 
|  56|0x0000000085a00000, 0x0000000085a00000, 0x0000000085b00000|  0%| F|  |TAMS 0x0000000085a00000, 0x0000000085a00000| Untracked 
|  57|0x0000000085b00000, 0x0000000085b00000, 0x0000000085c00000|  0%| F|  |TAMS 0x0000000085b00000, 0x0000000085b00000| Untracked 
|  58|0x0000000085c00000, 0x0000000085d00000, 0x0000000085d00000|100%| E|  |TAMS 0x0000000085c00000, 0x0000000085c00000| Complete 
|  59|0x0000000085d00000, 0x0000000085e00000, 0x0000000085e00000|100%| E|CS|TAMS 0x0000000085d00000, 0x0000000085d00000| Complete 
|  60|0x0000000085e00000, 0x0000000085f00000, 0x0000000085f00000|100%| E|CS|TAMS 0x0000000085e00000, 0x0000000085e00000| Complete 
|  61|0x0000000085f00000, 0x0000000086000000, 0x0000000086000000|100%| E|CS|TAMS 0x0000000085f00000, 0x0000000085f00000| Complete 
|  62|0x0000000086000000, 0x0000000086100000, 0x0000000086100000|100%| E|CS|TAMS 0x0000000086000000, 0x0000000086000000| Complete 
|  63|0x0000000086100000, 0x0000000086200000, 0x0000000086200000|100%| E|CS|TAMS 0x0000000086100000, 0x0000000086100000| Complete 
|  64|0x0000000086200000, 0x0000000086300000, 0x0000000086300000|100%| E|CS|TAMS 0x0000000086200000, 0x0000000086200000| Complete 
|  65|0x0000000086300000, 0x0000000086400000, 0x0000000086400000|100%| E|CS|TAMS 0x0000000086300000, 0x0000000086300000| Complete 
|  66|0x0000000086400000, 0x0000000086500000, 0x0000000086500000|100%| E|CS|TAMS 0x0000000086400000, 0x0000000086400000| Complete 
|  67|0x0000000086500000, 0x0000000086600000, 0x0000000086600000|100%| E|CS|TAMS 0x0000000086500000, 0x0000000086500000| Complete 
|  68|0x0000000086600000, 0x0000000086700000, 0x0000000086700000|100%| E|CS|TAMS 0x0000000086600000, 0x0000000086600000| Complete 
|  69|0x0000000086700000, 0x0000000086800000, 0x0000000086800000|100%| E|CS|TAMS 0x0000000086700000, 0x0000000086700000| Complete 
|  70|0x0000000086800000, 0x0000000086900000, 0x0000000086900000|100%| E|CS|TAMS 0x0000000086800000, 0x0000000086800000| Complete 
|  71|0x0000000086900000, 0x0000000086a00000, 0x0000000086a00000|100%| E|CS|TAMS 0x0000000086900000, 0x0000000086900000| Complete 
|  72|0x0000000086a00000, 0x0000000086b00000, 0x0000000086b00000|100%| E|CS|TAMS 0x0000000086a00000, 0x0000000086a00000| Complete 
|  73|0x0000000086b00000, 0x0000000086c00000, 0x0000000086c00000|100%| E|CS|TAMS 0x0000000086b00000, 0x0000000086b00000| Complete 
|  74|0x0000000086c00000, 0x0000000086d00000, 0x0000000086d00000|100%| E|CS|TAMS 0x0000000086c00000, 0x0000000086c00000| Complete 
|  75|0x0000000086d00000, 0x0000000086e00000, 0x0000000086e00000|100%| E|CS|TAMS 0x0000000086d00000, 0x0000000086d00000| Complete 
|  76|0x0000000086e00000, 0x0000000086f00000, 0x0000000086f00000|100%| E|CS|TAMS 0x0000000086e00000, 0x0000000086e00000| Complete 
|  77|0x0000000086f00000, 0x0000000087000000, 0x0000000087000000|100%| E|CS|TAMS 0x0000000086f00000, 0x0000000086f00000| Complete 
| 108|0x0000000088e00000, 0x0000000088f00000, 0x0000000088f00000|100%| E|CS|TAMS 0x0000000088e00000, 0x0000000088e00000| Complete 
| 109|0x0000000088f00000, 0x0000000089000000, 0x0000000089000000|100%| E|CS|TAMS 0x0000000088f00000, 0x0000000088f00000| Complete 
| 110|0x0000000089000000, 0x0000000089100000, 0x0000000089100000|100%| E|CS|TAMS 0x0000000089000000, 0x0000000089000000| Complete 
| 111|0x0000000089100000, 0x0000000089200000, 0x0000000089200000|100%| E|CS|TAMS 0x0000000089100000, 0x0000000089100000| Complete 
| 112|0x0000000089200000, 0x0000000089300000, 0x0000000089300000|100%| E|CS|TAMS 0x0000000089200000, 0x0000000089200000| Complete 
| 113|0x0000000089300000, 0x0000000089400000, 0x0000000089400000|100%| E|CS|TAMS 0x0000000089300000, 0x0000000089300000| Complete 
| 125|0x0000000089f00000, 0x000000008a000000, 0x000000008a000000|100%| E|CS|TAMS 0x0000000089f00000, 0x0000000089f00000| Complete 

Card table byte_map: [0x000001b49e390000,0x000001b49e780000] _byte_map_base: 0x000001b49df7f000

Marking Bits (Prev, Next): (CMBitMap*) 0x000001b487139630, (CMBitMap*) 0x000001b4871395f0
 Prev Bits: [0x000001b4a0af0000, 0x000001b4a2a68000)
 Next Bits: [0x000001b49eb70000, 0x000001b4a0ae8000)

Polling page: 0x000001b485220000

Metaspace:

Usage:
  Non-class:     26.29 MB used.
      Class:      4.04 MB used.
       Both:     30.33 MB used.

Virtual space:
  Non-class space:       64.00 MB reserved,      26.44 MB ( 41%) committed,  1 nodes.
      Class space:        1.00 GB reserved,       4.19 MB ( <1%) committed,  1 nodes.
             Both:        1.06 GB reserved,      30.62 MB (  3%) committed. 

Chunk freelists:
   Non-Class:  4.95 MB
       Class:  11.80 MB
        Both:  16.75 MB

MaxMetaspaceSize: unlimited
CompressedClassSpaceSize: 1.00 GB
Initial GC threshold: 21.00 MB
Current GC threshold: 35.25 MB
CDS: on
MetaspaceReclaimPolicy: balanced
 - commit_granule_bytes: 65536.
 - commit_granule_words: 8192.
 - virtual_space_node_default_size: 8388608.
 - enlarge_chunks_in_place: 1.
 - new_chunks_are_fully_committed: 0.
 - uncommit_free_chunks: 1.
 - use_allocation_guard: 0.
 - handle_deallocations: 1.


Internal statistics:

num_allocs_failed_limit: 7.
num_arena_births: 370.
num_arena_deaths: 0.
num_vsnodes_births: 2.
num_vsnodes_deaths: 0.
num_space_committed: 490.
num_space_uncommitted: 0.
num_chunks_returned_to_freelist: 7.
num_chunks_taken_from_freelist: 1536.
num_chunk_merges: 7.
num_chunk_splits: 1056.
num_chunks_enlarged: 808.
num_inconsistent_stats: 0.

CodeHeap 'non-profiled nmethods': size=120000Kb used=2171Kb max_used=2171Kb free=117828Kb
 bounds [0x000001b496720000, 0x000001b496990000, 0x000001b49dc50000]
CodeHeap 'profiled nmethods': size=120000Kb used=8235Kb max_used=8235Kb free=111764Kb
 bounds [0x000001b48ec50000, 0x000001b48f460000, 0x000001b496180000]
CodeHeap 'non-nmethods': size=5760Kb used=1263Kb max_used=1295Kb free=4496Kb
 bounds [0x000001b496180000, 0x000001b4963f0000, 0x000001b496720000]
 total_blobs=4417 nmethods=3891 adapters=435
 compilation: enabled
              stopped_count=0, restarted_count=0
 full_count=0

Compilation events (20 events):
Event: 4.927 Thread 0x000001b4a54b9b60 nmethod 3877 0x000001b48f42e910 code [0x000001b48f42eca0, 0x000001b48f430178]
Event: 4.927 Thread 0x000001b4a54b9b60 3881       3       sun.reflect.generics.parser.SignatureParser::parseTypeArguments (109 bytes)
Event: 4.929 Thread 0x000001b4a54b9b60 nmethod 3881 0x000001b48f430910 code [0x000001b48f430be0, 0x000001b48f431b48]
Event: 4.930 Thread 0x000001b4a54b9b60 3880   !   3       java.lang.ClassLoader::addClass (27 bytes)
Event: 4.931 Thread 0x000001b4a54b9b60 nmethod 3880 0x000001b48f432010 code [0x000001b48f432200, 0x000001b48f432828]
Event: 4.931 Thread 0x000001b4a54b9b60 3878       3       sun.reflect.generics.tree.ClassTypeSignature::make (9 bytes)
Event: 4.932 Thread 0x000001b4a54b9b60 nmethod 3878 0x000001b48f432b90 code [0x000001b48f432d40, 0x000001b48f432f98]
Event: 4.932 Thread 0x000001b4a54b9b60 3879       3       sun.reflect.generics.tree.ClassTypeSignature::<init> (10 bytes)
Event: 4.932 Thread 0x000001b4a54b9b60 nmethod 3879 0x000001b48f433090 code [0x000001b48f433240, 0x000001b48f4333f8]
Event: 4.935 Thread 0x000001b4a54b9b60 3882       3       org.springframework.beans.factory.support.AbstractAutowireCapableBeanFactory::predictBeanType (128 bytes)
Event: 4.936 Thread 0x000001b4a54b9b60 nmethod 3882 0x000001b48f433490 code [0x000001b48f433720, 0x000001b48f434508]
Event: 4.936 Thread 0x000001b4a54b9b60 3885       3       org.springframework.beans.factory.support.AbstractBeanFactory::isTypeMatch (745 bytes)
Event: 4.944 Thread 0x000001b4a54b9b60 nmethod 3885 0x000001b48f434890 code [0x000001b48f435060, 0x000001b48f43adb8]
Event: 4.944 Thread 0x000001b4a54b9b60 3888       3       org.springframework.core.annotation.TypeMappedAnnotation::adaptValueForMapOptions (174 bytes)
Event: 4.946 Thread 0x000001b4a54b9b60 nmethod 3888 0x000001b48f43c590 code [0x000001b48f43c880, 0x000001b48f43d848]
Event: 4.946 Thread 0x000001b4a54b9b60 3884       3       org.springframework.beans.factory.support.AbstractBeanFactory::isFactoryBean (62 bytes)
Event: 4.946 Thread 0x000001b4a54b9b60 nmethod 3884 0x000001b48f43dd10 code [0x000001b48f43df00, 0x000001b48f43e558]
Event: 4.947 Thread 0x000001b4a54b9b60 3883       3       org.springframework.beans.factory.support.AbstractAutowireCapableBeanFactory::determineTargetType (83 bytes)
Event: 4.947 Thread 0x000001b4a54b9b60 nmethod 3883 0x000001b48f43e710 code [0x000001b48f43e920, 0x000001b48f43f528]
Event: 4.947 Thread 0x000001b4a54b9b60 3886   !   3       org.springframework.beans.factory.support.DefaultListableBeanFactory::doGetBeanNamesForType (505 bytes)

GC Heap History (14 events):
Event: 0.867 GC heap before
{Heap before GC invocations=0 (full 0):
 garbage-first heap   total 129024K, used 24576K [0x0000000082200000, 0x0000000100000000)
  region size 1024K, 23 young (23552K), 0 survivors (0K)
 Metaspace       used 4590K, committed 4736K, reserved 1114112K
  class space    used 533K, committed 640K, reserved 1048576K
}
Event: 0.877 GC heap after
{Heap after GC invocations=1 (full 0):
 garbage-first heap   total 129024K, used 9408K [0x0000000082200000, 0x0000000100000000)
  region size 1024K, 3 young (3072K), 3 survivors (3072K)
 Metaspace       used 4590K, committed 4736K, reserved 1114112K
  class space    used 533K, committed 640K, reserved 1048576K
}
Event: 1.477 GC heap before
{Heap before GC invocations=1 (full 0):
 garbage-first heap   total 129024K, used 32960K [0x0000000082200000, 0x0000000100000000)
  region size 1024K, 26 young (26624K), 3 survivors (3072K)
 Metaspace       used 10196K, committed 10496K, reserved 1114112K
  class space    used 1274K, committed 1408K, reserved 1048576K
}
Event: 1.484 GC heap after
{Heap after GC invocations=2 (full 0):
 garbage-first heap   total 129024K, used 11178K [0x0000000082200000, 0x0000000100000000)
  region size 1024K, 2 young (2048K), 2 survivors (2048K)
 Metaspace       used 10196K, committed 10496K, reserved 1114112K
  class space    used 1274K, committed 1408K, reserved 1048576K
}
Event: 2.702 GC heap before
{Heap before GC invocations=2 (full 0):
 garbage-first heap   total 129024K, used 59306K [0x0000000082200000, 0x0000000100000000)
  region size 1024K, 49 young (50176K), 2 survivors (2048K)
 Metaspace       used 19240K, committed 19520K, reserved 1114112K
  class space    used 2664K, committed 2816K, reserved 1048576K
}
Event: 2.710 GC heap after
{Heap after GC invocations=3 (full 0):
 garbage-first heap   total 129024K, used 14284K [0x0000000082200000, 0x0000000100000000)
  region size 1024K, 5 young (5120K), 5 survivors (5120K)
 Metaspace       used 19240K, committed 19520K, reserved 1114112K
  class space    used 2664K, committed 2816K, reserved 1048576K
}
Event: 2.853 GC heap before
{Heap before GC invocations=3 (full 0):
 garbage-first heap   total 129024K, used 25548K [0x0000000082200000, 0x0000000100000000)
  region size 1024K, 17 young (17408K), 5 survivors (5120K)
 Metaspace       used 21284K, committed 21504K, reserved 1114112K
  class space    used 2850K, committed 2944K, reserved 1048576K
}
Event: 2.859 GC heap after
{Heap after GC invocations=4 (full 0):
 garbage-first heap   total 129024K, used 15355K [0x0000000082200000, 0x0000000100000000)
  region size 1024K, 6 young (6144K), 6 survivors (6144K)
 Metaspace       used 21284K, committed 21504K, reserved 1114112K
  class space    used 2850K, committed 2944K, reserved 1048576K
}
Event: 3.414 GC heap before
{Heap before GC invocations=5 (full 0):
 garbage-first heap   total 58368K, used 43003K [0x0000000082200000, 0x0000000100000000)
  region size 1024K, 34 young (34816K), 6 survivors (6144K)
 Metaspace       used 25582K, committed 25920K, reserved 1114112K
  class space    used 3404K, committed 3584K, reserved 1048576K
}
Event: 3.423 GC heap after
{Heap after GC invocations=6 (full 0):
 garbage-first heap   total 58368K, used 17670K [0x0000000082200000, 0x0000000100000000)
  region size 1024K, 4 young (4096K), 4 survivors (4096K)
 Metaspace       used 25582K, committed 25920K, reserved 1114112K
  class space    used 3404K, committed 3584K, reserved 1048576K
}
Event: 3.451 GC heap before
{Heap before GC invocations=6 (full 0):
 garbage-first heap   total 58368K, used 17670K [0x0000000082200000, 0x0000000100000000)
  region size 1024K, 5 young (5120K), 4 survivors (4096K)
 Metaspace       used 25719K, committed 26048K, reserved 1114112K
  class space    used 3418K, committed 3584K, reserved 1048576K
}
Event: 3.456 GC heap after
{Heap after GC invocations=7 (full 0):
 garbage-first heap   total 58368K, used 17917K [0x0000000082200000, 0x0000000100000000)
  region size 1024K, 1 young (1024K), 1 survivors (1024K)
 Metaspace       used 25719K, committed 26048K, reserved 1114112K
  class space    used 3418K, committed 3584K, reserved 1048576K
}
Event: 4.096 GC heap before
{Heap before GC invocations=7 (full 0):
 garbage-first heap   total 58368K, used 40445K [0x0000000082200000, 0x0000000100000000)
  region size 1024K, 24 young (24576K), 1 survivors (1024K)
 Metaspace       used 27722K, committed 28032K, reserved 1114112K
  class space    used 3680K, committed 3840K, reserved 1048576K
}
Event: 4.103 GC heap after
{Heap after GC invocations=8 (full 0):
 garbage-first heap   total 87040K, used 19599K [0x0000000082200000, 0x0000000100000000)
  region size 1024K, 3 young (3072K), 3 survivors (3072K)
 Metaspace       used 27722K, committed 28032K, reserved 1114112K
  class space    used 3680K, committed 3840K, reserved 1048576K
}

Dll operation events (9 events):
Event: 0.011 Loaded shared library C:\Program Files\Eclipse Adoptium\jdk-17.0.17.10-hotspot\bin\java.dll
Event: 0.031 Loaded shared library C:\Program Files\Eclipse Adoptium\jdk-17.0.17.10-hotspot\bin\jsvml.dll
Event: 0.071 Loaded shared library C:\Program Files\Eclipse Adoptium\jdk-17.0.17.10-hotspot\bin\net.dll
Event: 0.074 Loaded shared library C:\Program Files\Eclipse Adoptium\jdk-17.0.17.10-hotspot\bin\nio.dll
Event: 0.078 Loaded shared library C:\Program Files\Eclipse Adoptium\jdk-17.0.17.10-hotspot\bin\zip.dll
Event: 0.150 Loaded shared library C:\Program Files\Eclipse Adoptium\jdk-17.0.17.10-hotspot\bin\management.dll
Event: 0.155 Loaded shared library C:\Program Files\Eclipse Adoptium\jdk-17.0.17.10-hotspot\bin\management_ext.dll
Event: 0.178 Loaded shared library C:\Program Files\Eclipse Adoptium\jdk-17.0.17.10-hotspot\bin\jimage.dll
Event: 3.549 Loaded shared library C:\Program Files\Eclipse Adoptium\jdk-17.0.17.10-hotspot\bin\sunmscapi.dll

Deoptimization events (20 events):
Event: 4.896 Thread 0x000001b4870d91a0 Uncommon trap: trap_request=0xffffff45 fr.pc=0x000001b496923a04 relative=0x00000000000003e4
Event: 4.896 Thread 0x000001b4870d91a0 Uncommon trap: reason=unstable_if action=reinterpret pc=0x000001b496923a04 method=java.util.stream.StreamOpFlag.getMask(I)I @ 1 c2
Event: 4.896 Thread 0x000001b4870d91a0 DEOPT PACKING pc=0x000001b496923a04 sp=0x0000005af54fbd40
Event: 4.896 Thread 0x000001b4870d91a0 DEOPT UNPACKING pc=0x000001b4961d69a3 sp=0x0000005af54fbc30 mode 2
Event: 4.929 Thread 0x000001b4870d91a0 Uncommon trap: trap_request=0xffffff45 fr.pc=0x000001b4968f62a0 relative=0x0000000000000740
Event: 4.930 Thread 0x000001b4870d91a0 Uncommon trap: reason=unstable_if action=reinterpret pc=0x000001b4968f62a0 method=org.springframework.beans.factory.support.RootBeanDefinition.getTargetType()Ljava/lang/Class; @ 18 c2
Event: 4.930 Thread 0x000001b4870d91a0 DEOPT PACKING pc=0x000001b4968f62a0 sp=0x0000005af54fbc00
Event: 4.930 Thread 0x000001b4870d91a0 DEOPT UNPACKING pc=0x000001b4961d69a3 sp=0x0000005af54fba78 mode 2
Event: 4.930 Thread 0x000001b4870d91a0 Uncommon trap: trap_request=0xffffff45 fr.pc=0x000001b496905a44 relative=0x0000000000000564
Event: 4.930 Thread 0x000001b4870d91a0 Uncommon trap: reason=unstable_if action=reinterpret pc=0x000001b496905a44 method=org.springframework.beans.factory.support.RootBeanDefinition.getTargetType()Ljava/lang/Class; @ 18 c2
Event: 4.930 Thread 0x000001b4870d91a0 DEOPT PACKING pc=0x000001b496905a44 sp=0x0000005af54fbaf0
Event: 4.930 Thread 0x000001b4870d91a0 DEOPT UNPACKING pc=0x000001b4961d69a3 sp=0x0000005af54fb9c0 mode 2
Event: 4.931 Thread 0x000001b4870d91a0 Uncommon trap: trap_request=0xffffff45 fr.pc=0x000001b4969064bc relative=0x000000000000027c
Event: 4.931 Thread 0x000001b4870d91a0 Uncommon trap: reason=unstable_if action=reinterpret pc=0x000001b4969064bc method=org.springframework.beans.factory.support.RootBeanDefinition.getTargetType()Ljava/lang/Class; @ 18 c2
Event: 4.931 Thread 0x000001b4870d91a0 DEOPT PACKING pc=0x000001b4969064bc sp=0x0000005af54fba30
Event: 4.931 Thread 0x000001b4870d91a0 DEOPT UNPACKING pc=0x000001b4961d69a3 sp=0x0000005af54fb9b0 mode 2
Event: 4.931 Thread 0x000001b4870d91a0 Uncommon trap: trap_request=0xffffff45 fr.pc=0x000001b49692a0cc relative=0x0000000000002d4c
Event: 4.931 Thread 0x000001b4870d91a0 Uncommon trap: reason=unstable_if action=reinterpret pc=0x000001b49692a0cc method=org.springframework.beans.factory.support.AbstractBeanFactory.isTypeMatch(Ljava/lang/String;Lorg/springframework/core/ResolvableType;Z)Z @ 697 c2
Event: 4.931 Thread 0x000001b4870d91a0 DEOPT PACKING pc=0x000001b49692a0cc sp=0x0000005af54fbb80
Event: 4.931 Thread 0x000001b4870d91a0 DEOPT UNPACKING pc=0x000001b4961d69a3 sp=0x0000005af54fbbb8 mode 2

Classes loaded (20 events):
Event: 3.558 Loading class sun/security/provider/certpath/ldap/JdkLDAP
Event: 3.558 Loading class sun/security/provider/certpath/ldap/JdkLDAP done
Event: 3.559 Loading class sun/security/provider/certpath/ldap/JdkLDAP$ProviderService
Event: 3.560 Loading class sun/security/provider/certpath/ldap/JdkLDAP$ProviderService done
Event: 3.560 Loading class com/sun/security/sasl/Provider
Event: 3.560 Loading class com/sun/security/sasl/Provider done
Event: 3.561 Loading class com/sun/security/sasl/Provider$1
Event: 3.561 Loading class com/sun/security/sasl/Provider$1 done
Event: 3.561 Loading class com/sun/security/sasl/Provider$ProviderService
Event: 3.561 Loading class com/sun/security/sasl/Provider$ProviderService done
Event: 4.368 Loading class java/lang/UnsupportedClassVersionError
Event: 4.368 Loading class java/lang/ClassFormatError
Event: 4.369 Loading class java/lang/ClassFormatError done
Event: 4.369 Loading class java/lang/UnsupportedClassVersionError done
Event: 4.693 Loading class jdk/internal/access/foreign/MemorySegmentProxy
Event: 4.693 Loading class jdk/internal/access/foreign/MemorySegmentProxy done
Event: 4.895 Loading class java/util/stream/ReferencePipeline$15
Event: 4.895 Loading class java/util/stream/ReferencePipeline$15 done
Event: 4.899 Loading class java/util/stream/ReferencePipeline$15$1
Event: 4.899 Loading class java/util/stream/ReferencePipeline$15$1 done

Classes unloaded (0 events):
No events

Classes redefined (0 events):
No events

Internal exceptions (20 events):
Event: 1.932 Thread 0x000001b4870d91a0 Exception <a 'java/lang/NoSuchMethodError'{0x0000000089462258}: 'java.lang.Object java.lang.invoke.DirectMethodHandle$Holder.newInvokeSpecial(java.lang.Object, java.lang.Object, java.lang.Object, java.lang.Object, java.lang.Object, java.lang.Object, int)'> (0x0000000089462258) 
thrown [s\src\hotspot\share\interpreter\linkResolver.cpp, line 759]
Event: 1.933 Thread 0x000001b4870d91a0 Exception <a 'java/lang/NoSuchMethodError'{0x00000000894677e8}: 'java.lang.Object java.lang.invoke.DirectMethodHandle$Holder.invokeSpecial(java.lang.Object, java.lang.Object, java.lang.Object, java.lang.Object, java.lang.Object, java.lang.Object, java.lang.Object, int)'> (0x00000000894677e8) 
thrown [s\src\hotspot\share\interpreter\linkResolver.cpp, line 759]
Event: 1.991 Thread 0x000001b4870d91a0 Exception <a 'java/lang/NoSuchMethodError'{0x00000000893cfa68}: 'void java.lang.invoke.DirectMethodHandle$Holder.invokeStatic(java.lang.Object, java.lang.Object, java.lang.Object, java.lang.Object, java.lang.Object, java.lang.Object)'> (0x00000000893cfa68) 
thrown [s\src\hotspot\share\interpreter\linkResolver.cpp, line 759]
Event: 2.036 Thread 0x000001b4870d91a0 Exception <a 'java/lang/NoSuchMethodError'{0x00000000892c85f0}: 'java.lang.Object java.lang.invoke.DirectMethodHandle$Holder.invokeSpecial(java.lang.Object, java.lang.Object, java.lang.Object, int, java.lang.Object)'> (0x00000000892c85f0) 
thrown [s\src\hotspot\share\interpreter\linkResolver.cpp, line 759]
Event: 2.037 Thread 0x000001b4870d91a0 Exception <a 'java/lang/NoSuchMethodError'{0x00000000892d0c70}: 'java.lang.Object java.lang.invoke.DirectMethodHandle$Holder.newInvokeSpecial(java.lang.Object, java.lang.Object, java.lang.Object, int, java.lang.Object)'> (0x00000000892d0c70) 
thrown [s\src\hotspot\share\interpreter\linkResolver.cpp, line 759]
Event: 2.037 Thread 0x000001b4870d91a0 Exception <a 'java/lang/NoSuchMethodError'{0x00000000892d87c0}: 'java.lang.Object java.lang.invoke.Invokers$Holder.linkToTargetMethod(java.lang.Object, java.lang.Object, int, java.lang.Object, java.lang.Object)'> (0x00000000892d87c0) 
thrown [s\src\hotspot\share\interpreter\linkResolver.cpp, line 759]
Event: 2.038 Thread 0x000001b4870d91a0 Exception <a 'java/lang/NoSuchMethodError'{0x00000000892e8240}: 'java.lang.Object java.lang.invoke.DirectMethodHandle$Holder.newInvokeSpecial(java.lang.Object, int, java.lang.Object)'> (0x00000000892e8240) 
thrown [s\src\hotspot\share\interpreter\linkResolver.cpp, line 759]
Event: 2.077 Thread 0x000001b4870d91a0 Implicit null exception at 0x000001b4967ffeee to 0x000001b49680437c
Event: 2.168 Thread 0x000001b4870d91a0 Exception <a 'java/lang/NoSuchMethodError'{0x0000000088e10148}: 'java.lang.Object java.lang.invoke.DirectMethodHandle$Holder.invokeSpecial(java.lang.Object, java.lang.Object, long, java.lang.Object, java.lang.Object, java.lang.Object, java.lang.Object, java.lang.Object, java.lang.Object)'> (0x0000000088e10148) 
thrown [s\src\hotspot\share\interpreter\linkResolver.cpp, line 759]
Event: 2.168 Thread 0x000001b4870d91a0 Exception <a 'java/lang/NoSuchMethodError'{0x0000000088e151c0}: 'java.lang.Object java.lang.invoke.DelegatingMethodHandle$Holder.reinvoke_L(java.lang.Object, long, java.lang.Object, java.lang.Object, java.lang.Object, java.lang.Object, java.lang.Object, java.lang.Object)'> (0x0000000088e151c0) 
thrown [s\src\hotspot\share\interpreter\linkResolver.cpp, line 759]
Event: 2.243 Thread 0x000001b4870d91a0 Exception <a 'java/lang/NoSuchMethodError'{0x0000000088c4aae0}: 'void java.lang.invoke.DelegatingMethodHandle$Holder.delegate(java.lang.Object, java.lang.Object, int, java.lang.Object)'> (0x0000000088c4aae0) 
thrown [s\src\hotspot\share\interpreter\linkResolver.cpp, line 759]
Event: 2.259 Thread 0x000001b4870d91a0 Exception <a 'java/lang/IncompatibleClassChangeError'{0x0000000088be2e30}: Found class java.lang.Object, but interface was expected> (0x0000000088be2e30) 
thrown [s\src\hotspot\share\interpreter\linkResolver.cpp, line 826]
Event: 2.293 Thread 0x000001b4eda84e40 Exception <a 'java/lang/NoSuchMethodError'{0x000000008898dd08}: 'java.lang.Object java.lang.invoke.Invokers$Holder.invoke_MT(java.lang.Object, java.lang.Object, java.lang.Object)'> (0x000000008898dd08) 
thrown [s\src\hotspot\share\interpreter\linkResolver.cpp, line 759]
Event: 3.310 Thread 0x000001b4eda84e40 Exception <a 'java/lang/NoSuchMethodError'{0x0000000083d43d90}: 'long java.lang.invoke.DirectMethodHandle$Holder.invokeSpecial(java.lang.Object, java.lang.Object)'> (0x0000000083d43d90) 
thrown [s\src\hotspot\share\interpreter\linkResolver.cpp, line 759]
Event: 3.313 Thread 0x000001b4eda84e40 Exception <a 'java/lang/NoSuchMethodError'{0x0000000083d4e988}: 'long java.lang.invoke.DirectMethodHandle$Holder.invokeStatic(java.lang.Object, java.lang.Object)'> (0x0000000083d4e988) 
thrown [s\src\hotspot\share\interpreter\linkResolver.cpp, line 759]
Event: 3.313 Thread 0x000001b4eda84e40 Exception <a 'java/lang/NoSuchMethodError'{0x0000000083d51ce0}: 'long java.lang.invoke.DirectMethodHandle$Holder.invokeStaticInit(java.lang.Object, java.lang.Object)'> (0x0000000083d51ce0) 
thrown [s\src\hotspot\share\interpreter\linkResolver.cpp, line 759]
Event: 3.316 Thread 0x000001b4eda84e40 Exception <a 'java/lang/NoSuchMethodError'{0x0000000083d5f5a8}: 'long java.lang.invoke.DirectMethodHandle$Holder.invokeInterface(java.lang.Object, java.lang.Object)'> (0x0000000083d5f5a8) 
thrown [s\src\hotspot\share\interpreter\linkResolver.cpp, line 759]
Event: 3.316 Thread 0x000001b4eda84e40 Exception <a 'java/lang/IncompatibleClassChangeError'{0x0000000083d62890}: Found class java.lang.Object, but interface was expected> (0x0000000083d62890) 
thrown [s\src\hotspot\share\interpreter\linkResolver.cpp, line 826]
Event: 3.327 Thread 0x000001b4eda84e40 Exception <a 'java/lang/NoSuchMethodError'{0x0000000083c90f18}: 'java.lang.Object java.lang.invoke.DirectMethodHandle$Holder.invokeVirtual(java.lang.Object, java.lang.Object, java.lang.Object, java.lang.Object)'> (0x0000000083c90f18) 
thrown [s\src\hotspot\share\interpreter\linkResolver.cpp, line 759]
Event: 4.883 Thread 0x000001b4870d91a0 Exception <a 'java/lang/NoSuchMethodError'{0x0000000085e6c6d0}: 'java.lang.Object java.lang.invoke.DirectMethodHandle$Holder.invokeSpecialIFC(java.lang.Object, java.lang.Object, java.lang.Object)'> (0x0000000085e6c6d0) 
thrown [s\src\hotspot\share\interpreter\linkResolver.cpp, line 759]

VM Operations (20 events):
Event: 3.909 Executing VM operation: ICBufferFull
Event: 3.909 Executing VM operation: ICBufferFull done
Event: 3.941 Executing VM operation: HandshakeAllThreads
Event: 3.941 Executing VM operation: HandshakeAllThreads done
Event: 4.096 Executing VM operation: G1CollectForAllocation
Event: 4.103 Executing VM operation: G1CollectForAllocation done
Event: 4.765 Executing VM operation: ICBufferFull
Event: 4.765 Executing VM operation: ICBufferFull done
Event: 4.785 Executing VM operation: HandshakeAllThreads
Event: 4.785 Executing VM operation: HandshakeAllThreads done
Event: 4.797 Executing VM operation: HandshakeAllThreads
Event: 4.797 Executing VM operation: HandshakeAllThreads done
Event: 4.798 Executing VM operation: HandshakeAllThreads
Event: 4.798 Executing VM operation: HandshakeAllThreads done
Event: 4.807 Executing VM operation: HandshakeAllThreads
Event: 4.807 Executing VM operation: HandshakeAllThreads done
Event: 4.808 Executing VM operation: HandshakeAllThreads
Event: 4.808 Executing VM operation: HandshakeAllThreads done
Event: 4.910 Executing VM operation: HandshakeAllThreads
Event: 4.910 Executing VM operation: HandshakeAllThreads done

Memory protections (0 events):
No events

Nmethod flushes (0 events):
No events

Events (20 events):
Event: 0.031 Thread 0x000001b4870d91a0 Thread added: 0x000001b4870d91a0
Event: 0.034 Thread 0x000001b4870d91a0 Thread added: 0x000001b4a5484990
Event: 0.034 Thread 0x000001b4870d91a0 Thread added: 0x000001b4a5487fe0
Event: 0.043 Thread 0x000001b4870d91a0 Thread added: 0x000001b4a54a3cd0
Event: 0.043 Thread 0x000001b4870d91a0 Thread added: 0x000001b4a54a45a0
Event: 0.043 Thread 0x000001b4870d91a0 Thread added: 0x000001b4a54a59e0
Event: 0.043 Thread 0x000001b4870d91a0 Thread added: 0x000001b4a54a6e20
Event: 0.043 Thread 0x000001b4870d91a0 Thread added: 0x000001b4a54ab110
Event: 0.043 Thread 0x000001b4870d91a0 Thread added: 0x000001b4a54b9b60
Event: 0.044 Thread 0x000001b4870d91a0 Thread added: 0x000001b4a54ba470
Event: 0.066 Thread 0x000001b4870d91a0 Thread added: 0x000001b4a5739b50
Event: 0.068 Thread 0x000001b4870d91a0 Thread added: 0x000001b4a57402f0
Event: 0.212 Thread 0x000001b4a54b9b60 Thread added: 0x000001b4a5880d70
Event: 0.319 Thread 0x000001b4870d91a0 Thread added: 0x000001b4eb05bd70
Event: 0.332 Thread 0x000001b4870d91a0 Thread added: 0x000001b4eb078670
Event: 0.542 Thread 0x000001b4a54b9b60 Thread added: 0x000001b4eb3cc470
Event: 2.237 Thread 0x000001b4870d91a0 Thread added: 0x000001b4eda84e40
Event: 2.747 Thread 0x000001b4870d91a0 Thread added: 0x000001b4ecff0210
Event: 2.917 Thread 0x000001b4ecff0210 Thread exited: 0x000001b4ecff0210
Event: 3.568 Thread 0x000001b4eda84e40 Thread exited: 0x000001b4eda84e40


Dynamic libraries:
0x00007ff768960000 - 0x00007ff76896e000 	C:\Program Files\Eclipse Adoptium\jdk-17.0.17.10-hotspot\bin\java.exe
0x00007ffa35620000 - 0x00007ffa35886000 	C:\WINDOWS\SYSTEM32\ntdll.dll
0x00007ffa343d0000 - 0x00007ffa34499000 	C:\WINDOWS\System32\KERNEL32.DLL
0x00007ffa32c30000 - 0x00007ffa3302a000 	C:\WINDOWS\System32\KERNELBASE.dll
0x00007ffa331b0000 - 0x00007ffa332fc000 	C:\WINDOWS\System32\ucrtbase.dll
0x00007ffa03540000 - 0x00007ffa03558000 	C:\Program Files\Eclipse Adoptium\jdk-17.0.17.10-hotspot\bin\jli.dll
0x00007ffa03520000 - 0x00007ffa0353e000 	C:\Program Files\Eclipse Adoptium\jdk-17.0.17.10-hotspot\bin\VCRUNTIME140.dll
0x00007ffa34200000 - 0x00007ffa343c7000 	C:\WINDOWS\System32\USER32.dll
0x00007ffa32c00000 - 0x00007ffa32c27000 	C:\WINDOWS\System32\win32u.dll
0x00007ffa186c0000 - 0x00007ffa18952000 	C:\WINDOWS\WinSxS\amd64_microsoft.windows.common-controls_6595b64144ccf1df_6.0.26100.8521_none_3e08b75ce33403b3\COMCTL32.dll
0x00007ffa33530000 - 0x00007ffa3355b000 	C:\WINDOWS\System32\GDI32.dll
0x00007ffa33470000 - 0x00007ffa33519000 	C:\WINDOWS\System32\msvcrt.dll
0x00007ffa32a20000 - 0x00007ffa32b4b000 	C:\WINDOWS\System32\gdi32full.dll
0x00007ffa328b0000 - 0x00007ffa32953000 	C:\WINDOWS\System32\msvcp_win.dll
0x00007ffa33d90000 - 0x00007ffa33dc2000 	C:\WINDOWS\System32\IMM32.DLL
0x00007ffa2acc0000 - 0x00007ffa2accc000 	C:\Program Files\Eclipse Adoptium\jdk-17.0.17.10-hotspot\bin\vcruntime140_1.dll
0x00007ff9faae0000 - 0x00007ff9fab6d000 	C:\Program Files\Eclipse Adoptium\jdk-17.0.17.10-hotspot\bin\msvcp140.dll
0x00007ff939f50000 - 0x00007ff93abbb000 	C:\Program Files\Eclipse Adoptium\jdk-17.0.17.10-hotspot\bin\server\jvm.dll
0x00007ffa33f60000 - 0x00007ffa34016000 	C:\WINDOWS\System32\ADVAPI32.dll
0x00007ffa344e0000 - 0x00007ffa3458a000 	C:\WINDOWS\System32\sechost.dll
0x00007ffa34590000 - 0x00007ffa346a8000 	C:\WINDOWS\System32\RPCRT4.dll
0x00007ffa34a40000 - 0x00007ffa34ac0000 	C:\WINDOWS\System32\WS2_32.dll
0x00007ffa32710000 - 0x00007ffa3276e000 	C:\WINDOWS\SYSTEM32\POWRPROF.dll
0x00007ffa28120000 - 0x00007ffa2812b000 	C:\WINDOWS\SYSTEM32\VERSION.dll
0x00007ffa1ece0000 - 0x00007ffa1ed16000 	C:\WINDOWS\SYSTEM32\WINMM.dll
0x00007ffa326f0000 - 0x00007ffa32704000 	C:\WINDOWS\SYSTEM32\UMPDC.dll
0x00007ffa31600000 - 0x00007ffa3161b000 	C:\WINDOWS\SYSTEM32\kernel.appcore.dll
0x00007ffa2a550000 - 0x00007ffa2a55a000 	C:\Program Files\Eclipse Adoptium\jdk-17.0.17.10-hotspot\bin\jimage.dll
0x00007ffa30120000 - 0x00007ffa30362000 	C:\WINDOWS\SYSTEM32\DBGHELP.DLL
0x00007ffa346b0000 - 0x00007ffa34a33000 	C:\WINDOWS\System32\combase.dll
0x00007ffa33390000 - 0x00007ffa33469000 	C:\WINDOWS\System32\OLEAUT32.dll
0x00007ffa176e0000 - 0x00007ffa1771b000 	C:\WINDOWS\SYSTEM32\dbgcore.DLL
0x00007ffa32b50000 - 0x00007ffa32bf8000 	C:\WINDOWS\System32\bcryptPrimitives.dll
0x00007ffa03220000 - 0x00007ffa03245000 	C:\Program Files\Eclipse Adoptium\jdk-17.0.17.10-hotspot\bin\java.dll
0x00007ff9ae6c0000 - 0x00007ff9ae797000 	C:\Program Files\Eclipse Adoptium\jdk-17.0.17.10-hotspot\bin\jsvml.dll
0x00007ffa33600000 - 0x00007ffa33d84000 	C:\WINDOWS\System32\SHELL32.dll
0x00007ffa30450000 - 0x00007ffa30cd0000 	C:\WINDOWS\SYSTEM32\windows.storage.dll
0x00007ffa33e60000 - 0x00007ffa33f56000 	C:\WINDOWS\System32\SHCORE.dll
0x00007ffa34fc0000 - 0x00007ffa35027000 	C:\WINDOWS\System32\shlwapi.dll
0x00007ffa327d0000 - 0x00007ffa327f9000 	C:\WINDOWS\SYSTEM32\profapi.dll
0x00007ffa03500000 - 0x00007ffa0351a000 	C:\Program Files\Eclipse Adoptium\jdk-17.0.17.10-hotspot\bin\net.dll
0x00007ffa2a250000 - 0x00007ffa2a379000 	C:\WINDOWS\SYSTEM32\WINHTTP.dll
0x00007ffa31b50000 - 0x00007ffa31bbc000 	C:\WINDOWS\system32\mswsock.dll
0x00007ffa023e0000 - 0x00007ffa023f6000 	C:\Program Files\Eclipse Adoptium\jdk-17.0.17.10-hotspot\bin\nio.dll
0x00007ff9fedb0000 - 0x00007ff9fedc8000 	C:\Program Files\Eclipse Adoptium\jdk-17.0.17.10-hotspot\bin\zip.dll
0x00007ffa15c70000 - 0x00007ffa15c7a000 	C:\Program Files\Eclipse Adoptium\jdk-17.0.17.10-hotspot\bin\management.dll
0x00007ffa15c20000 - 0x00007ffa15c2c000 	C:\Program Files\Eclipse Adoptium\jdk-17.0.17.10-hotspot\bin\management_ext.dll
0x00007ffa344d0000 - 0x00007ffa344d8000 	C:\WINDOWS\System32\PSAPI.DLL
0x00007ffa02ee0000 - 0x00007ffa02eee000 	C:\Program Files\Eclipse Adoptium\jdk-17.0.17.10-hotspot\bin\sunmscapi.dll
0x00007ffa33030000 - 0x00007ffa331a8000 	C:\WINDOWS\System32\CRYPT32.dll
0x00007ffa320b0000 - 0x00007ffa320e0000 	C:\WINDOWS\SYSTEM32\ncrypt.dll
0x00007ffa32060000 - 0x00007ffa3209f000 	C:\WINDOWS\SYSTEM32\NTASN1.dll

dbghelp: loaded successfully - version: 4.0.5 - missing functions: none
symbol engine: initialized successfully - sym options: 0x614 - pdb path: .;C:\Program Files\Eclipse Adoptium\jdk-17.0.17.10-hotspot\bin;C:\WINDOWS\SYSTEM32;C:\WINDOWS\WinSxS\amd64_microsoft.windows.common-controls_6595b64144ccf1df_6.0.26100.8521_none_3e08b75ce33403b3;C:\Program Files\Eclipse Adoptium\jdk-17.0.17.10-hotspot\bin\server

VM Arguments:
java_command: C:\Users\patri\AppData\Local\Temp\surefire4427957265840763001\surefirebooter-20260710180150711_3.jar C:\Users\patri\AppData\Local\Temp\surefire4427957265840763001 2026-07-10T18-01-50_380-jvmRun1 surefire-20260710180150711_1tmp surefire_0-20260710180150711_2tmp
java_class_path (initial): C:\Users\patri\AppData\Local\Temp\surefire4427957265840763001\surefirebooter-20260710180150711_3.jar
Launcher Type: SUN_STANDARD

[Global flags]
     intx CICompilerCount                          = 4                                         {product} {ergonomic}
     uint ConcGCThreads                            = 2                                         {product} {ergonomic}
     uint G1ConcRefinementThreads                  = 8                                         {product} {ergonomic}
   size_t G1HeapRegionSize                         = 1048576                                   {product} {ergonomic}
    uintx GCDrainStackTargetSize                   = 64                                        {product} {ergonomic}
   size_t InitialHeapSize                          = 132120576                                 {product} {ergonomic}
   size_t MarkStackSize                            = 4194304                                   {product} {ergonomic}
   size_t MaxHeapSize                              = 2111832064                                {product} {ergonomic}
   size_t MaxNewSize                               = 1266679808                                {product} {ergonomic}
   size_t MinHeapDeltaBytes                        = 1048576                                   {product} {ergonomic}
   size_t MinHeapSize                              = 8388608                                   {product} {ergonomic}
    uintx NonNMethodCodeHeapSize                   = 5839372                                {pd product} {ergonomic}
    uintx NonProfiledCodeHeapSize                  = 122909434                              {pd product} {ergonomic}
    uintx ProfiledCodeHeapSize                     = 122909434                              {pd product} {ergonomic}
    uintx ReservedCodeCacheSize                    = 251658240                              {pd product} {ergonomic}
     bool SegmentedCodeCache                       = true                                      {product} {ergonomic}
   size_t SoftMaxHeapSize                          = 2111832064                             {manageable} {ergonomic}
     bool UseCompressedClassPointers               = true                           {product lp64_product} {ergonomic}
     bool UseCompressedOops                        = true                           {product lp64_product} {ergonomic}
     bool UseG1GC                                  = true                                      {product} {ergonomic}
     bool UseLargePagesIndividualAllocation        = false                                  {pd product} {ergonomic}

Logging:
Log output configuration:
 #0: stdout all=warning uptime,level,tags
 #1: stderr all=off uptime,level,tags

Environment Variables:
PATH=C:\Program Files\Eclipse Adoptium\jdk-17.0.17.10-hotspot\bin;C:\Program Files\Common Files\Siemens\Automation\Simatic OAM\bin;C:\Program Files\Common Files\Oracle\Java\javapath;C:\WINDOWS\system32;C:\WINDOWS;C:\WINDOWS\System32\Wbem;C:\WINDOWS\System32\WindowsPowerShell\v1.0\;C:\WINDOWS\System32\OpenSSH\;C:\Program Files (x86)\NVIDIA Corporation\PhysX\Common;C:\Program Files\dotnet\;C:\Program Files (x86)\IVI Foundation\VISA\WinNT\Bin\;C:\Program Files\IVI Foundation\VISA\Win64\Bin\;C:\Program Files (x86)\IVI Foundation\IVI\bin;C:\Program Files\IVI Foundation\IVI\bin;C:\Program Files (x86)\IVI Foundation\VISA\WinNT\Bin;C:\Program Files\NVIDIA Corporation\NVIDIA app\NvDLISR;C:\Program Files\MATLAB\R2024b\bin;C:\Program Files\Git\cmd;C:\Program Files\Docker\Docker\resources\bin;C:\Program Files\nodejs\;C:\ProgramData\chocolatey\bin;C:\ProgramData\chocolatey\lib\maven\apache-maven-3.9.16\bin;C:\Program Files\Amazon\AWSCLIV2\;C:\Users\patri\AppData\Local\Programs\Python\Python313\Scripts\;C:\Users\patri\AppData\Local\Programs\Python\Python313\;C:\Users\patri\AppData\Local\Microsoft\WindowsApps;C:\Users\patri\AppData\Local\Programs\Microsoft VS Code\bin;C:\Users\patri\AppData\Roaming\npm;C:\Users\patri\AppData\Local\GitHubDesktop\bin
USERNAME=patri
OS=Windows_NT
PROCESSOR_IDENTIFIER=Intel64 Family 6 Model 158 Stepping 10, GenuineIntel
TMP=C:\Users\patri\AppData\Local\Temp
TEMP=C:\Users\patri\AppData\Local\Temp



Periodic native trim disabled


---------------  S Y S T E M  ---------------

OS:
 Windows 11 , 64 bit Build 26100 (10.0.26100.8521)
OS uptime: 0 days 10:33 hours
Hyper-V role detected

CPU: total 8 (initial active 8) (4 cores per cpu, 2 threads per core) family 6 model 158 stepping 10 microcode 0xde, cx8, cmov, fxsr, ht, mmx, 3dnowpref, sse, sse2, sse3, ssse3, sse4.1, sse4.2, popcnt, lzcnt, tsc, tscinvbit, avx, avx2, aes, erms, clmul, bmi1, bmi2, adx, fma, vzeroupper, clflush, clflushopt, hv
Processor Information for all 8 processors :
  Max Mhz: 2301, Current Mhz: 2300, Mhz Limit: 2277

Memory: 4k page, system-wide physical 8048M (1123M free)
TotalPageFile size 17639M (AvailPageFile size 27M)
current process WorkingSet (physical memory assigned to process): 214M, peak: 221M
current process commit charge ("private bytes"): 265M, peak: 293M

vm_info: OpenJDK 64-Bit Server VM (17.0.17+10) for windows-amd64 JRE (17.0.17+10), built on Oct 21 2025 23:25:32 by "admin" with unknown MS VC++:1942

END.
